<?xml version="1.0" encoding="UTF-8"?>
<coverage generated="1778543082973" clover="3.2.0">
  <project timestamp="1778543082973" name="All files">
    <metrics statements="1541" coveredstatements="1180" conditionals="1274" coveredconditionals="896" methods="593" coveredmethods="473" elements="3408" coveredelements="2549" complexity="0" loc="1541" ncloc="1541" packages="6" files="26" classes="26"/>
    <package name="src">
      <metrics statements="486" coveredstatements="418" conditionals="247" coveredconditionals="172" methods="314" coveredmethods="273"/>
      <file name="api.ts" path="/home/zhey/sync/myrepo/ferrisscope/ui/src/api.ts">
        <metrics statements="187" coveredstatements="147" conditionals="22" coveredconditionals="14" methods="167" coveredmethods="140"/>
        <line num="108" count="7" type="stmt"/>
        <line num="109" count="1" type="stmt"/>
        <line num="110" count="1" type="stmt"/>
        <line num="111" count="1" type="stmt"/>
        <line num="112" count="1" type="stmt"/>
        <line num="113" count="1" type="stmt"/>
        <line num="114" count="1" type="stmt"/>
        <line num="116" count="1" type="stmt"/>
        <line num="117" count="1" type="stmt"/>
        <line num="119" count="1" type="stmt"/>
        <line num="122" count="1" type="stmt"/>
        <line num="125" count="1" type="stmt"/>
        <line num="130" count="2" type="cond" truecount="1" falsecount="0"/>
        <line num="137" count="1" type="stmt"/>
        <line num="142" count="1" type="stmt"/>
        <line num="148" count="1" type="stmt"/>
        <line num="153" count="1" type="stmt"/>
        <line num="159" count="1" type="stmt"/>
        <line num="167" count="1" type="stmt"/>
        <line num="169" count="1" type="stmt"/>
        <line num="175" count="1" type="stmt"/>
        <line num="181" count="1" type="stmt"/>
        <line num="187" count="1" type="stmt"/>
        <line num="193" count="1" type="stmt"/>
        <line num="195" count="1" type="stmt"/>
        <line num="201" count="1" type="stmt"/>
        <line num="203" count="1" type="stmt"/>
        <line num="205" count="1" type="stmt"/>
        <line num="207" count="1" type="stmt"/>
        <line num="213" count="1" type="stmt"/>
        <line num="222" count="1" type="stmt"/>
        <line num="229" count="1" type="stmt"/>
        <line num="235" count="1" type="stmt"/>
        <line num="243" count="1" type="stmt"/>
        <line num="250" count="1" type="stmt"/>
        <line num="256" count="1" type="stmt"/>
        <line num="264" count="1" type="stmt"/>
        <line num="271" count="1" type="stmt"/>
        <line num="278" count="1" type="stmt"/>
        <line num="286" count="1" type="stmt"/>
        <line num="302" count="2" type="stmt"/>
        <line num="312" count="1" type="stmt"/>
        <line num="317" count="0" type="stmt"/>
        <line num="332" count="1" type="stmt"/>
        <line num="346" count="1" type="stmt"/>
        <line num="353" count="1" type="stmt"/>
        <line num="362" count="1" type="stmt"/>
        <line num="369" count="1" type="stmt"/>
        <line num="374" count="1" type="stmt"/>
        <line num="379" count="1" type="stmt"/>
        <line num="388" count="1" type="stmt"/>
        <line num="399" count="1" type="stmt"/>
        <line num="406" count="1" type="stmt"/>
        <line num="411" count="1" type="stmt"/>
        <line num="418" count="1" type="stmt"/>
        <line num="423" count="1" type="stmt"/>
        <line num="431" count="1" type="stmt"/>
        <line num="440" count="1" type="stmt"/>
        <line num="447" count="1" type="stmt"/>
        <line num="455" count="1" type="stmt"/>
        <line num="461" count="1" type="stmt"/>
        <line num="467" count="1" type="stmt"/>
        <line num="472" count="1" type="stmt"/>
        <line num="485" count="1" type="stmt"/>
        <line num="501" count="3" type="stmt"/>
        <line num="522" count="7" type="stmt"/>
        <line num="535" count="2" type="stmt"/>
        <line num="541" count="1" type="stmt"/>
        <line num="545" count="1" type="stmt"/>
        <line num="550" count="1" type="stmt"/>
        <line num="556" count="1" type="stmt"/>
        <line num="567" count="1" type="stmt"/>
        <line num="584" count="0" type="stmt"/>
        <line num="585" count="0" type="stmt"/>
        <line num="586" count="0" type="stmt"/>
        <line num="593" count="0" type="stmt"/>
        <line num="599" count="0" type="stmt"/>
        <line num="603" count="0" type="stmt"/>
        <line num="609" count="9" type="stmt"/>
        <line num="611" count="9" type="stmt"/>
        <line num="616" count="1" type="stmt"/>
        <line num="618" count="2" type="cond" truecount="1" falsecount="0"/>
        <line num="623" count="1" type="stmt"/>
        <line num="625" count="1" type="stmt"/>
        <line num="627" count="0" type="stmt"/>
        <line num="629" count="0" type="stmt"/>
        <line num="631" count="0" type="stmt"/>
        <line num="633" count="1" type="stmt"/>
        <line num="637" count="2" type="stmt"/>
        <line num="650" count="1" type="stmt"/>
        <line num="655" count="1" type="stmt"/>
        <line num="657" count="1" type="stmt"/>
        <line num="659" count="1" type="stmt"/>
        <line num="664" count="1" type="stmt"/>
        <line num="665" count="1" type="stmt"/>
        <line num="671" count="1" type="stmt"/>
        <line num="672" count="1" type="stmt"/>
        <line num="686" count="1" type="stmt"/>
        <line num="695" count="1" type="stmt"/>
        <line num="696" count="1" type="stmt"/>
        <line num="698" count="1" type="stmt"/>
        <line num="707" count="1" type="stmt"/>
        <line num="735" count="0" type="stmt"/>
        <line num="736" count="0" type="stmt"/>
        <line num="737" count="0" type="cond" truecount="0" falsecount="2"/>
        <line num="738" count="0" type="stmt"/>
        <line num="740" count="0" type="stmt"/>
        <line num="745" count="0" type="stmt"/>
        <line num="748" count="0" type="stmt"/>
        <line num="764" count="0" type="stmt"/>
        <line num="765" count="0" type="stmt"/>
        <line num="766" count="0" type="cond" truecount="0" falsecount="2"/>
        <line num="767" count="0" type="stmt"/>
        <line num="769" count="0" type="stmt"/>
        <line num="777" count="0" type="stmt"/>
        <line num="780" count="0" type="stmt"/>
        <line num="798" count="0" type="stmt"/>
        <line num="799" count="0" type="stmt"/>
        <line num="800" count="0" type="cond" truecount="0" falsecount="2"/>
        <line num="801" count="0" type="stmt"/>
        <line num="803" count="0" type="stmt"/>
        <line num="817" count="0" type="stmt"/>
        <line num="820" count="0" type="stmt"/>
        <line num="825" count="0" type="stmt"/>
        <line num="827" count="0" type="stmt"/>
        <line num="829" count="0" type="stmt"/>
        <line num="835" count="0" type="stmt"/>
        <line num="843" count="1" type="stmt"/>
        <line num="848" count="1" type="stmt"/>
        <line num="850" count="1" type="stmt"/>
        <line num="854" count="1" type="stmt"/>
        <line num="856" count="1" type="stmt"/>
        <line num="863" count="1" type="stmt"/>
        <line num="878" count="1" type="stmt"/>
        <line num="879" count="1" type="stmt"/>
        <line num="883" count="1" type="stmt"/>
        <line num="885" count="1" type="stmt"/>
        <line num="890" count="1" type="stmt"/>
        <line num="892" count="1" type="stmt"/>
        <line num="893" count="1" type="stmt"/>
        <line num="895" count="1" type="stmt"/>
        <line num="899" count="2" type="stmt"/>
        <line num="904" count="1" type="stmt"/>
        <line num="906" count="2" type="stmt"/>
        <line num="908" count="1" type="stmt"/>
        <line num="910" count="1" type="stmt"/>
        <line num="912" count="1" type="stmt"/>
        <line num="931" count="0" type="stmt"/>
        <line num="932" count="0" type="stmt"/>
        <line num="933" count="0" type="stmt"/>
        <line num="937" count="0" type="stmt"/>
        <line num="946" count="0" type="stmt"/>
        <line num="950" count="1" type="stmt"/>
        <line num="952" count="1" type="stmt"/>
        <line num="954" count="1" type="stmt"/>
        <line num="956" count="1" type="stmt"/>
        <line num="958" count="1" type="stmt"/>
        <line num="963" count="1" type="stmt"/>
        <line num="965" count="1" type="stmt"/>
        <line num="967" count="1" type="stmt"/>
        <line num="971" count="1" type="stmt"/>
        <line num="978" count="1" type="stmt"/>
        <line num="979" count="1" type="stmt"/>
        <line num="981" count="1" type="stmt"/>
        <line num="989" count="21" type="stmt"/>
        <line num="990" count="21" type="stmt"/>
        <line num="991" count="105" type="stmt"/>
        <line num="992" count="105" type="cond" truecount="2" falsecount="0"/>
        <line num="994" count="21" type="stmt"/>
        <line num="1002" count="5" type="stmt"/>
        <line num="1006" count="5" type="stmt"/>
        <line num="1007" count="2" type="stmt"/>
        <line num="1008" count="2" type="cond" truecount="2" falsecount="0"/>
        <line num="1009" count="3" type="stmt"/>
        <line num="1011" count="1" type="stmt"/>
        <line num="1020" count="9" type="stmt"/>
        <line num="1021" count="9" type="stmt"/>
        <line num="1032" count="1" type="stmt"/>
        <line num="1033" count="1" type="stmt"/>
        <line num="1045" count="1" type="stmt"/>
        <line num="1046" count="1" type="stmt"/>
        <line num="1052" count="3" type="stmt"/>
        <line num="1063" count="1" type="stmt"/>
        <line num="1064" count="1" type="stmt"/>
        <line num="1076" count="1" type="stmt"/>
        <line num="1077" count="1" type="stmt"/>
        <line num="1088" count="1" type="stmt"/>
      </file>
      <file name="store.ts" path="/home/zhey/sync/myrepo/ferrisscope/ui/src/store.ts">
        <metrics statements="191" coveredstatements="169" conditionals="145" coveredconditionals="95" methods="131" coveredmethods="118"/>
        <line num="39" count="12" type="stmt"/>
        <line num="40" count="24" type="cond" truecount="4" falsecount="0"/>
        <line num="41" count="36" type="stmt"/>
        <line num="42" count="36" type="stmt"/>
        <line num="43" count="12" type="stmt"/>
        <line num="44" count="32" type="stmt"/>
        <line num="45" count="32" type="stmt"/>
        <line num="46" count="32" type="cond" truecount="3" falsecount="1"/>
        <line num="47" count="32" type="cond" truecount="3" falsecount="1"/>
        <line num="48" count="32" type="cond" truecount="2" falsecount="0"/>
        <line num="49" count="24" type="cond" truecount="2" falsecount="0"/>
        <line num="51" count="3" type="stmt"/>
        <line num="61" count="6" type="stmt"/>
        <line num="62" count="6" type="stmt"/>
        <line num="63" count="6" type="stmt"/>
        <line num="64" count="6" type="cond" truecount="4" falsecount="0"/>
        <line num="65" count="4" type="cond" truecount="2" falsecount="0"/>
        <line num="66" count="3" type="stmt"/>
        <line num="135" count="12" type="stmt"/>
        <line num="403" count="12" type="stmt"/>
        <line num="479" count="1" type="stmt"/>
        <line num="481" count="2" type="stmt"/>
        <line num="486" count="2" type="cond" truecount="4" falsecount="0"/>
        <line num="491" count="1" type="stmt"/>
        <line num="493" count="1" type="stmt"/>
        <line num="510" count="1" type="stmt"/>
        <line num="512" count="3" type="stmt"/>
        <line num="517" count="4" type="cond" truecount="4" falsecount="0"/>
        <line num="521" count="1" type="stmt"/>
        <line num="523" count="0" type="stmt"/>
        <line num="539" count="2" type="cond" truecount="2" falsecount="0"/>
        <line num="541" count="7" type="stmt"/>
        <line num="542" count="7" type="stmt"/>
        <line num="543" count="7" type="stmt"/>
        <line num="550" count="7" type="stmt"/>
        <line num="552" count="7" type="stmt"/>
        <line num="553" count="7" type="stmt"/>
        <line num="569" count="2" type="stmt"/>
        <line num="570" count="2" type="stmt"/>
        <line num="574" count="5" type="cond" truecount="2" falsecount="0"/>
        <line num="575" count="1" type="stmt"/>
        <line num="578" count="4" type="stmt"/>
        <line num="579" count="4" type="cond" truecount="2" falsecount="0"/>
        <line num="580" count="3" type="cond" truecount="2" falsecount="0"/>
        <line num="581" count="4" type="stmt"/>
        <line num="583" count="0" type="stmt"/>
        <line num="588" count="3" type="stmt"/>
        <line num="598" count="0" type="stmt"/>
        <line num="603" count="1" type="stmt"/>
        <line num="604" count="1" type="stmt"/>
        <line num="605" count="1" type="stmt"/>
        <line num="606" count="1" type="stmt"/>
        <line num="607" count="2" type="stmt"/>
        <line num="608" count="1" type="stmt"/>
        <line num="609" count="1" type="stmt"/>
        <line num="610" count="1" type="stmt"/>
        <line num="611" count="1" type="stmt"/>
        <line num="613" count="3" type="stmt"/>
        <line num="630" count="1" type="stmt"/>
        <line num="632" count="1" type="stmt"/>
        <line num="633" count="1" type="cond" truecount="1" falsecount="1"/>
        <line num="634" count="1" type="stmt"/>
        <line num="636" count="1" type="stmt"/>
        <line num="639" count="9" type="stmt"/>
        <line num="640" count="9" type="cond" truecount="1" falsecount="1"/>
        <line num="641" count="9" type="stmt"/>
        <line num="651" count="4" type="stmt"/>
        <line num="652" count="7" type="stmt"/>
        <line num="653" count="4" type="cond" truecount="1" falsecount="1"/>
        <line num="654" count="8" type="stmt"/>
        <line num="657" count="4" type="stmt"/>
        <line num="659" count="4" type="cond" truecount="1" falsecount="1"/>
        <line num="660" count="4" type="stmt"/>
        <line num="661" count="4" type="stmt"/>
        <line num="672" count="1" type="stmt"/>
        <line num="678" count="1" type="stmt"/>
        <line num="679" count="2" type="cond" truecount="1" falsecount="1"/>
        <line num="680" count="1" type="stmt"/>
        <line num="681" count="1" type="stmt"/>
        <line num="687" count="0" type="stmt"/>
        <line num="689" count="1" type="stmt"/>
        <line num="691" count="1" type="stmt"/>
        <line num="693" count="1" type="stmt"/>
        <line num="695" count="1" type="cond" truecount="1" falsecount="1"/>
        <line num="699" count="0" type="stmt"/>
        <line num="700" count="0" type="cond" truecount="0" falsecount="2"/>
        <line num="703" count="0" type="stmt"/>
        <line num="705" count="4" type="stmt"/>
        <line num="706" count="4" type="stmt"/>
        <line num="707" count="4" type="cond" truecount="2" falsecount="0"/>
        <line num="708" count="3" type="stmt"/>
        <line num="709" count="4" type="stmt"/>
        <line num="712" count="1" type="stmt"/>
        <line num="716" count="3" type="stmt"/>
        <line num="719" count="1" type="stmt"/>
        <line num="724" count="1" type="stmt"/>
        <line num="725" count="1" type="stmt"/>
        <line num="726" count="1" type="stmt"/>
        <line num="727" count="1" type="stmt"/>
        <line num="731" count="3" type="stmt"/>
        <line num="732" count="5" type="stmt"/>
        <line num="735" count="2" type="stmt"/>
        <line num="740" count="3" type="stmt"/>
        <line num="741" count="3" type="stmt"/>
        <line num="742" count="3" type="cond" truecount="2" falsecount="0"/>
        <line num="743" count="1" type="cond" truecount="1" falsecount="1"/>
        <line num="744" count="1" type="stmt"/>
        <line num="746" count="2" type="cond" truecount="2" falsecount="0"/>
        <line num="747" count="1" type="stmt"/>
        <line num="748" count="1" type="stmt"/>
        <line num="749" count="1" type="stmt"/>
        <line num="751" count="1" type="stmt"/>
        <line num="756" count="1" type="stmt"/>
        <line num="757" count="1" type="stmt"/>
        <line num="758" count="1" type="stmt"/>
        <line num="759" count="1" type="stmt"/>
        <line num="761" count="1" type="stmt"/>
        <line num="762" count="1" type="stmt"/>
        <line num="764" count="1" type="stmt"/>
        <line num="767" count="0" type="stmt"/>
        <line num="772" count="0" type="stmt"/>
        <line num="780" count="0" type="cond" truecount="0" falsecount="2"/>
        <line num="781" count="0" type="stmt"/>
        <line num="782" count="0" type="stmt"/>
        <line num="783" count="0" type="stmt"/>
        <line num="784" count="0" type="stmt"/>
        <line num="786" count="0" type="cond" truecount="0" falsecount="2"/>
        <line num="787" count="0" type="cond" truecount="0" falsecount="2"/>
        <line num="788" count="0" type="cond" truecount="0" falsecount="2"/>
        <line num="789" count="0" type="stmt"/>
        <line num="790" count="0" type="stmt"/>
        <line num="795" count="0" type="stmt"/>
        <line num="844" count="2" type="stmt"/>
        <line num="845" count="2" type="stmt"/>
        <line num="846" count="2" type="stmt"/>
        <line num="847" count="2" type="cond" truecount="4" falsecount="0"/>
        <line num="848" count="1" type="stmt"/>
        <line num="850" count="1" type="stmt"/>
        <line num="852" count="2" type="stmt"/>
        <line num="855" count="4" type="stmt"/>
        <line num="857" count="5" type="stmt"/>
        <line num="858" count="5" type="stmt"/>
        <line num="859" count="5" type="cond" truecount="2" falsecount="0"/>
        <line num="860" count="5" type="stmt"/>
        <line num="864" count="65" type="stmt"/>
        <line num="865" count="65" type="stmt"/>
        <line num="872" count="65" type="stmt"/>
        <line num="875" count="65" type="cond" truecount="2" falsecount="0"/>
        <line num="878" count="65" type="stmt"/>
        <line num="884" count="3" type="stmt"/>
        <line num="887" count="1" type="stmt"/>
        <line num="888" count="1" type="stmt"/>
        <line num="890" count="1" type="stmt"/>
        <line num="893" count="12" type="stmt"/>
        <line num="894" count="12" type="stmt"/>
        <line num="896" count="12" type="stmt"/>
        <line num="897" count="12" type="stmt"/>
        <line num="899" count="12" type="cond" truecount="4" falsecount="0"/>
        <line num="903" count="12" type="cond" truecount="2" falsecount="0"/>
        <line num="904" count="12" type="stmt"/>
        <line num="915" count="2" type="stmt"/>
        <line num="916" count="2" type="stmt"/>
        <line num="917" count="2" type="stmt"/>
        <line num="918" count="2" type="stmt"/>
        <line num="919" count="2" type="cond" truecount="2" falsecount="0"/>
        <line num="925" count="1" type="stmt"/>
        <line num="927" count="1" type="stmt"/>
        <line num="928" count="1" type="stmt"/>
        <line num="934" count="3" type="stmt"/>
        <line num="935" count="3" type="cond" truecount="2" falsecount="0"/>
        <line num="936" count="2" type="stmt"/>
        <line num="937" count="2" type="stmt"/>
        <line num="938" count="2" type="stmt"/>
        <line num="946" count="4" type="stmt"/>
        <line num="947" count="4" type="cond" truecount="2" falsecount="0"/>
        <line num="948" count="2" type="stmt"/>
        <line num="949" count="2" type="stmt"/>
        <line num="950" count="2" type="stmt"/>
        <line num="958" count="1" type="stmt"/>
        <line num="959" count="1" type="stmt"/>
        <line num="962" count="1" type="stmt"/>
        <line num="964" count="2" type="stmt"/>
        <line num="968" count="2" type="stmt"/>
        <line num="975" count="1" type="stmt"/>
        <line num="979" count="0" type="stmt"/>
        <line num="981" count="0" type="stmt"/>
        <line num="990" count="180" type="stmt"/>
        <line num="991" count="180" type="stmt"/>
        <line num="992" count="180" type="stmt"/>
        <line num="993" count="180" type="stmt"/>
        <line num="994" count="60" type="stmt"/>
      </file>
      <file name="theme.ts" path="/home/zhey/sync/myrepo/ferrisscope/ui/src/theme.ts">
        <metrics statements="108" coveredstatements="102" conditionals="80" coveredconditionals="63" methods="16" coveredmethods="15"/>
        <line num="14" count="13" type="stmt"/>
        <line num="16" count="13" type="stmt"/>
        <line num="24" count="13" type="stmt"/>
        <line num="25" count="13" type="stmt"/>
        <line num="35" count="13" type="stmt"/>
        <line num="36" count="13" type="stmt"/>
        <line num="37" count="13" type="stmt"/>
        <line num="38" count="13" type="stmt"/>
        <line num="39" count="13" type="stmt"/>
        <line num="46" count="13" type="stmt"/>
        <line num="47" count="13" type="stmt"/>
        <line num="48" count="13" type="stmt"/>
        <line num="57" count="13" type="stmt"/>
        <line num="58" count="13" type="stmt"/>
        <line num="59" count="13" type="stmt"/>
        <line num="60" count="13" type="stmt"/>
        <line num="63" count="12" type="cond" truecount="2" falsecount="0"/>
        <line num="64" count="9" type="cond" truecount="2" falsecount="0"/>
        <line num="65" count="7" type="cond" truecount="2" falsecount="0"/>
        <line num="66" count="5" type="stmt"/>
        <line num="221" count="13" type="stmt"/>
        <line num="252" count="13" type="stmt"/>
        <line num="285" count="13" type="stmt"/>
        <line num="286" count="13" type="stmt"/>
        <line num="288" count="13" type="stmt"/>
        <line num="299" count="13" type="stmt"/>
        <line num="318" count="13" type="stmt"/>
        <line num="337" count="13" type="stmt"/>
        <line num="356" count="13" type="stmt"/>
        <line num="388" count="13" type="stmt"/>
        <line num="419" count="13" type="stmt"/>
        <line num="450" count="13" type="stmt"/>
        <line num="469" count="13" type="stmt"/>
        <line num="488" count="13" type="stmt"/>
        <line num="530" count="13" type="stmt"/>
        <line num="532" count="13" type="stmt"/>
        <line num="534" count="13" type="stmt"/>
        <line num="565" count="13" type="stmt"/>
        <line num="600" count="13" type="stmt"/>
        <line num="619" count="13" type="stmt"/>
        <line num="638" count="13" type="stmt"/>
        <line num="679" count="13" type="stmt"/>
        <line num="710" count="13" type="stmt"/>
        <line num="741" count="13" type="stmt"/>
        <line num="760" count="13" type="stmt"/>
        <line num="779" count="13" type="stmt"/>
        <line num="820" count="13" type="stmt"/>
        <line num="827" count="13" type="stmt"/>
        <line num="828" count="13" type="stmt"/>
        <line num="831" count="95" type="cond" truecount="2" falsecount="0"/>
        <line num="835" count="50" type="stmt"/>
        <line num="850" count="49" type="stmt"/>
        <line num="851" count="49" type="stmt"/>
        <line num="852" count="49" type="cond" truecount="2" falsecount="0"/>
        <line num="853" count="49" type="cond" truecount="2" falsecount="0"/>
        <line num="854" count="49" type="cond" truecount="2" falsecount="0"/>
        <line num="855" count="49" type="stmt"/>
        <line num="861" count="49" type="stmt"/>
        <line num="867" count="49" type="cond" truecount="2" falsecount="0"/>
        <line num="868" count="49" type="stmt"/>
        <line num="884" count="13" type="stmt"/>
        <line num="885" count="27" type="cond" truecount="2" falsecount="0"/>
        <line num="893" count="13" type="stmt"/>
        <line num="901" count="13" type="stmt"/>
        <line num="909" count="13" type="stmt"/>
        <line num="916" count="13" type="stmt"/>
        <line num="937" count="13" type="stmt"/>
        <line num="951" count="45" type="cond" truecount="2" falsecount="0"/>
        <line num="952" count="27" type="cond" truecount="2" falsecount="0"/>
        <line num="953" count="15" type="cond" truecount="2" falsecount="0"/>
        <line num="954" count="9" type="cond" truecount="2" falsecount="0"/>
        <line num="955" count="3" type="cond" truecount="3" falsecount="1"/>
        <line num="956" count="3" type="stmt"/>
        <line num="960" count="20" type="stmt"/>
        <line num="965" count="16" type="cond" truecount="5" falsecount="0"/>
        <line num="967" count="9" type="stmt"/>
        <line num="969" count="2" type="stmt"/>
        <line num="971" count="2" type="stmt"/>
        <line num="973" count="2" type="stmt"/>
        <line num="975" count="1" type="stmt"/>
        <line num="993" count="10" type="stmt"/>
        <line num="995" count="10" type="cond" truecount="2" falsecount="0"/>
        <line num="1004" count="10" type="stmt"/>
        <line num="1005" count="10" type="stmt"/>
        <line num="1020" count="10" type="stmt"/>
        <line num="1021" count="10" type="stmt"/>
        <line num="1022" count="10" type="cond" truecount="1" falsecount="1"/>
        <line num="1023" count="10" type="stmt"/>
        <line num="1030" count="3" type="stmt"/>
        <line num="1031" count="3" type="stmt"/>
        <line num="1032" count="3" type="cond" truecount="1" falsecount="1"/>
        <line num="1033" count="9" type="stmt"/>
        <line num="1034" count="3" type="stmt"/>
        <line num="1038" count="13" type="cond" truecount="1" falsecount="1"/>
        <line num="1039" count="13" type="stmt"/>
        <line num="1040" count="13" type="cond" truecount="1" falsecount="1"/>
        <line num="1041" count="0" type="stmt"/>
        <line num="1043" count="0" type="stmt"/>
        <line num="1046" count="13" type="cond" truecount="1" falsecount="1"/>
        <line num="1047" count="13" type="stmt"/>
        <line num="1048" count="13" type="stmt"/>
        <line num="1049" count="13" type="stmt"/>
        <line num="1050" count="39" type="cond" truecount="1" falsecount="1"/>
        <line num="1051" count="13" type="stmt"/>
        <line num="1053" count="0" type="stmt"/>
        <line num="1056" count="0" type="cond" truecount="0" falsecount="6"/>
        <line num="1057" count="0" type="stmt"/>
        <line num="1062" count="0" type="stmt"/>
      </file>
    </package>
    <package name="src.components.chat">
      <metrics statements="77" coveredstatements="75" conditionals="50" coveredconditionals="47" methods="7" coveredmethods="7"/>
      <file name="safePrefix.ts" path="/home/zhey/sync/myrepo/ferrisscope/ui/src/components/chat/safePrefix.ts">
        <metrics statements="77" coveredstatements="75" conditionals="50" coveredconditionals="47" methods="7" coveredmethods="7"/>
        <line num="16" count="1" type="stmt"/>
        <line num="35" count="20" type="cond" truecount="2" falsecount="0"/>
        <line num="38" count="19" type="cond" truecount="2" falsecount="0"/>
        <line num="40" count="18" type="stmt"/>
        <line num="41" count="18" type="stmt"/>
        <line num="42" count="10" type="cond" truecount="2" falsecount="2"/>
        <line num="45" count="18" type="stmt"/>
        <line num="46" count="18" type="stmt"/>
        <line num="47" count="18" type="stmt"/>
        <line num="48" count="18" type="stmt"/>
        <line num="49" count="18" type="stmt"/>
        <line num="51" count="18" type="cond" truecount="2" falsecount="0"/>
        <line num="52" count="10" type="cond" truecount="2" falsecount="0"/>
        <line num="53" count="9" type="stmt"/>
        <line num="61" count="19" type="stmt"/>
        <line num="62" count="19" type="stmt"/>
        <line num="63" count="30" type="cond" truecount="2" falsecount="0"/>
        <line num="65" count="19" type="stmt"/>
        <line num="70" count="18" type="stmt"/>
        <line num="71" count="18" type="stmt"/>
        <line num="72" count="24" type="stmt"/>
        <line num="73" count="24" type="cond" truecount="2" falsecount="0"/>
        <line num="74" count="11" type="cond" truecount="4" falsecount="0"/>
        <line num="75" count="1" type="stmt"/>
        <line num="76" count="1" type="stmt"/>
        <line num="78" count="10" type="stmt"/>
        <line num="79" count="10" type="cond" truecount="2" falsecount="0"/>
        <line num="80" count="3" type="stmt"/>
        <line num="81" count="3" type="stmt"/>
        <line num="83" count="7" type="cond" truecount="2" falsecount="0"/>
        <line num="84" count="6" type="stmt"/>
        <line num="85" count="6" type="cond" truecount="2" falsecount="0"/>
        <line num="86" count="2" type="stmt"/>
        <line num="87" count="2" type="stmt"/>
        <line num="89" count="4" type="stmt"/>
        <line num="91" count="1" type="stmt"/>
        <line num="100" count="18" type="stmt"/>
        <line num="101" count="18" type="stmt"/>
        <line num="102" count="26" type="cond" truecount="2" falsecount="0"/>
        <line num="104" count="2" type="stmt"/>
        <line num="105" count="2" type="stmt"/>
        <line num="107" count="24" type="stmt"/>
        <line num="108" count="24" type="stmt"/>
        <line num="109" count="24" type="stmt"/>
        <line num="110" count="24" type="stmt"/>
        <line num="111" count="656" type="cond" truecount="2" falsecount="0"/>
        <line num="112" count="651" type="stmt"/>
        <line num="113" count="651" type="stmt"/>
        <line num="115" count="5" type="stmt"/>
        <line num="116" count="5" type="stmt"/>
        <line num="117" count="5" type="cond" truecount="2" falsecount="0"/>
        <line num="118" count="6" type="stmt"/>
        <line num="119" count="6" type="stmt"/>
        <line num="121" count="5" type="cond" truecount="2" falsecount="0"/>
        <line num="122" count="3" type="stmt"/>
        <line num="123" count="3" type="stmt"/>
        <line num="124" count="2" type="cond" truecount="2" falsecount="0"/>
        <line num="125" count="1" type="stmt"/>
        <line num="126" count="1" type="stmt"/>
        <line num="132" count="24" type="cond" truecount="2" falsecount="0"/>
        <line num="133" count="24" type="stmt"/>
        <line num="140" count="36" type="stmt"/>
        <line num="141" count="36" type="stmt"/>
        <line num="142" count="36" type="stmt"/>
        <line num="143" count="40" type="stmt"/>
        <line num="144" count="40" type="cond" truecount="2" falsecount="0"/>
        <line num="146" count="4" type="cond" truecount="3" falsecount="1"/>
        <line num="147" count="0" type="stmt"/>
        <line num="148" count="0" type="stmt"/>
        <line num="150" count="4" type="stmt"/>
        <line num="151" count="4" type="stmt"/>
        <line num="153" count="36" type="cond" truecount="2" falsecount="0"/>
        <line num="154" count="2" type="stmt"/>
        <line num="161" count="18" type="stmt"/>
        <line num="162" count="18" type="stmt"/>
        <line num="163" count="18" type="cond" truecount="2" falsecount="0"/>
        <line num="164" count="17" type="cond" truecount="2" falsecount="0"/>
      </file>
    </package>
    <package name="src.components.detail">
      <metrics statements="379" coveredstatements="255" conditionals="333" coveredconditionals="252" methods="117" coveredmethods="83"/>
      <file name="edit.tsx" path="/home/zhey/sync/myrepo/ferrisscope/ui/src/components/detail/edit.tsx">
        <metrics statements="117" coveredstatements="107" conditionals="110" coveredconditionals="99" methods="52" coveredmethods="44"/>
        <line num="60" count="5" type="cond" truecount="2" falsecount="0"/>
        <line num="61" count="2" type="stmt"/>
        <line num="98" count="3" type="stmt"/>
        <line num="141" count="17" type="stmt"/>
        <line num="157" count="19" type="stmt"/>
        <line num="188" count="15" type="stmt"/>
        <line num="192" count="3" type="stmt"/>
        <line num="193" count="3" type="stmt"/>
        <line num="234" count="29" type="stmt"/>
        <line num="246" count="29" type="cond" truecount="2" falsecount="0"/>
        <line num="247" count="1" type="stmt"/>
        <line num="250" count="0" type="stmt"/>
        <line num="264" count="28" type="stmt"/>
        <line num="268" count="3" type="stmt"/>
        <line num="289" count="18" type="stmt"/>
        <line num="332" count="7" type="stmt"/>
        <line num="430" count="23" type="stmt"/>
        <line num="431" count="23" type="stmt"/>
        <line num="432" count="25" type="stmt"/>
        <line num="446" count="9" type="stmt"/>
        <line num="468" count="6" type="stmt"/>
        <line num="470" count="6" type="cond" truecount="1" falsecount="1"/>
        <line num="475" count="7" type="stmt"/>
        <line num="478" count="10" type="cond" truecount="2" falsecount="0"/>
        <line num="479" count="8" type="cond" truecount="2" falsecount="0"/>
        <line num="484" count="7" type="stmt"/>
        <line num="485" count="7" type="stmt"/>
        <line num="486" count="9" type="cond" truecount="2" falsecount="0"/>
        <line num="487" count="2" type="cond" truecount="4" falsecount="0"/>
        <line num="488" count="7" type="cond" truecount="2" falsecount="0"/>
        <line num="489" count="1" type="stmt"/>
        <line num="490" count="6" type="cond" truecount="4" falsecount="0"/>
        <line num="491" count="1" type="stmt"/>
        <line num="494" count="7" type="stmt"/>
        <line num="499" count="2" type="stmt"/>
        <line num="500" count="2" type="stmt"/>
        <line num="501" count="5" type="cond" truecount="2" falsecount="0"/>
        <line num="502" count="4" type="cond" truecount="2" falsecount="0"/>
        <line num="503" count="3" type="stmt"/>
        <line num="505" count="2" type="stmt"/>
        <line num="509" count="20" type="stmt"/>
        <line num="510" count="20" type="stmt"/>
        <line num="511" count="21" type="cond" truecount="2" falsecount="0"/>
        <line num="512" count="19" type="cond" truecount="2" falsecount="0"/>
        <line num="513" count="15" type="cond" truecount="2" falsecount="0"/>
        <line num="515" count="20" type="stmt"/>
        <line num="516" count="20" type="cond" truecount="2" falsecount="0"/>
        <line num="517" count="20" type="stmt"/>
        <line num="542" count="17" type="cond" truecount="2" falsecount="0"/>
        <line num="543" count="17" type="stmt"/>
        <line num="546" count="14" type="cond" truecount="2" falsecount="0"/>
        <line num="547" count="1" type="stmt"/>
        <line num="566" count="0" type="stmt"/>
        <line num="573" count="13" type="cond" truecount="3" falsecount="0"/>
        <line num="574" count="14" type="stmt"/>
        <line num="588" count="1" type="stmt"/>
        <line num="595" count="1" type="stmt"/>
        <line num="600" count="2" type="stmt"/>
        <line num="608" count="4" type="stmt"/>
        <line num="648" count="18" type="stmt"/>
        <line num="649" count="18" type="stmt"/>
        <line num="650" count="18" type="stmt"/>
        <line num="654" count="18" type="stmt"/>
        <line num="655" count="18" type="stmt"/>
        <line num="657" count="18" type="stmt"/>
        <line num="658" count="5" type="stmt"/>
        <line num="659" count="5" type="stmt"/>
        <line num="660" count="5" type="stmt"/>
        <line num="662" count="18" type="stmt"/>
        <line num="663" count="1" type="stmt"/>
        <line num="664" count="1" type="stmt"/>
        <line num="667" count="18" type="stmt"/>
        <line num="669" count="5" type="stmt"/>
        <line num="670" count="5" type="stmt"/>
        <line num="671" count="5" type="stmt"/>
        <line num="679" count="3" type="cond" truecount="2" falsecount="0"/>
        <line num="680" count="2" type="stmt"/>
        <line num="681" count="2" type="stmt"/>
        <line num="682" count="2" type="stmt"/>
        <line num="684" count="1" type="stmt"/>
        <line num="692" count="2" type="stmt"/>
        <line num="701" count="18" type="stmt"/>
        <line num="703" count="18" type="stmt"/>
        <line num="709" count="4" type="stmt"/>
        <line num="710" count="1" type="stmt"/>
        <line num="715" count="1" type="stmt"/>
        <line num="748" count="6" type="stmt"/>
        <line num="749" count="6" type="stmt"/>
        <line num="750" count="8" type="stmt"/>
        <line num="762" count="3" type="stmt"/>
        <line num="782" count="2" type="stmt"/>
        <line num="784" count="4" type="cond" truecount="2" falsecount="0"/>
        <line num="792" count="3" type="stmt"/>
        <line num="795" count="6" type="cond" truecount="2" falsecount="0"/>
        <line num="796" count="5" type="cond" truecount="2" falsecount="0"/>
        <line num="804" count="4" type="stmt"/>
        <line num="805" count="4" type="stmt"/>
        <line num="806" count="11" type="cond" truecount="2" falsecount="0"/>
        <line num="813" count="3" type="stmt"/>
        <line num="814" count="8" type="cond" truecount="2" falsecount="0"/>
        <line num="815" count="1" type="stmt"/>
        <line num="816" count="7" type="cond" truecount="4" falsecount="0"/>
        <line num="817" count="2" type="stmt"/>
        <line num="820" count="4" type="stmt"/>
        <line num="830" count="1" type="stmt"/>
        <line num="831" count="1" type="stmt"/>
        <line num="832" count="2" type="cond" truecount="2" falsecount="0"/>
        <line num="833" count="1" type="stmt"/>
        <line num="835" count="1" type="stmt"/>
        <line num="867" count="0" type="stmt"/>
        <line num="870" count="0" type="cond" truecount="0" falsecount="2"/>
        <line num="871" count="0" type="stmt"/>
        <line num="890" count="0" type="stmt"/>
        <line num="896" count="0" type="stmt"/>
        <line num="908" count="0" type="stmt"/>
        <line num="913" count="0" type="stmt"/>
        <line num="921" count="0" type="stmt"/>
      </file>
      <file name="editSession.tsx" path="/home/zhey/sync/myrepo/ferrisscope/ui/src/components/detail/editSession.tsx">
        <metrics statements="126" coveredstatements="24" conditionals="61" coveredconditionals="22" methods="29" coveredmethods="4"/>
        <line num="70" count="1" type="stmt"/>
        <line num="73" count="0" type="stmt"/>
        <line num="95" count="0" type="stmt"/>
        <line num="102" count="0" type="stmt"/>
        <line num="104" count="0" type="stmt"/>
        <line num="105" count="0" type="stmt"/>
        <line num="111" count="0" type="stmt"/>
        <line num="112" count="0" type="stmt"/>
        <line num="113" count="0" type="stmt"/>
        <line num="114" count="0" type="stmt"/>
        <line num="115" count="0" type="stmt"/>
        <line num="116" count="0" type="cond" truecount="0" falsecount="2"/>
        <line num="117" count="0" type="stmt"/>
        <line num="118" count="0" type="stmt"/>
        <line num="119" count="0" type="stmt"/>
        <line num="124" count="0" type="stmt"/>
        <line num="125" count="0" type="stmt"/>
        <line num="126" count="0" type="stmt"/>
        <line num="127" count="0" type="cond" truecount="0" falsecount="2"/>
        <line num="128" count="0" type="cond" truecount="0" falsecount="4"/>
        <line num="129" count="0" type="stmt"/>
        <line num="130" count="0" type="stmt"/>
        <line num="134" count="0" type="stmt"/>
        <line num="135" count="0" type="stmt"/>
        <line num="136" count="0" type="cond" truecount="0" falsecount="2"/>
        <line num="137" count="0" type="stmt"/>
        <line num="140" count="0" type="stmt"/>
        <line num="141" count="0" type="stmt"/>
        <line num="142" count="0" type="stmt"/>
        <line num="143" count="0" type="cond" truecount="0" falsecount="2"/>
        <line num="144" count="0" type="stmt"/>
        <line num="152" count="0" type="stmt"/>
        <line num="153" count="0" type="stmt"/>
        <line num="155" count="0" type="stmt"/>
        <line num="157" count="0" type="stmt"/>
        <line num="158" count="0" type="stmt"/>
        <line num="159" count="0" type="stmt"/>
        <line num="160" count="0" type="stmt"/>
        <line num="162" count="0" type="stmt"/>
        <line num="163" count="0" type="stmt"/>
        <line num="164" count="0" type="stmt"/>
        <line num="165" count="0" type="cond" truecount="0" falsecount="2"/>
        <line num="166" count="0" type="stmt"/>
        <line num="167" count="0" type="stmt"/>
        <line num="171" count="0" type="stmt"/>
        <line num="172" count="0" type="stmt"/>
        <line num="173" count="0" type="stmt"/>
        <line num="174" count="0" type="cond" truecount="0" falsecount="2"/>
        <line num="175" count="0" type="stmt"/>
        <line num="176" count="0" type="stmt"/>
        <line num="181" count="0" type="stmt"/>
        <line num="186" count="0" type="stmt"/>
        <line num="189" count="0" type="stmt"/>
        <line num="190" count="0" type="stmt"/>
        <line num="198" count="0" type="cond" truecount="0" falsecount="2"/>
        <line num="205" count="0" type="stmt"/>
        <line num="206" count="0" type="stmt"/>
        <line num="207" count="0" type="stmt"/>
        <line num="208" count="0" type="stmt"/>
        <line num="210" count="0" type="stmt"/>
        <line num="221" count="0" type="stmt"/>
        <line num="227" count="0" type="stmt"/>
        <line num="228" count="0" type="stmt"/>
        <line num="229" count="0" type="stmt"/>
        <line num="230" count="0" type="stmt"/>
        <line num="231" count="0" type="stmt"/>
        <line num="234" count="0" type="stmt"/>
        <line num="235" count="0" type="stmt"/>
        <line num="238" count="0" type="stmt"/>
        <line num="252" count="0" type="stmt"/>
        <line num="272" count="0" type="stmt"/>
        <line num="273" count="0" type="stmt"/>
        <line num="277" count="0" type="stmt"/>
        <line num="278" count="0" type="stmt"/>
        <line num="279" count="0" type="stmt"/>
        <line num="280" count="0" type="stmt"/>
        <line num="281" count="0" type="stmt"/>
        <line num="282" count="0" type="stmt"/>
        <line num="283" count="0" type="stmt"/>
        <line num="284" count="0" type="stmt"/>
        <line num="286" count="0" type="stmt"/>
        <line num="291" count="0" type="stmt"/>
        <line num="292" count="0" type="cond" truecount="0" falsecount="2"/>
        <line num="293" count="0" type="stmt"/>
        <line num="294" count="0" type="stmt"/>
        <line num="295" count="0" type="stmt"/>
        <line num="297" count="0" type="stmt"/>
        <line num="305" count="0" type="stmt"/>
        <line num="306" count="0" type="cond" truecount="0" falsecount="2"/>
        <line num="307" count="0" type="stmt"/>
        <line num="310" count="0" type="cond" truecount="0" falsecount="2"/>
        <line num="312" count="0" type="stmt"/>
        <line num="313" count="0" type="cond" truecount="0" falsecount="2"/>
        <line num="314" count="0" type="stmt"/>
        <line num="315" count="0" type="stmt"/>
        <line num="318" count="0" type="stmt"/>
        <line num="319" count="0" type="cond" truecount="0" falsecount="2"/>
        <line num="320" count="0" type="stmt"/>
        <line num="321" count="0" type="stmt"/>
        <line num="324" count="0" type="stmt"/>
        <line num="349" count="1" type="stmt"/>
        <line num="367" count="34" type="cond" truecount="3" falsecount="1"/>
        <line num="368" count="0" type="stmt"/>
        <line num="370" count="34" type="cond" truecount="4" falsecount="0"/>
        <line num="371" count="24" type="stmt"/>
        <line num="372" count="24" type="stmt"/>
        <line num="373" count="29" type="stmt"/>
        <line num="374" count="29" type="cond" truecount="4" falsecount="0"/>
        <line num="375" count="8" type="stmt"/>
        <line num="376" count="8" type="cond" truecount="2" falsecount="0"/>
        <line num="378" count="21" type="stmt"/>
        <line num="381" count="24" type="stmt"/>
        <line num="383" count="10" type="stmt"/>
        <line num="387" count="7" type="stmt"/>
        <line num="388" count="7" type="stmt"/>
        <line num="389" count="8" type="cond" truecount="1" falsecount="1"/>
        <line num="390" count="0" type="stmt"/>
        <line num="391" count="0" type="stmt"/>
        <line num="393" count="8" type="stmt"/>
        <line num="394" count="8" type="stmt"/>
        <line num="395" count="9" type="cond" truecount="2" falsecount="0"/>
        <line num="397" count="8" type="cond" truecount="2" falsecount="0"/>
        <line num="398" count="5" type="stmt"/>
        <line num="400" count="3" type="stmt"/>
        <line num="403" count="7" type="stmt"/>
        <line num="407" count="75" type="stmt"/>
      </file>
      <file name="helpers.ts" path="/home/zhey/sync/myrepo/ferrisscope/ui/src/components/detail/helpers.ts">
        <metrics statements="62" coveredstatements="52" conditionals="71" coveredconditionals="54" methods="6" coveredmethods="6"/>
        <line num="10" count="27" type="cond" truecount="2" falsecount="0"/>
        <line num="14" count="26" type="stmt"/>
        <line num="15" count="26" type="cond" truecount="2" falsecount="0"/>
        <line num="16" count="24" type="stmt"/>
        <line num="17" count="24" type="cond" truecount="1" falsecount="1"/>
        <line num="18" count="24" type="stmt"/>
        <line num="19" count="24" type="cond" truecount="1" falsecount="1"/>
        <line num="20" count="24" type="cond" truecount="7" falsecount="10"/>
        <line num="22" count="14" type="stmt"/>
        <line num="24" count="4" type="stmt"/>
        <line num="26" count="1" type="stmt"/>
        <line num="28" count="1" type="stmt"/>
        <line num="30" count="0" type="stmt"/>
        <line num="32" count="0" type="stmt"/>
        <line num="34" count="0" type="stmt"/>
        <line num="36" count="0" type="stmt"/>
        <line num="38" count="2" type="stmt"/>
        <line num="40" count="1" type="stmt"/>
        <line num="42" count="1" type="stmt"/>
        <line num="44" count="0" type="stmt"/>
        <line num="46" count="0" type="stmt"/>
        <line num="48" count="0" type="stmt"/>
        <line num="50" count="0" type="stmt"/>
        <line num="52" count="0" type="stmt"/>
        <line num="54" count="0" type="stmt"/>
        <line num="70" count="17" type="cond" truecount="2" falsecount="0"/>
        <line num="71" count="16" type="stmt"/>
        <line num="72" count="16" type="cond" truecount="2" falsecount="0"/>
        <line num="75" count="15" type="cond" truecount="1" falsecount="1"/>
        <line num="76" count="17" type="cond" truecount="1" falsecount="1"/>
        <line num="77" count="17" type="cond" truecount="2" falsecount="0"/>
        <line num="78" count="10" type="cond" truecount="2" falsecount="0"/>
        <line num="84" count="8" type="stmt"/>
        <line num="86" count="2" type="stmt"/>
        <line num="93" count="8" type="cond" truecount="3" falsecount="1"/>
        <line num="94" count="8" type="cond" truecount="1" falsecount="1"/>
        <line num="95" count="8" type="stmt"/>
        <line num="99" count="8" type="stmt"/>
        <line num="100" count="8" type="stmt"/>
        <line num="101" count="8" type="cond" truecount="2" falsecount="0"/>
        <line num="102" count="20" type="stmt"/>
        <line num="103" count="20" type="stmt"/>
        <line num="105" count="8" type="cond" truecount="4" falsecount="0"/>
        <line num="106" count="8" type="stmt"/>
        <line num="112" count="5" type="cond" truecount="3" falsecount="1"/>
        <line num="113" count="5" type="cond" truecount="2" falsecount="0"/>
        <line num="114" count="4" type="cond" truecount="2" falsecount="0"/>
        <line num="115" count="1" type="stmt"/>
        <line num="117" count="1" type="stmt"/>
        <line num="121" count="9" type="cond" truecount="2" falsecount="0"/>
        <line num="122" count="8" type="stmt"/>
        <line num="128" count="8" type="stmt"/>
        <line num="129" count="8" type="cond" truecount="2" falsecount="0"/>
        <line num="130" count="6" type="stmt"/>
        <line num="131" count="6" type="cond" truecount="2" falsecount="0"/>
        <line num="132" count="3" type="stmt"/>
        <line num="133" count="3" type="stmt"/>
        <line num="134" count="3" type="cond" truecount="2" falsecount="0"/>
        <line num="135" count="2" type="stmt"/>
        <line num="136" count="2" type="cond" truecount="2" falsecount="0"/>
        <line num="137" count="1" type="stmt"/>
        <line num="138" count="1" type="stmt"/>
      </file>
      <file name="primitives.tsx" path="/home/zhey/sync/myrepo/ferrisscope/ui/src/components/detail/primitives.tsx">
        <metrics statements="74" coveredstatements="72" conditionals="91" coveredconditionals="77" methods="30" coveredmethods="29"/>
        <line num="44" count="3" type="stmt"/>
        <line num="88" count="8" type="stmt"/>
        <line num="105" count="2" type="stmt"/>
        <line num="113" count="29" type="stmt"/>
        <line num="114" count="29" type="stmt"/>
        <line num="115" count="13" type="stmt"/>
        <line num="116" count="13" type="cond" truecount="1" falsecount="1"/>
        <line num="117" count="13" type="stmt"/>
        <line num="118" count="13" type="stmt"/>
        <line num="119" count="13" type="stmt"/>
        <line num="121" count="29" type="stmt"/>
        <line num="125" count="13" type="cond" truecount="3" falsecount="1"/>
        <line num="126" count="13" type="stmt"/>
        <line num="148" count="22" type="stmt"/>
        <line num="149" count="22" type="stmt"/>
        <line num="150" count="8" type="stmt"/>
        <line num="151" count="8" type="stmt"/>
        <line num="152" count="8" type="stmt"/>
        <line num="155" count="22" type="cond" truecount="2" falsecount="0"/>
        <line num="165" count="22" type="stmt"/>
        <line num="202" count="7" type="stmt"/>
        <line num="203" count="7" type="stmt"/>
        <line num="204" count="7" type="stmt"/>
        <line num="205" count="7" type="cond" truecount="5" falsecount="0"/>
        <line num="206" count="5" type="stmt"/>
        <line num="207" count="5" type="stmt"/>
        <line num="208" count="5" type="stmt"/>
        <line num="210" count="2" type="stmt"/>
        <line num="212" count="7" type="stmt"/>
        <line num="261" count="8" type="stmt"/>
        <line num="262" count="8" type="cond" truecount="2" falsecount="0"/>
        <line num="263" count="8" type="cond" truecount="2" falsecount="0"/>
        <line num="264" count="8" type="cond" truecount="2" falsecount="0"/>
        <line num="265" count="8" type="stmt"/>
        <line num="304" count="5" type="stmt"/>
        <line num="308" count="8" type="cond" truecount="2" falsecount="0"/>
        <line num="314" count="8" type="cond" truecount="4" falsecount="0"/>
        <line num="316" count="8" type="stmt"/>
        <line num="333" count="8" type="cond" truecount="2" falsecount="0"/>
        <line num="363" count="5" type="stmt"/>
        <line num="364" count="5" type="stmt"/>
        <line num="365" count="5" type="stmt"/>
        <line num="366" count="5" type="stmt"/>
        <line num="367" count="7" type="cond" truecount="2" falsecount="0"/>
        <line num="369" count="5" type="stmt"/>
        <line num="372" count="5" type="stmt"/>
        <line num="384" count="4" type="stmt"/>
        <line num="393" count="3" type="stmt"/>
        <line num="399" count="2" type="stmt"/>
        <line num="402" count="7" type="cond" truecount="2" falsecount="0"/>
        <line num="406" count="3" type="cond" truecount="1" falsecount="1"/>
        <line num="407" count="0" type="cond" truecount="0" falsecount="2"/>
        <line num="408" count="0" type="stmt"/>
        <line num="416" count="3" type="stmt"/>
        <line num="418" count="3" type="cond" truecount="3" falsecount="1"/>
        <line num="420" count="3" type="cond" truecount="2" falsecount="0"/>
        <line num="421" count="1" type="stmt"/>
        <line num="422" count="1" type="stmt"/>
        <line num="427" count="2" type="stmt"/>
        <line num="433" count="6" type="stmt"/>
        <line num="434" count="6" type="stmt"/>
        <line num="437" count="6" type="stmt"/>
        <line num="439" count="6" type="stmt"/>
        <line num="454" count="3" type="stmt"/>
        <line num="584" count="4" type="cond" truecount="3" falsecount="1"/>
        <line num="585" count="4" type="stmt"/>
        <line num="595" count="5" type="stmt"/>
        <line num="619" count="6" type="stmt"/>
        <line num="645" count="6" type="cond" truecount="2" falsecount="0"/>
        <line num="650" count="6" type="cond" truecount="2" falsecount="0"/>
        <line num="652" count="6" type="cond" truecount="1" falsecount="1"/>
        <line num="655" count="6" type="stmt"/>
        <line num="665" count="6" type="stmt"/>
        <line num="688" count="6" type="stmt"/>
      </file>
    </package>
    <package name="src.components.ui">
      <metrics statements="348" coveredstatements="198" conditionals="434" coveredconditionals="258" methods="100" coveredmethods="59"/>
      <file name="BrandMark.tsx" path="/home/zhey/sync/myrepo/ferrisscope/ui/src/components/ui/BrandMark.tsx">
        <metrics statements="1" coveredstatements="1" conditionals="1" coveredconditionals="1" methods="1" coveredmethods="1"/>
        <line num="9" count="3" type="stmt"/>
      </file>
      <file name="Btn.tsx" path="/home/zhey/sync/myrepo/ferrisscope/ui/src/components/ui/Btn.tsx">
        <metrics statements="24" coveredstatements="21" conditionals="68" coveredconditionals="58" methods="8" coveredmethods="6"/>
        <line num="50" count="12" type="stmt"/>
        <line num="51" count="12" type="stmt"/>
        <line num="54" count="12" type="cond" truecount="1" falsecount="1"/>
        <line num="61" count="12" type="stmt"/>
        <line num="90" count="12" type="stmt"/>
        <line num="93" count="12" type="stmt"/>
        <line num="97" count="2" type="stmt"/>
        <line num="99" count="0" type="stmt"/>
        <line num="100" count="0" type="stmt"/>
        <line num="102" count="1" type="stmt"/>
        <line num="103" count="1" type="stmt"/>
        <line num="174" count="12" type="cond" truecount="1" falsecount="1"/>
        <line num="197" count="6" type="stmt"/>
        <line num="203" count="6" type="stmt"/>
        <line num="208" count="6" type="stmt"/>
        <line num="209" count="6" type="cond" truecount="2" falsecount="0"/>
        <line num="210" count="6" type="cond" truecount="2" falsecount="0"/>
        <line num="221" count="6" type="cond" truecount="2" falsecount="0"/>
        <line num="228" count="6" type="stmt"/>
        <line num="233" count="6" type="cond" truecount="1" falsecount="1"/>
        <line num="240" count="6" type="stmt"/>
        <line num="245" count="2" type="stmt"/>
        <line num="246" count="0" type="stmt"/>
        <line num="265" count="6" type="cond" truecount="1" falsecount="1"/>
      </file>
      <file name="StatusPill.tsx" path="/home/zhey/sync/myrepo/ferrisscope/ui/src/components/ui/StatusPill.tsx">
        <metrics statements="8" coveredstatements="8" conditionals="26" coveredconditionals="23" methods="1" coveredmethods="1"/>
        <line num="21" count="6" type="stmt"/>
        <line num="24" count="6" type="stmt"/>
        <line num="25" count="6" type="stmt"/>
        <line num="27" count="6" type="cond" truecount="4" falsecount="0"/>
        <line num="28" count="1" type="cond" truecount="1" falsecount="1"/>
        <line num="29" count="1" type="stmt"/>
        <line num="53" count="5" type="stmt"/>
        <line num="54" count="5" type="stmt"/>
      </file>
      <file name="Tooltip.tsx" path="/home/zhey/sync/myrepo/ferrisscope/ui/src/components/ui/Tooltip.tsx">
        <metrics statements="63" coveredstatements="61" conditionals="45" coveredconditionals="33" methods="15" coveredmethods="14"/>
        <line num="43" count="180" type="stmt"/>
        <line num="44" count="60" type="stmt"/>
        <line num="45" count="60" type="stmt"/>
        <line num="46" count="60" type="stmt"/>
        <line num="47" count="60" type="stmt"/>
        <line num="49" count="60" type="stmt"/>
        <line num="50" count="60" type="stmt"/>
        <line num="56" count="60" type="stmt"/>
        <line num="57" count="58" type="cond" truecount="2" falsecount="0"/>
        <line num="58" count="13" type="stmt"/>
        <line num="59" count="13" type="stmt"/>
        <line num="63" count="60" type="stmt"/>
        <line num="64" count="4" type="stmt"/>
        <line num="65" count="4" type="stmt"/>
        <line num="66" count="4" type="cond" truecount="3" falsecount="1"/>
        <line num="67" count="4" type="stmt"/>
        <line num="68" count="4" type="stmt"/>
        <line num="69" count="4" type="stmt"/>
        <line num="70" count="4" type="stmt"/>
        <line num="72" count="4" type="stmt"/>
        <line num="82" count="4" type="stmt"/>
        <line num="83" count="8" type="stmt"/>
        <line num="84" count="8" type="stmt"/>
        <line num="91" count="4" type="stmt"/>
        <line num="97" count="4" type="cond" truecount="2" falsecount="2"/>
        <line num="98" count="4" type="stmt"/>
        <line num="99" count="4" type="stmt"/>
        <line num="100" count="4" type="stmt"/>
        <line num="101" count="4" type="stmt"/>
        <line num="104" count="60" type="stmt"/>
        <line num="105" count="51" type="cond" truecount="2" falsecount="0"/>
        <line num="108" count="60" type="stmt"/>
        <line num="109" count="51" type="cond" truecount="2" falsecount="0"/>
        <line num="110" count="4" type="stmt"/>
        <line num="111" count="4" type="stmt"/>
        <line num="112" count="1" type="cond" truecount="1" falsecount="1"/>
        <line num="114" count="4" type="stmt"/>
        <line num="115" count="4" type="stmt"/>
        <line num="116" count="4" type="stmt"/>
        <line num="117" count="4" type="stmt"/>
        <line num="118" count="4" type="stmt"/>
        <line num="119" count="4" type="stmt"/>
        <line num="120" count="4" type="stmt"/>
        <line num="124" count="60" type="stmt"/>
        <line num="126" count="60" type="cond" truecount="1" falsecount="1"/>
        <line num="127" count="60" type="cond" truecount="5" falsecount="0"/>
        <line num="129" count="58" type="stmt"/>
        <line num="130" count="13" type="stmt"/>
        <line num="131" count="13" type="stmt"/>
        <line num="132" count="13" type="stmt"/>
        <line num="133" count="13" type="stmt"/>
        <line num="137" count="13" type="cond" truecount="2" falsecount="0"/>
        <line num="138" count="2" type="stmt"/>
        <line num="140" count="58" type="stmt"/>
        <line num="141" count="1" type="stmt"/>
        <line num="142" count="1" type="stmt"/>
        <line num="143" count="1" type="stmt"/>
        <line num="147" count="1" type="cond" truecount="1" falsecount="1"/>
        <line num="148" count="0" type="stmt"/>
        <line num="151" count="58" type="stmt"/>
        <line num="161" count="58" type="stmt"/>
        <line num="193" count="60" type="stmt"/>
        <line num="227" count="0" type="stmt"/>
      </file>
      <file name="atoms.tsx" path="/home/zhey/sync/myrepo/ferrisscope/ui/src/components/ui/atoms.tsx">
        <metrics statements="220" coveredstatements="76" conditionals="274" coveredconditionals="127" methods="70" coveredmethods="32"/>
        <line num="39" count="1" type="stmt"/>
        <line num="68" count="1" type="stmt"/>
        <line num="99" count="1" type="stmt"/>
        <line num="136" count="7" type="cond" truecount="2" falsecount="0"/>
        <line num="141" count="7" type="stmt"/>
        <line num="174" count="1" type="stmt"/>
        <line num="218" count="4" type="stmt"/>
        <line num="222" count="3" type="stmt"/>
        <line num="223" count="3" type="stmt"/>
        <line num="291" count="1" type="stmt"/>
        <line num="292" count="1" type="stmt"/>
        <line num="293" count="1" type="stmt"/>
        <line num="294" count="1" type="stmt"/>
        <line num="348" count="2" type="stmt"/>
        <line num="390" count="3" type="cond" truecount="2" falsecount="0"/>
        <line num="393" count="3" type="cond" truecount="1" falsecount="1"/>
        <line num="394" count="3" type="stmt"/>
        <line num="397" count="2" type="stmt"/>
        <line num="461" count="2" type="stmt"/>
        <line num="465" count="1" type="stmt"/>
        <line num="466" count="1" type="stmt"/>
        <line num="467" count="1" type="stmt"/>
        <line num="515" count="0" type="stmt"/>
        <line num="516" count="0" type="stmt"/>
        <line num="517" count="0" type="stmt"/>
        <line num="518" count="0" type="stmt"/>
        <line num="519" count="0" type="stmt"/>
        <line num="521" count="0" type="stmt"/>
        <line num="522" count="0" type="stmt"/>
        <line num="523" count="0" type="stmt"/>
        <line num="524" count="0" type="stmt"/>
        <line num="531" count="0" type="stmt"/>
        <line num="538" count="0" type="stmt"/>
        <line num="539" count="0" type="stmt"/>
        <line num="540" count="0" type="stmt"/>
        <line num="542" count="0" type="stmt"/>
        <line num="543" count="0" type="stmt"/>
        <line num="547" count="0" type="stmt"/>
        <line num="548" count="0" type="cond" truecount="0" falsecount="4"/>
        <line num="549" count="0" type="stmt"/>
        <line num="550" count="0" type="stmt"/>
        <line num="552" count="0" type="cond" truecount="0" falsecount="2"/>
        <line num="557" count="0" type="stmt"/>
        <line num="558" count="0" type="stmt"/>
        <line num="559" count="0" type="cond" truecount="0" falsecount="2"/>
        <line num="560" count="0" type="stmt"/>
        <line num="561" count="0" type="stmt"/>
        <line num="562" count="0" type="stmt"/>
        <line num="563" count="0" type="stmt"/>
        <line num="564" count="0" type="stmt"/>
        <line num="565" count="0" type="cond" truecount="0" falsecount="2"/>
        <line num="566" count="0" type="cond" truecount="0" falsecount="2"/>
        <line num="567" count="0" type="cond" truecount="0" falsecount="2"/>
        <line num="568" count="0" type="stmt"/>
        <line num="569" count="0" type="stmt"/>
        <line num="570" count="0" type="stmt"/>
        <line num="571" count="0" type="cond" truecount="0" falsecount="2"/>
        <line num="572" count="0" type="stmt"/>
        <line num="577" count="0" type="cond" truecount="0" falsecount="2"/>
        <line num="580" count="0" type="stmt"/>
        <line num="583" count="0" type="stmt"/>
        <line num="584" count="0" type="cond" truecount="0" falsecount="2"/>
        <line num="587" count="0" type="stmt"/>
        <line num="588" count="0" type="cond" truecount="0" falsecount="2"/>
        <line num="589" count="0" type="stmt"/>
        <line num="590" count="0" type="stmt"/>
        <line num="591" count="0" type="cond" truecount="0" falsecount="4"/>
        <line num="592" count="0" type="stmt"/>
        <line num="599" count="0" type="stmt"/>
        <line num="600" count="0" type="stmt"/>
        <line num="601" count="0" type="cond" truecount="0" falsecount="4"/>
        <line num="602" count="0" type="stmt"/>
        <line num="603" count="0" type="cond" truecount="0" falsecount="2"/>
        <line num="604" count="0" type="cond" truecount="0" falsecount="2"/>
        <line num="610" count="0" type="stmt"/>
        <line num="611" count="0" type="stmt"/>
        <line num="613" count="0" type="cond" truecount="0" falsecount="4"/>
        <line num="614" count="0" type="stmt"/>
        <line num="617" count="0" type="stmt"/>
        <line num="618" count="0" type="stmt"/>
        <line num="619" count="0" type="stmt"/>
        <line num="620" count="0" type="stmt"/>
        <line num="621" count="0" type="stmt"/>
        <line num="622" count="0" type="stmt"/>
        <line num="623" count="0" type="stmt"/>
        <line num="624" count="0" type="stmt"/>
        <line num="628" count="0" type="stmt"/>
        <line num="629" count="0" type="cond" truecount="0" falsecount="2"/>
        <line num="630" count="0" type="stmt"/>
        <line num="631" count="0" type="cond" truecount="0" falsecount="2"/>
        <line num="634" count="0" type="stmt"/>
        <line num="635" count="0" type="stmt"/>
        <line num="636" count="0" type="cond" truecount="0" falsecount="2"/>
        <line num="637" count="0" type="stmt"/>
        <line num="638" count="0" type="stmt"/>
        <line num="639" count="0" type="stmt"/>
        <line num="640" count="0" type="stmt"/>
        <line num="645" count="0" type="stmt"/>
        <line num="646" count="0" type="cond" truecount="0" falsecount="2"/>
        <line num="647" count="0" type="stmt"/>
        <line num="648" count="0" type="stmt"/>
        <line num="653" count="0" type="stmt"/>
        <line num="654" count="0" type="cond" truecount="0" falsecount="4"/>
        <line num="655" count="0" type="stmt"/>
        <line num="659" count="0" type="stmt"/>
        <line num="660" count="0" type="cond" truecount="0" falsecount="2"/>
        <line num="661" count="0" type="stmt"/>
        <line num="664" count="0" type="stmt"/>
        <line num="665" count="0" type="cond" truecount="0" falsecount="2"/>
        <line num="666" count="0" type="stmt"/>
        <line num="667" count="0" type="stmt"/>
        <line num="668" count="0" type="stmt"/>
        <line num="670" count="0" type="cond" truecount="0" falsecount="2"/>
        <line num="671" count="0" type="stmt"/>
        <line num="672" count="0" type="stmt"/>
        <line num="674" count="0" type="cond" truecount="0" falsecount="7"/>
        <line num="675" count="0" type="stmt"/>
        <line num="676" count="0" type="stmt"/>
        <line num="677" count="0" type="stmt"/>
        <line num="678" count="0" type="stmt"/>
        <line num="680" count="0" type="cond" truecount="0" falsecount="2"/>
        <line num="681" count="0" type="cond" truecount="0" falsecount="2"/>
        <line num="682" count="0" type="stmt"/>
        <line num="683" count="0" type="stmt"/>
        <line num="684" count="0" type="stmt"/>
        <line num="686" count="0" type="cond" truecount="0" falsecount="2"/>
        <line num="687" count="0" type="stmt"/>
        <line num="688" count="0" type="stmt"/>
        <line num="689" count="0" type="stmt"/>
        <line num="691" count="0" type="cond" truecount="0" falsecount="2"/>
        <line num="692" count="0" type="stmt"/>
        <line num="693" count="0" type="stmt"/>
        <line num="694" count="0" type="stmt"/>
        <line num="696" count="0" type="cond" truecount="0" falsecount="2"/>
        <line num="697" count="0" type="stmt"/>
        <line num="698" count="0" type="stmt"/>
        <line num="699" count="0" type="stmt"/>
        <line num="701" count="0" type="cond" truecount="0" falsecount="4"/>
        <line num="703" count="0" type="cond" truecount="0" falsecount="5"/>
        <line num="704" count="0" type="stmt"/>
        <line num="705" count="0" type="stmt"/>
        <line num="706" count="0" type="stmt"/>
        <line num="709" count="0" type="cond" truecount="0" falsecount="7"/>
        <line num="710" count="0" type="stmt"/>
        <line num="711" count="0" type="cond" truecount="0" falsecount="2"/>
        <line num="712" count="0" type="stmt"/>
        <line num="713" count="0" type="stmt"/>
        <line num="714" count="0" type="stmt"/>
        <line num="715" count="0" type="stmt"/>
        <line num="717" count="0" type="cond" truecount="0" falsecount="2"/>
        <line num="721" count="0" type="stmt"/>
        <line num="742" count="0" type="stmt"/>
        <line num="744" count="0" type="stmt"/>
        <line num="753" count="0" type="stmt"/>
        <line num="754" count="0" type="stmt"/>
        <line num="756" count="0" type="stmt"/>
        <line num="757" count="0" type="stmt"/>
        <line num="832" count="0" type="stmt"/>
        <line num="833" count="0" type="stmt"/>
        <line num="865" count="0" type="stmt"/>
        <line num="866" count="0" type="stmt"/>
        <line num="867" count="0" type="stmt"/>
        <line num="871" count="0" type="stmt"/>
        <line num="876" count="0" type="stmt"/>
        <line num="877" count="0" type="stmt"/>
        <line num="955" count="3" type="stmt"/>
        <line num="1002" count="2" type="stmt"/>
        <line num="1049" count="4" type="cond" truecount="4" falsecount="0"/>
        <line num="1050" count="6" type="stmt"/>
        <line num="1051" count="6" type="stmt"/>
        <line num="1052" count="6" type="stmt"/>
        <line num="1056" count="3" type="cond" truecount="5" falsecount="0"/>
        <line num="1057" count="1" type="stmt"/>
        <line num="1060" count="3" type="stmt"/>
        <line num="1061" count="6" type="cond" truecount="2" falsecount="0"/>
        <line num="1063" count="3" type="stmt"/>
        <line num="1064" count="6" type="stmt"/>
        <line num="1065" count="6" type="cond" truecount="2" falsecount="0"/>
        <line num="1066" count="6" type="stmt"/>
        <line num="1067" count="6" type="stmt"/>
        <line num="1073" count="6" type="cond" truecount="2" falsecount="0"/>
        <line num="1078" count="1" type="stmt"/>
        <line num="1079" count="5" type="cond" truecount="2" falsecount="0"/>
        <line num="1080" count="5" type="stmt"/>
        <line num="1086" count="4" type="stmt"/>
        <line num="1098" count="6" type="cond" truecount="1" falsecount="1"/>
        <line num="1101" count="3" type="stmt"/>
        <line num="1102" count="6" type="stmt"/>
        <line num="1104" count="3" type="stmt"/>
        <line num="1115" count="1" type="stmt"/>
        <line num="1140" count="4" type="stmt"/>
        <line num="1156" count="1" type="stmt"/>
        <line num="1191" count="3" type="cond" truecount="2" falsecount="0"/>
        <line num="1192" count="1" type="stmt"/>
        <line num="1232" count="2" type="stmt"/>
        <line num="1298" count="2" type="stmt"/>
        <line num="1353" count="9" type="stmt"/>
        <line num="1354" count="9" type="stmt"/>
        <line num="1356" count="9" type="cond" truecount="2" falsecount="0"/>
        <line num="1357" count="1" type="stmt"/>
        <line num="1374" count="8" type="stmt"/>
        <line num="1395" count="0" type="stmt"/>
        <line num="1452" count="9" type="cond" truecount="2" falsecount="0"/>
        <line num="1453" count="9" type="stmt"/>
        <line num="1454" count="9" type="stmt"/>
        <line num="1455" count="9" type="cond" truecount="2" falsecount="0"/>
        <line num="1456" count="1" type="stmt"/>
        <line num="1462" count="8" type="cond" truecount="2" falsecount="0"/>
        <line num="1463" count="2" type="stmt"/>
        <line num="1472" count="6" type="cond" truecount="2" falsecount="0"/>
        <line num="1473" count="2" type="stmt"/>
        <line num="1484" count="4" type="cond" truecount="2" falsecount="0"/>
        <line num="1485" count="1" type="stmt"/>
        <line num="1491" count="3" type="cond" truecount="2" falsecount="0"/>
        <line num="1492" count="1" type="stmt"/>
        <line num="1501" count="2" type="cond" truecount="2" falsecount="0"/>
        <line num="1506" count="1" type="stmt"/>
        <line num="1518" count="1" type="cond" truecount="2" falsecount="2"/>
        <line num="1519" count="9" type="stmt"/>
        <line num="1520" count="9" type="stmt"/>
      </file>
      <file name="iconResolve.ts" path="/home/zhey/sync/myrepo/ferrisscope/ui/src/components/ui/iconResolve.ts">
        <metrics statements="27" coveredstatements="26" conditionals="20" coveredconditionals="16" methods="4" coveredmethods="4"/>
        <line num="24" count="6" type="stmt"/>
        <line num="320" count="6" type="stmt"/>
        <line num="336" count="6" type="stmt"/>
        <line num="678" count="6" type="stmt"/>
        <line num="708" count="48" type="stmt"/>
        <line num="717" count="104" type="cond" truecount="2" falsecount="0"/>
        <line num="718" count="6" type="cond" truecount="2" falsecount="0"/>
        <line num="719" count="2" type="cond" truecount="1" falsecount="1"/>
        <line num="720" count="0" type="stmt"/>
        <line num="729" count="109" type="stmt"/>
        <line num="730" count="109" type="cond" truecount="2" falsecount="0"/>
        <line num="733" count="105" type="stmt"/>
        <line num="734" count="109" type="cond" truecount="2" falsecount="0"/>
        <line num="735" count="64" type="stmt"/>
        <line num="736" count="64" type="cond" truecount="1" falsecount="1"/>
        <line num="740" count="41" type="stmt"/>
        <line num="741" count="41" type="stmt"/>
        <line num="742" count="41" type="stmt"/>
        <line num="743" count="6711" type="cond" truecount="2" falsecount="0"/>
        <line num="744" count="37" type="stmt"/>
        <line num="745" count="37" type="cond" truecount="1" falsecount="1"/>
        <line num="750" count="4" type="stmt"/>
        <line num="751" count="4" type="stmt"/>
        <line num="752" count="41" type="cond" truecount="2" falsecount="0"/>
        <line num="753" count="3" type="stmt"/>
        <line num="754" count="3" type="cond" truecount="1" falsecount="1"/>
        <line num="759" count="1" type="stmt"/>
      </file>
      <file name="icons.tsx" path="/home/zhey/sync/myrepo/ferrisscope/ui/src/components/ui/icons.tsx">
        <metrics statements="5" coveredstatements="5" conditionals="0" coveredconditionals="0" methods="1" coveredmethods="1"/>
        <line num="7" count="6" type="stmt"/>
        <line num="11" count="1320" type="stmt"/>
        <line num="16" count="6" type="stmt"/>
        <line num="379" count="6" type="stmt"/>
        <line num="589" count="6" type="stmt"/>
      </file>
      <file name="index.ts" path="/home/zhey/sync/myrepo/ferrisscope/ui/src/components/ui/index.ts">
        <metrics statements="0" coveredstatements="0" conditionals="0" coveredconditionals="0" methods="0" coveredmethods="0"/>
      </file>
    </package>
    <package name="src.lib">
      <metrics statements="232" coveredstatements="218" conditionals="204" coveredconditionals="162" methods="44" coveredmethods="43"/>
      <file name="ansi.tsx" path="/home/zhey/sync/myrepo/ferrisscope/ui/src/lib/ansi.tsx">
        <metrics statements="49" coveredstatements="35" conditionals="56" coveredconditionals="25" methods="5" coveredmethods="5"/>
        <line num="26" count="1" type="stmt"/>
        <line num="27" count="1" type="stmt"/>
        <line num="28" count="1" type="stmt"/>
        <line num="31" count="10" type="stmt"/>
        <line num="38" count="1" type="stmt"/>
        <line num="39" count="1" type="stmt"/>
        <line num="42" count="3" type="stmt"/>
        <line num="45" count="3" type="cond" truecount="2" falsecount="0"/>
        <line num="46" count="3" type="cond" truecount="2" falsecount="0"/>
        <line num="47" count="3" type="cond" truecount="2" falsecount="0"/>
        <line num="48" count="3" type="cond" truecount="1" falsecount="1"/>
        <line num="49" count="3" type="cond" truecount="1" falsecount="1"/>
        <line num="50" count="0" type="cond" truecount="0" falsecount="2"/>
        <line num="51" count="0" type="cond" truecount="0" falsecount="2"/>
        <line num="52" count="0" type="cond" truecount="0" falsecount="2"/>
        <line num="53" count="0" type="cond" truecount="0" falsecount="2"/>
        <line num="54" count="0" type="cond" truecount="0" falsecount="2"/>
        <line num="57" count="0" type="cond" truecount="0" falsecount="2"/>
        <line num="58" count="0" type="cond" truecount="0" falsecount="2"/>
        <line num="61" count="0" type="cond" truecount="0" falsecount="2"/>
        <line num="63" count="0" type="cond" truecount="0" falsecount="2"/>
        <line num="65" count="0" type="cond" truecount="0" falsecount="2"/>
        <line num="66" count="0" type="cond" truecount="0" falsecount="2"/>
        <line num="67" count="0" type="cond" truecount="0" falsecount="2"/>
        <line num="70" count="3" type="stmt"/>
        <line num="74" count="3" type="stmt"/>
        <line num="75" count="3" type="cond" truecount="2" falsecount="0"/>
        <line num="76" count="2" type="stmt"/>
        <line num="81" count="2" type="stmt"/>
        <line num="82" count="2" type="stmt"/>
        <line num="83" count="3" type="stmt"/>
        <line num="84" count="3" type="cond" truecount="3" falsecount="1"/>
        <line num="85" count="3" type="stmt"/>
        <line num="93" count="2" type="cond" truecount="1" falsecount="1"/>
        <line num="94" count="2" type="stmt"/>
        <line num="99" count="6" type="cond" truecount="4" falsecount="0"/>
        <line num="101" count="4" type="stmt"/>
        <line num="102" count="4" type="cond" truecount="2" falsecount="0"/>
        <line num="104" count="1" type="stmt"/>
        <line num="105" count="1" type="stmt"/>
        <line num="106" count="1" type="stmt"/>
        <line num="109" count="3" type="stmt"/>
        <line num="110" count="3" type="stmt"/>
        <line num="111" count="3" type="cond" truecount="1" falsecount="1"/>
        <line num="112" count="0" type="stmt"/>
        <line num="113" count="0" type="cond" truecount="0" falsecount="2"/>
        <line num="115" count="3" type="stmt"/>
        <line num="121" count="8" type="cond" truecount="4" falsecount="0"/>
        <line num="122" count="7" type="stmt"/>
      </file>
      <file name="dialog.ts" path="/home/zhey/sync/myrepo/ferrisscope/ui/src/lib/dialog.ts">
        <metrics statements="18" coveredstatements="18" conditionals="12" coveredconditionals="12" methods="9" coveredmethods="9"/>
        <line num="17" count="1" type="stmt"/>
        <line num="18" count="11" type="stmt"/>
        <line num="21" count="3" type="stmt"/>
        <line num="22" count="3" type="stmt"/>
        <line num="34" count="1" type="stmt"/>
        <line num="42" count="8" type="stmt"/>
        <line num="47" count="8" type="stmt"/>
        <line num="48" count="8" type="cond" truecount="2" falsecount="0"/>
        <line num="49" count="8" type="cond" truecount="2" falsecount="0"/>
        <line num="50" count="8" type="stmt"/>
        <line num="57" count="8" type="stmt"/>
        <line num="58" count="8" type="stmt"/>
        <line num="61" count="1" type="stmt"/>
        <line num="62" count="3" type="stmt"/>
        <line num="63" count="2" type="stmt"/>
        <line num="64" count="2" type="stmt"/>
        <line num="65" count="1" type="stmt"/>
        <line num="66" count="1" type="stmt"/>
      </file>
      <file name="keyboard.ts" path="/home/zhey/sync/myrepo/ferrisscope/ui/src/lib/keyboard.ts">
        <metrics statements="20" coveredstatements="20" conditionals="35" coveredconditionals="28" methods="5" coveredmethods="5"/>
        <line num="6" count="1" type="stmt"/>
        <line num="7" count="1" type="cond" truecount="1" falsecount="1"/>
        <line num="11" count="1" type="cond" truecount="2" falsecount="1"/>
        <line num="12" count="1" type="stmt"/>
        <line num="15" count="1" type="cond" truecount="1" falsecount="1"/>
        <line num="16" count="1" type="cond" truecount="1" falsecount="1"/>
        <line num="17" count="1" type="cond" truecount="1" falsecount="1"/>
        <line num="23" count="5" type="stmt"/>
        <line num="24" count="12" type="cond" truecount="2" falsecount="0"/>
        <line num="25" count="8" type="cond" truecount="2" falsecount="0"/>
        <line num="26" count="6" type="cond" truecount="2" falsecount="0"/>
        <line num="27" count="5" type="stmt"/>
        <line num="34" count="2" type="cond" truecount="1" falsecount="1"/>
        <line num="59" count="11" type="cond" truecount="2" falsecount="0"/>
        <line num="60" count="11" type="cond" truecount="5" falsecount="0"/>
        <line num="61" count="9" type="stmt"/>
        <line num="62" count="9" type="cond" truecount="5" falsecount="0"/>
        <line num="63" count="2" type="stmt"/>
        <line num="64" count="2" type="cond" truecount="3" falsecount="1"/>
        <line num="66" count="7" type="stmt"/>
      </file>
      <file name="logFormat.ts" path="/home/zhey/sync/myrepo/ferrisscope/ui/src/lib/logFormat.ts">
        <metrics statements="8" coveredstatements="8" conditionals="6" coveredconditionals="6" methods="1" coveredmethods="1"/>
        <line num="11" count="1" type="stmt"/>
        <line num="19" count="6" type="cond" truecount="2" falsecount="0"/>
        <line num="20" count="6" type="stmt"/>
        <line num="21" count="6" type="cond" truecount="2" falsecount="0"/>
        <line num="22" count="3" type="stmt"/>
        <line num="23" count="3" type="cond" truecount="2" falsecount="0"/>
        <line num="25" count="2" type="stmt"/>
        <line num="29" count="2" type="stmt"/>
      </file>
      <file name="tableFilter.ts" path="/home/zhey/sync/myrepo/ferrisscope/ui/src/lib/tableFilter.ts">
        <metrics statements="11" coveredstatements="11" conditionals="4" coveredconditionals="4" methods="5" coveredmethods="5"/>
        <line num="29" count="1" type="stmt"/>
        <line num="32" count="38" type="stmt"/>
        <line num="33" count="38" type="cond" truecount="2" falsecount="0"/>
        <line num="35" count="34" type="cond" truecount="2" falsecount="0"/>
        <line num="36" count="26" type="stmt"/>
        <line num="37" count="26" type="stmt"/>
        <line num="38" count="26" type="stmt"/>
        <line num="40" count="2" type="stmt"/>
        <line num="44" count="8" type="stmt"/>
        <line num="45" count="8" type="stmt"/>
        <line num="47" count="5" type="stmt"/>
      </file>
      <file name="useMetricsSubscription.ts" path="/home/zhey/sync/myrepo/ferrisscope/ui/src/lib/useMetricsSubscription.ts">
        <metrics statements="15" coveredstatements="15" conditionals="10" coveredconditionals="8" methods="7" coveredmethods="6"/>
        <line num="24" count="30" type="stmt"/>
        <line num="25" count="9" type="stmt"/>
        <line num="26" count="9" type="cond" truecount="2" falsecount="0"/>
        <line num="27" count="8" type="stmt"/>
        <line num="28" count="8" type="stmt"/>
        <line num="29" count="8" type="stmt"/>
        <line num="30" count="8" type="stmt"/>
        <line num="31" count="8" type="stmt"/>
        <line num="32" count="1" type="cond" truecount="1" falsecount="1"/>
        <line num="34" count="8" type="stmt"/>
        <line num="35" count="7" type="cond" truecount="4" falsecount="0"/>
        <line num="40" count="8" type="stmt"/>
        <line num="41" count="8" type="stmt"/>
        <line num="42" count="8" type="cond" truecount="1" falsecount="1"/>
        <line num="43" count="8" type="stmt"/>
      </file>
      <file name="yamlEdit.ts" path="/home/zhey/sync/myrepo/ferrisscope/ui/src/lib/yamlEdit.ts">
        <metrics statements="86" coveredstatements="86" conditionals="79" coveredconditionals="77" methods="9" coveredmethods="9"/>
        <line num="24" count="1" type="stmt"/>
        <line num="40" count="1" type="stmt"/>
        <line num="45" count="6" type="cond" truecount="2" falsecount="0"/>
        <line num="46" count="3" type="stmt"/>
        <line num="47" count="3" type="stmt"/>
        <line num="48" count="15" type="cond" truecount="2" falsecount="0"/>
        <line num="49" count="12" type="cond" truecount="4" falsecount="0"/>
        <line num="50" count="3" type="stmt"/>
        <line num="51" count="3" type="stmt"/>
        <line num="52" count="14" type="cond" truecount="2" falsecount="0"/>
        <line num="53" count="8" type="cond" truecount="4" falsecount="0"/>
        <line num="54" count="2" type="stmt"/>
        <line num="55" count="2" type="stmt"/>
        <line num="56" count="3" type="cond" truecount="2" falsecount="0"/>
        <line num="57" count="1" type="stmt"/>
        <line num="61" count="2" type="cond" truecount="2" falsecount="0"/>
        <line num="62" count="2" type="stmt"/>
        <line num="64" count="6" type="stmt"/>
        <line num="66" count="3" type="stmt"/>
        <line num="67" count="3" type="stmt"/>
        <line num="69" count="9" type="stmt"/>
        <line num="71" count="3" type="stmt"/>
        <line num="75" count="4" type="stmt"/>
        <line num="76" count="4" type="cond" truecount="2" falsecount="0"/>
        <line num="80" count="2" type="stmt"/>
        <line num="89" count="1" type="stmt"/>
        <line num="111" count="1" type="stmt"/>
        <line num="112" count="1" type="stmt"/>
        <line num="115" count="18" type="cond" truecount="1" falsecount="1"/>
        <line num="116" count="18" type="stmt"/>
        <line num="117" count="18" type="stmt"/>
        <line num="118" count="46" type="cond" truecount="2" falsecount="0"/>
        <line num="119" count="30" type="cond" truecount="4" falsecount="0"/>
        <line num="120" count="8" type="stmt"/>
        <line num="121" count="8" type="stmt"/>
        <line num="122" count="44" type="cond" truecount="2" falsecount="0"/>
        <line num="123" count="30" type="stmt"/>
        <line num="125" count="8" type="cond" truecount="2" falsecount="0"/>
        <line num="126" count="8" type="stmt"/>
        <line num="128" count="22" type="stmt"/>
        <line num="130" count="18" type="stmt"/>
        <line num="134" count="9" type="stmt"/>
        <line num="135" count="9" type="stmt"/>
        <line num="137" count="9" type="stmt"/>
        <line num="138" count="9" type="stmt"/>
        <line num="140" count="9" type="cond" truecount="4" falsecount="0"/>
        <line num="141" count="9" type="cond" truecount="2" falsecount="0"/>
        <line num="142" count="9" type="cond" truecount="2" falsecount="0"/>
        <line num="143" count="9" type="stmt"/>
        <line num="154" count="1" type="stmt"/>
        <line num="162" count="26" type="cond" truecount="2" falsecount="0"/>
        <line num="165" count="18" type="cond" truecount="4" falsecount="0"/>
        <line num="166" count="14" type="stmt"/>
        <line num="167" count="14" type="stmt"/>
        <line num="168" count="14" type="stmt"/>
        <line num="169" count="19" type="cond" truecount="2" falsecount="0"/>
        <line num="171" count="2" type="stmt"/>
        <line num="172" count="2" type="stmt"/>
        <line num="173" count="2" type="stmt"/>
        <line num="174" count="2" type="stmt"/>
        <line num="176" count="17" type="stmt"/>
        <line num="177" count="17" type="cond" truecount="2" falsecount="0"/>
        <line num="178" count="10" type="stmt"/>
        <line num="179" count="10" type="stmt"/>
        <line num="184" count="14" type="stmt"/>
        <line num="185" count="19" type="cond" truecount="2" falsecount="0"/>
        <line num="187" count="14" type="cond" truecount="2" falsecount="0"/>
        <line num="193" count="4" type="stmt"/>
        <line num="194" count="4" type="stmt"/>
        <line num="198" count="83" type="cond" truecount="2" falsecount="0"/>
        <line num="199" count="50" type="cond" truecount="2" falsecount="0"/>
        <line num="200" count="48" type="cond" truecount="2" falsecount="0"/>
        <line num="201" count="5" type="cond" truecount="4" falsecount="0"/>
        <line num="202" count="2" type="stmt"/>
        <line num="203" count="2" type="cond" truecount="1" falsecount="1"/>
        <line num="205" count="2" type="stmt"/>
        <line num="207" count="43" type="cond" truecount="4" falsecount="0"/>
        <line num="208" count="36" type="stmt"/>
        <line num="209" count="36" type="stmt"/>
        <line num="210" count="36" type="cond" truecount="2" falsecount="0"/>
        <line num="211" count="32" type="stmt"/>
        <line num="212" count="57" type="cond" truecount="2" falsecount="0"/>
        <line num="213" count="55" type="cond" truecount="2" falsecount="0"/>
        <line num="215" count="14" type="stmt"/>
        <line num="217" count="7" type="stmt"/>
        <line num="221" count="155" type="cond" truecount="3" falsecount="0"/>
      </file>
      <file name="yamlTemplates.ts" path="/home/zhey/sync/myrepo/ferrisscope/ui/src/lib/yamlTemplates.ts">
        <metrics statements="25" coveredstatements="25" conditionals="2" coveredconditionals="2" methods="3" coveredmethods="3"/>
        <line num="22" count="1" type="stmt"/>
        <line num="46" count="1" type="stmt"/>
        <line num="68" count="1" type="stmt"/>
        <line num="103" count="1" type="stmt"/>
        <line num="126" count="1" type="stmt"/>
        <line num="142" count="1" type="stmt"/>
        <line num="162" count="1" type="stmt"/>
        <line num="178" count="1" type="stmt"/>
        <line num="198" count="1" type="stmt"/>
        <line num="209" count="1" type="stmt"/>
        <line num="221" count="1" type="stmt"/>
        <line num="232" count="1" type="stmt"/>
        <line num="239" count="1" type="stmt"/>
        <line num="251" count="1" type="stmt"/>
        <line num="272" count="1" type="stmt"/>
        <line num="283" count="1" type="stmt"/>
        <line num="298" count="1" type="stmt"/>
        <line num="308" count="1" type="stmt"/>
        <line num="322" count="1" type="stmt"/>
        <line num="328" count="1" type="stmt"/>
        <line num="350" count="1" type="stmt"/>
        <line num="353" count="2" type="stmt"/>
        <line num="354" count="20" type="cond" truecount="2" falsecount="0"/>
        <line num="355" count="1" type="stmt"/>
        <line num="359" count="1" type="stmt"/>
      </file>
    </package>
    <package name="src.test">
      <metrics statements="19" coveredstatements="16" conditionals="6" coveredconditionals="5" methods="11" coveredmethods="8"/>
      <file name="tauri-event-mock.ts" path="/home/zhey/sync/myrepo/ferrisscope/ui/src/test/tauri-event-mock.ts">
        <metrics statements="12" coveredstatements="11" conditionals="6" coveredconditionals="5" methods="6" coveredmethods="5"/>
        <line num="11" count="7" type="stmt"/>
        <line num="17" count="22" type="cond" truecount="2" falsecount="0"/>
        <line num="18" count="22" type="stmt"/>
        <line num="19" count="22" type="stmt"/>
        <line num="20" count="22" type="stmt"/>
        <line num="21" count="9" type="stmt"/>
        <line num="26" count="0" type="stmt"/>
        <line num="32" count="12" type="stmt"/>
        <line num="33" count="12" type="cond" truecount="1" falsecount="1"/>
        <line num="34" count="12" type="stmt"/>
        <line num="38" count="21" type="stmt"/>
        <line num="42" count="17" type="cond" truecount="2" falsecount="0"/>
      </file>
      <file name="tauri-mock.ts" path="/home/zhey/sync/myrepo/ferrisscope/ui/src/test/tauri-mock.ts">
        <metrics statements="7" coveredstatements="5" conditionals="0" coveredconditionals="0" methods="5" coveredmethods="3"/>
        <line num="7" count="7" type="stmt"/>
        <line num="10" count="0" type="stmt"/>
        <line num="14" count="101" type="stmt"/>
        <line num="18" count="123" type="stmt"/>
        <line num="19" count="0" type="stmt"/>
        <line num="27" count="154" type="stmt"/>
        <line num="28" count="154" type="stmt"/>
      </file>
    </package>
  </project>
</coverage>
