{"/home/zhey/sync/myrepo/ferrisscope/ui/src/api.ts": {"path":"/home/zhey/sync/myrepo/ferrisscope/ui/src/api.ts","statementMap":{"0":{"start":{"line":108,"column":19},"end":{"line":982,"column":null}},"1":{"start":{"line":109,"column":2},"end":{"line":109,"column":37}},"2":{"start":{"line":110,"column":2},"end":{"line":110,"column":66}},"3":{"start":{"line":111,"column":2},"end":{"line":111,"column":75}},"4":{"start":{"line":112,"column":2},"end":{"line":112,"column":56}},"5":{"start":{"line":113,"column":2},"end":{"line":113,"column":70}},"6":{"start":{"line":114,"column":16},"end":{"line":115,"column":45}},"7":{"start":{"line":116,"column":2},"end":{"line":116,"column":60}},"8":{"start":{"line":117,"column":33},"end":{"line":118,"column":63}},"9":{"start":{"line":119,"column":18},"end":{"line":120,"column":49}},"10":{"start":{"line":122,"column":2},"end":{"line":122,"column":72}},"11":{"start":{"line":125,"column":28},"end":{"line":126,"column":71}},"12":{"start":{"line":130,"column":37},"end":{"line":136,"column":6}},"13":{"start":{"line":137,"column":43},"end":{"line":138,"column":63}},"14":{"start":{"line":142,"column":24},"end":{"line":143,"column":56}},"15":{"start":{"line":148,"column":21},"end":{"line":149,"column":52}},"16":{"start":{"line":153,"column":57},"end":{"line":154,"column":76}},"17":{"start":{"line":159,"column":4},"end":{"line":166,"column":6}},"18":{"start":{"line":167,"column":55},"end":{"line":168,"column":75}},"19":{"start":{"line":169,"column":62},"end":{"line":174,"column":6}},"20":{"start":{"line":175,"column":62},"end":{"line":180,"column":6}},"21":{"start":{"line":181,"column":63},"end":{"line":186,"column":6}},"22":{"start":{"line":187,"column":61},"end":{"line":192,"column":6}},"23":{"start":{"line":193,"column":55},"end":{"line":194,"column":75}},"24":{"start":{"line":195,"column":59},"end":{"line":200,"column":6}},"25":{"start":{"line":201,"column":37},"end":{"line":202,"column":66}},"26":{"start":{"line":203,"column":42},"end":{"line":204,"column":76}},"27":{"start":{"line":205,"column":57},"end":{"line":206,"column":79}},"28":{"start":{"line":207,"column":59},"end":{"line":212,"column":6}},"29":{"start":{"line":213,"column":61},"end":{"line":218,"column":6}},"30":{"start":{"line":222,"column":4},"end":{"line":228,"column":6}},"31":{"start":{"line":229,"column":59},"end":{"line":234,"column":6}},"32":{"start":{"line":235,"column":45},"end":{"line":239,"column":6}},"33":{"start":{"line":243,"column":4},"end":{"line":249,"column":6}},"34":{"start":{"line":250,"column":61},"end":{"line":255,"column":6}},"35":{"start":{"line":256,"column":58},"end":{"line":261,"column":6}},"36":{"start":{"line":264,"column":49},"end":{"line":268,"column":6}},"37":{"start":{"line":271,"column":46},"end":{"line":275,"column":6}},"38":{"start":{"line":278,"column":43},"end":{"line":282,"column":6}},"39":{"start":{"line":286,"column":4},"end":{"line":292,"column":6}},"40":{"start":{"line":302,"column":4},"end":{"line":311,"column":6}},"41":{"start":{"line":312,"column":2},"end":{"line":312,"column":62}},"42":{"start":{"line":317,"column":4},"end":{"line":324,"column":6}},"43":{"start":{"line":332,"column":4},"end":{"line":342,"column":6}},"44":{"start":{"line":346,"column":4},"end":{"line":352,"column":6}},"45":{"start":{"line":353,"column":62},"end":{"line":358,"column":6}},"46":{"start":{"line":362,"column":4},"end":{"line":368,"column":6}},"47":{"start":{"line":369,"column":49},"end":{"line":373,"column":6}},"48":{"start":{"line":374,"column":45},"end":{"line":378,"column":6}},"49":{"start":{"line":379,"column":57},"end":{"line":382,"column":null}},"50":{"start":{"line":388,"column":4},"end":{"line":395,"column":6}},"51":{"start":{"line":399,"column":4},"end":{"line":405,"column":6}},"52":{"start":{"line":406,"column":56},"end":{"line":407,"column":77}},"53":{"start":{"line":411,"column":4},"end":{"line":417,"column":6}},"54":{"start":{"line":418,"column":44},"end":{"line":422,"column":6}},"55":{"start":{"line":423,"column":51},"end":{"line":427,"column":6}},"56":{"start":{"line":431,"column":4},"end":{"line":435,"column":null}},"57":{"start":{"line":440,"column":4},"end":{"line":446,"column":6}},"58":{"start":{"line":447,"column":46},"end":{"line":451,"column":6}},"59":{"start":{"line":455,"column":4},"end":{"line":459,"column":null}},"60":{"start":{"line":461,"column":57},"end":{"line":466,"column":6}},"61":{"start":{"line":467,"column":61},"end":{"line":470,"column":null}},"62":{"start":{"line":472,"column":63},"end":{"line":475,"column":null}},"63":{"start":{"line":485,"column":4},"end":{"line":492,"column":6}},"64":{"start":{"line":501,"column":4},"end":{"line":509,"column":6}},"65":{"start":{"line":522,"column":4},"end":{"line":531,"column":6}},"66":{"start":{"line":535,"column":48},"end":{"line":536,"column":64}},"67":{"start":{"line":541,"column":47},"end":{"line":542,"column":69}},"68":{"start":{"line":545,"column":38},"end":{"line":546,"column":71}},"69":{"start":{"line":550,"column":53},"end":{"line":551,"column":79}},"70":{"start":{"line":556,"column":35},"end":{"line":557,"column":70}},"71":{"start":{"line":567,"column":4},"end":{"line":569,"column":78}},"72":{"start":{"line":584,"column":20},"end":{"line":584,"column":43}},"73":{"start":{"line":585,"column":4},"end":{"line":585,"column":null}},"74":{"start":{"line":586,"column":21},"end":{"line":592,"column":6}},"75":{"start":{"line":593,"column":4},"end":{"line":601,"column":null}},"76":{"start":{"line":599,"column":8},"end":{"line":599,"column":null}},"77":{"start":{"line":603,"column":18},"end":{"line":604,"column":49}},"78":{"start":{"line":609,"column":21},"end":{"line":610,"column":70}},"79":{"start":{"line":611,"column":23},"end":{"line":612,"column":54}},"80":{"start":{"line":616,"column":2},"end":{"line":617,"column":59}},"81":{"start":{"line":618,"column":45},"end":{"line":619,"column":54}},"82":{"start":{"line":623,"column":2},"end":{"line":624,"column":57}},"83":{"start":{"line":625,"column":24},"end":{"line":626,"column":63}},"84":{"start":{"line":627,"column":27},"end":{"line":628,"column":68}},"85":{"start":{"line":629,"column":42},"end":{"line":630,"column":75}},"86":{"start":{"line":631,"column":28},"end":{"line":632,"column":66}},"87":{"start":{"line":633,"column":27},"end":{"line":634,"column":52}},"88":{"start":{"line":637,"column":4},"end":{"line":649,"column":6}},"89":{"start":{"line":650,"column":33},"end":{"line":651,"column":65}},"90":{"start":{"line":655,"column":28},"end":{"line":656,"column":60}},"91":{"start":{"line":657,"column":32},"end":{"line":658,"column":65}},"92":{"start":{"line":659,"column":25},"end":{"line":660,"column":57}},"93":{"start":{"line":664,"column":2},"end":{"line":664,"column":64}},"94":{"start":{"line":665,"column":52},"end":{"line":666,"column":63}},"95":{"start":{"line":671,"column":2},"end":{"line":671,"column":44}},"96":{"start":{"line":672,"column":13},"end":{"line":672,"column":66}},"97":{"start":{"line":686,"column":4},"end":{"line":694,"column":6}},"98":{"start":{"line":695,"column":11},"end":{"line":695,"column":57}},"99":{"start":{"line":696,"column":2},"end":{"line":696,"column":49}},"100":{"start":{"line":698,"column":31},"end":{"line":699,"column":52}},"101":{"start":{"line":707,"column":4},"end":{"line":714,"column":6}},"102":{"start":{"line":735,"column":20},"end":{"line":735,"column":48}},"103":{"start":{"line":736,"column":4},"end":{"line":738,"column":null}},"104":{"start":{"line":737,"column":6},"end":{"line":738,"column":null}},"105":{"start":{"line":737,"column":31},"end":{"line":737,"column":null}},"106":{"start":{"line":738,"column":11},"end":{"line":738,"column":null}},"107":{"start":{"line":740,"column":22},"end":{"line":744,"column":6}},"108":{"start":{"line":745,"column":4},"end":{"line":750,"column":null}},"109":{"start":{"line":748,"column":8},"end":{"line":748,"column":null}},"110":{"start":{"line":764,"column":20},"end":{"line":764,"column":48}},"111":{"start":{"line":765,"column":4},"end":{"line":767,"column":null}},"112":{"start":{"line":766,"column":6},"end":{"line":767,"column":null}},"113":{"start":{"line":766,"column":31},"end":{"line":766,"column":null}},"114":{"start":{"line":767,"column":11},"end":{"line":767,"column":null}},"115":{"start":{"line":769,"column":22},"end":{"line":776,"column":6}},"116":{"start":{"line":777,"column":4},"end":{"line":782,"column":null}},"117":{"start":{"line":780,"column":8},"end":{"line":780,"column":null}},"118":{"start":{"line":798,"column":20},"end":{"line":798,"column":48}},"119":{"start":{"line":799,"column":4},"end":{"line":801,"column":null}},"120":{"start":{"line":800,"column":6},"end":{"line":801,"column":null}},"121":{"start":{"line":800,"column":31},"end":{"line":800,"column":null}},"122":{"start":{"line":801,"column":11},"end":{"line":801,"column":null}},"123":{"start":{"line":803,"column":22},"end":{"line":816,"column":6}},"124":{"start":{"line":817,"column":4},"end":{"line":822,"column":null}},"125":{"start":{"line":820,"column":8},"end":{"line":820,"column":null}},"126":{"start":{"line":825,"column":37},"end":{"line":826,"column":54}},"127":{"start":{"line":827,"column":52},"end":{"line":828,"column":62}},"128":{"start":{"line":829,"column":18},"end":{"line":830,"column":49}},"129":{"start":{"line":835,"column":17},"end":{"line":835,"column":45}},"130":{"start":{"line":843,"column":30},"end":{"line":844,"column":70}},"131":{"start":{"line":848,"column":24},"end":{"line":849,"column":73}},"132":{"start":{"line":850,"column":43},"end":{"line":851,"column":64}},"133":{"start":{"line":854,"column":23},"end":{"line":855,"column":54}},"134":{"start":{"line":856,"column":46},"end":{"line":857,"column":69}},"135":{"start":{"line":863,"column":4},"end":{"line":871,"column":6}},"136":{"start":{"line":878,"column":2},"end":{"line":878,"column":64}},"137":{"start":{"line":879,"column":18},"end":{"line":880,"column":56}},"138":{"start":{"line":883,"column":44},"end":{"line":884,"column":73}},"139":{"start":{"line":885,"column":23},"end":{"line":886,"column":64}},"140":{"start":{"line":890,"column":17},"end":{"line":891,"column":58}},"141":{"start":{"line":892,"column":2},"end":{"line":892,"column":54}},"142":{"start":{"line":893,"column":19},"end":{"line":894,"column":59}},"143":{"start":{"line":895,"column":18},"end":{"line":896,"column":56}},"144":{"start":{"line":899,"column":17},"end":{"line":900,"column":55}},"145":{"start":{"line":904,"column":41},"end":{"line":905,"column":68}},"146":{"start":{"line":906,"column":21},"end":{"line":907,"column":62}},"147":{"start":{"line":908,"column":20},"end":{"line":909,"column":59}},"148":{"start":{"line":910,"column":41},"end":{"line":911,"column":61}},"149":{"start":{"line":912,"column":22},"end":{"line":913,"column":54}},"150":{"start":{"line":931,"column":20},"end":{"line":931,"column":44}},"151":{"start":{"line":932,"column":4},"end":{"line":932,"column":null}},"152":{"start":{"line":933,"column":19},"end":{"line":936,"column":6}},"153":{"start":{"line":937,"column":4},"end":{"line":948,"column":null}},"154":{"start":{"line":946,"column":8},"end":{"line":946,"column":null}},"155":{"start":{"line":950,"column":36},"end":{"line":951,"column":58}},"156":{"start":{"line":952,"column":24},"end":{"line":953,"column":53}},"157":{"start":{"line":954,"column":40},"end":{"line":955,"column":60}},"158":{"start":{"line":956,"column":33},"end":{"line":957,"column":53}},"159":{"start":{"line":958,"column":16},"end":{"line":958,"column":75}},"160":{"start":{"line":963,"column":22},"end":{"line":964,"column":51}},"161":{"start":{"line":965,"column":18},"end":{"line":966,"column":53}},"162":{"start":{"line":967,"column":14},"end":{"line":967,"column":71}},"163":{"start":{"line":971,"column":4},"end":{"line":977,"column":6}},"164":{"start":{"line":978,"column":2},"end":{"line":978,"column":72}},"165":{"start":{"line":979,"column":2},"end":{"line":980,"column":59}},"166":{"start":{"line":981,"column":2},"end":{"line":981,"column":null}},"167":{"start":{"line":989,"column":12},"end":{"line":989,"column":null}},"168":{"start":{"line":990,"column":2},"end":{"line":992,"column":null}},"169":{"start":{"line":990,"column":15},"end":{"line":990,"column":18}},"170":{"start":{"line":991,"column":14},"end":{"line":991,"column":25}},"171":{"start":{"line":992,"column":4},"end":{"line":992,"column":null}},"172":{"start":{"line":994,"column":2},"end":{"line":994,"column":null}},"173":{"start":{"line":1002,"column":15},"end":{"line":1002,"column":null}},"174":{"start":{"line":1006,"column":2},"end":{"line":1013,"column":null}},"175":{"start":{"line":1007,"column":14},"end":{"line":1007,"column":null}},"176":{"start":{"line":1008,"column":4},"end":{"line":1011,"column":null}},"177":{"start":{"line":1009,"column":6},"end":{"line":1009,"column":null}},"178":{"start":{"line":1009,"column":25},"end":{"line":1009,"column":null}},"179":{"start":{"line":1011,"column":6},"end":{"line":1011,"column":null}},"180":{"start":{"line":1020,"column":15},"end":{"line":1020,"column":null}},"181":{"start":{"line":1021,"column":2},"end":{"line":1021,"column":null}},"182":{"start":{"line":1021,"column":46},"end":{"line":1021,"column":64}},"183":{"start":{"line":1032,"column":15},"end":{"line":1032,"column":null}},"184":{"start":{"line":1033,"column":2},"end":{"line":1033,"column":null}},"185":{"start":{"line":1033,"column":49},"end":{"line":1033,"column":67}},"186":{"start":{"line":1045,"column":15},"end":{"line":1045,"column":null}},"187":{"start":{"line":1046,"column":2},"end":{"line":1046,"column":null}},"188":{"start":{"line":1046,"column":42},"end":{"line":1046,"column":60}},"189":{"start":{"line":1052,"column":2},"end":{"line":1052,"column":null}},"190":{"start":{"line":1052,"column":54},"end":{"line":1052,"column":72}},"191":{"start":{"line":1063,"column":2},"end":{"line":1065,"column":null}},"192":{"start":{"line":1064,"column":4},"end":{"line":1064,"column":22}},"193":{"start":{"line":1076,"column":2},"end":{"line":1078,"column":null}},"194":{"start":{"line":1077,"column":4},"end":{"line":1077,"column":22}},"195":{"start":{"line":1088,"column":2},"end":{"line":1088,"column":null}},"196":{"start":{"line":1088,"column":52},"end":{"line":1088,"column":61}}},"fnMap":{"0":{"name":"(anonymous_0)","decl":{"start":{"line":109,"column":2},"end":{"line":109,"column":14}},"loc":{"start":{"line":109,"column":2},"end":{"line":109,"column":37}},"line":109},"1":{"name":"(anonymous_1)","decl":{"start":{"line":110,"column":2},"end":{"line":110,"column":24}},"loc":{"start":{"line":110,"column":2},"end":{"line":110,"column":66}},"line":110},"2":{"name":"(anonymous_2)","decl":{"start":{"line":111,"column":2},"end":{"line":111,"column":26}},"loc":{"start":{"line":111,"column":2},"end":{"line":111,"column":75}},"line":111},"3":{"name":"(anonymous_3)","decl":{"start":{"line":112,"column":2},"end":{"line":112,"column":21}},"loc":{"start":{"line":112,"column":2},"end":{"line":112,"column":56}},"line":112},"4":{"name":"(anonymous_4)","decl":{"start":{"line":113,"column":2},"end":{"line":113,"column":24}},"loc":{"start":{"line":113,"column":2},"end":{"line":113,"column":70}},"line":113},"5":{"name":"(anonymous_5)","decl":{"start":{"line":114,"column":2},"end":{"line":114,"column":16}},"loc":{"start":{"line":114,"column":16},"end":{"line":115,"column":45}},"line":114},"6":{"name":"(anonymous_6)","decl":{"start":{"line":116,"column":2},"end":{"line":116,"column":22}},"loc":{"start":{"line":116,"column":2},"end":{"line":116,"column":60}},"line":116},"7":{"name":"(anonymous_7)","decl":{"start":{"line":117,"column":2},"end":{"line":117,"column":19}},"loc":{"start":{"line":117,"column":33},"end":{"line":118,"column":63}},"line":117},"8":{"name":"(anonymous_8)","decl":{"start":{"line":119,"column":2},"end":{"line":119,"column":18}},"loc":{"start":{"line":119,"column":18},"end":{"line":120,"column":49}},"line":119},"9":{"name":"(anonymous_9)","decl":{"start":{"line":122,"column":2},"end":{"line":122,"column":27}},"loc":{"start":{"line":122,"column":2},"end":{"line":122,"column":72}},"line":122},"10":{"name":"(anonymous_10)","decl":{"start":{"line":125,"column":2},"end":{"line":125,"column":28}},"loc":{"start":{"line":125,"column":28},"end":{"line":126,"column":71}},"line":125},"11":{"name":"(anonymous_11)","decl":{"start":{"line":127,"column":2},"end":{"line":127,"column":null}},"loc":{"start":{"line":130,"column":37},"end":{"line":136,"column":6}},"line":130},"12":{"name":"(anonymous_12)","decl":{"start":{"line":137,"column":2},"end":{"line":137,"column":24}},"loc":{"start":{"line":137,"column":43},"end":{"line":138,"column":63}},"line":137},"13":{"name":"(anonymous_13)","decl":{"start":{"line":142,"column":2},"end":{"line":142,"column":24}},"loc":{"start":{"line":142,"column":24},"end":{"line":143,"column":56}},"line":142},"14":{"name":"(anonymous_14)","decl":{"start":{"line":148,"column":2},"end":{"line":148,"column":21}},"loc":{"start":{"line":148,"column":21},"end":{"line":149,"column":52}},"line":148},"15":{"name":"(anonymous_15)","decl":{"start":{"line":153,"column":2},"end":{"line":153,"column":23}},"loc":{"start":{"line":153,"column":57},"end":{"line":154,"column":76}},"line":153},"16":{"name":"(anonymous_16)","decl":{"start":{"line":155,"column":2},"end":{"line":155,"column":null}},"loc":{"start":{"line":159,"column":4},"end":{"line":166,"column":6}},"line":159},"17":{"name":"(anonymous_17)","decl":{"start":{"line":167,"column":2},"end":{"line":167,"column":17}},"loc":{"start":{"line":167,"column":55},"end":{"line":168,"column":75}},"line":167},"18":{"name":"(anonymous_18)","decl":{"start":{"line":169,"column":2},"end":{"line":169,"column":24}},"loc":{"start":{"line":169,"column":62},"end":{"line":174,"column":6}},"line":169},"19":{"name":"(anonymous_19)","decl":{"start":{"line":175,"column":2},"end":{"line":175,"column":24}},"loc":{"start":{"line":175,"column":62},"end":{"line":180,"column":6}},"line":175},"20":{"name":"(anonymous_20)","decl":{"start":{"line":181,"column":2},"end":{"line":181,"column":25}},"loc":{"start":{"line":181,"column":63},"end":{"line":186,"column":6}},"line":181},"21":{"name":"(anonymous_21)","decl":{"start":{"line":187,"column":2},"end":{"line":187,"column":23}},"loc":{"start":{"line":187,"column":61},"end":{"line":192,"column":6}},"line":187},"22":{"name":"(anonymous_22)","decl":{"start":{"line":193,"column":2},"end":{"line":193,"column":17}},"loc":{"start":{"line":193,"column":55},"end":{"line":194,"column":75}},"line":193},"23":{"name":"(anonymous_23)","decl":{"start":{"line":195,"column":2},"end":{"line":195,"column":21}},"loc":{"start":{"line":195,"column":59},"end":{"line":200,"column":6}},"line":195},"24":{"name":"(anonymous_24)","decl":{"start":{"line":201,"column":2},"end":{"line":201,"column":18}},"loc":{"start":{"line":201,"column":37},"end":{"line":202,"column":66}},"line":201},"25":{"name":"(anonymous_25)","decl":{"start":{"line":203,"column":2},"end":{"line":203,"column":23}},"loc":{"start":{"line":203,"column":42},"end":{"line":204,"column":76}},"line":203},"26":{"name":"(anonymous_26)","decl":{"start":{"line":205,"column":2},"end":{"line":205,"column":19}},"loc":{"start":{"line":205,"column":57},"end":{"line":206,"column":79}},"line":205},"27":{"name":"(anonymous_27)","decl":{"start":{"line":207,"column":2},"end":{"line":207,"column":21}},"loc":{"start":{"line":207,"column":59},"end":{"line":212,"column":6}},"line":207},"28":{"name":"(anonymous_28)","decl":{"start":{"line":213,"column":2},"end":{"line":213,"column":23}},"loc":{"start":{"line":213,"column":61},"end":{"line":218,"column":6}},"line":213},"29":{"name":"(anonymous_29)","decl":{"start":{"line":219,"column":2},"end":{"line":219,"column":null}},"loc":{"start":{"line":222,"column":4},"end":{"line":228,"column":6}},"line":222},"30":{"name":"(anonymous_30)","decl":{"start":{"line":229,"column":2},"end":{"line":229,"column":21}},"loc":{"start":{"line":229,"column":59},"end":{"line":234,"column":6}},"line":229},"31":{"name":"(anonymous_31)","decl":{"start":{"line":235,"column":2},"end":{"line":235,"column":26}},"loc":{"start":{"line":235,"column":45},"end":{"line":239,"column":6}},"line":235},"32":{"name":"(anonymous_32)","decl":{"start":{"line":240,"column":2},"end":{"line":240,"column":null}},"loc":{"start":{"line":243,"column":4},"end":{"line":249,"column":6}},"line":243},"33":{"name":"(anonymous_33)","decl":{"start":{"line":250,"column":2},"end":{"line":250,"column":23}},"loc":{"start":{"line":250,"column":61},"end":{"line":255,"column":6}},"line":250},"34":{"name":"(anonymous_34)","decl":{"start":{"line":256,"column":2},"end":{"line":256,"column":20}},"loc":{"start":{"line":256,"column":58},"end":{"line":261,"column":6}},"line":256},"35":{"name":"(anonymous_35)","decl":{"start":{"line":264,"column":2},"end":{"line":264,"column":30}},"loc":{"start":{"line":264,"column":49},"end":{"line":268,"column":6}},"line":264},"36":{"name":"(anonymous_36)","decl":{"start":{"line":271,"column":2},"end":{"line":271,"column":27}},"loc":{"start":{"line":271,"column":46},"end":{"line":275,"column":6}},"line":271},"37":{"name":"(anonymous_37)","decl":{"start":{"line":278,"column":2},"end":{"line":278,"column":24}},"loc":{"start":{"line":278,"column":43},"end":{"line":282,"column":6}},"line":278},"38":{"name":"(anonymous_38)","decl":{"start":{"line":283,"column":2},"end":{"line":283,"column":null}},"loc":{"start":{"line":286,"column":4},"end":{"line":292,"column":6}},"line":286},"39":{"name":"(anonymous_39)","decl":{"start":{"line":293,"column":2},"end":{"line":293,"column":null}},"loc":{"start":{"line":302,"column":4},"end":{"line":311,"column":6}},"line":302},"40":{"name":"(anonymous_40)","decl":{"start":{"line":312,"column":2},"end":{"line":312,"column":24}},"loc":{"start":{"line":312,"column":2},"end":{"line":312,"column":62}},"line":312},"41":{"name":"(anonymous_41)","decl":{"start":{"line":313,"column":2},"end":{"line":313,"column":null}},"loc":{"start":{"line":317,"column":4},"end":{"line":324,"column":6}},"line":317},"42":{"name":"(anonymous_42)","decl":{"start":{"line":325,"column":2},"end":{"line":325,"column":null}},"loc":{"start":{"line":332,"column":4},"end":{"line":342,"column":6}},"line":332},"43":{"name":"(anonymous_43)","decl":{"start":{"line":343,"column":2},"end":{"line":343,"column":null}},"loc":{"start":{"line":346,"column":4},"end":{"line":352,"column":6}},"line":346},"44":{"name":"(anonymous_44)","decl":{"start":{"line":353,"column":2},"end":{"line":353,"column":24}},"loc":{"start":{"line":353,"column":62},"end":{"line":358,"column":6}},"line":353},"45":{"name":"(anonymous_45)","decl":{"start":{"line":359,"column":2},"end":{"line":359,"column":null}},"loc":{"start":{"line":362,"column":4},"end":{"line":368,"column":6}},"line":362},"46":{"name":"(anonymous_46)","decl":{"start":{"line":369,"column":2},"end":{"line":369,"column":30}},"loc":{"start":{"line":369,"column":49},"end":{"line":373,"column":6}},"line":369},"47":{"name":"(anonymous_47)","decl":{"start":{"line":374,"column":2},"end":{"line":374,"column":26}},"loc":{"start":{"line":374,"column":45},"end":{"line":378,"column":6}},"line":374},"48":{"name":"(anonymous_48)","decl":{"start":{"line":379,"column":2},"end":{"line":379,"column":38}},"loc":{"start":{"line":379,"column":57},"end":{"line":382,"column":null}},"line":379},"49":{"name":"(anonymous_49)","decl":{"start":{"line":384,"column":2},"end":{"line":384,"column":null}},"loc":{"start":{"line":388,"column":4},"end":{"line":395,"column":6}},"line":388},"50":{"name":"(anonymous_50)","decl":{"start":{"line":396,"column":2},"end":{"line":396,"column":null}},"loc":{"start":{"line":399,"column":4},"end":{"line":405,"column":6}},"line":399},"51":{"name":"(anonymous_51)","decl":{"start":{"line":406,"column":2},"end":{"line":406,"column":18}},"loc":{"start":{"line":406,"column":56},"end":{"line":407,"column":77}},"line":406},"52":{"name":"(anonymous_52)","decl":{"start":{"line":408,"column":2},"end":{"line":408,"column":null}},"loc":{"start":{"line":411,"column":4},"end":{"line":417,"column":6}},"line":411},"53":{"name":"(anonymous_53)","decl":{"start":{"line":418,"column":2},"end":{"line":418,"column":25}},"loc":{"start":{"line":418,"column":44},"end":{"line":422,"column":6}},"line":418},"54":{"name":"(anonymous_54)","decl":{"start":{"line":423,"column":2},"end":{"line":423,"column":32}},"loc":{"start":{"line":423,"column":51},"end":{"line":427,"column":6}},"line":423},"55":{"name":"(anonymous_55)","decl":{"start":{"line":428,"column":2},"end":{"line":428,"column":null}},"loc":{"start":{"line":431,"column":4},"end":{"line":435,"column":null}},"line":431},"56":{"name":"(anonymous_56)","decl":{"start":{"line":437,"column":2},"end":{"line":437,"column":null}},"loc":{"start":{"line":440,"column":4},"end":{"line":446,"column":6}},"line":440},"57":{"name":"(anonymous_57)","decl":{"start":{"line":447,"column":2},"end":{"line":447,"column":27}},"loc":{"start":{"line":447,"column":46},"end":{"line":451,"column":6}},"line":447},"58":{"name":"(anonymous_58)","decl":{"start":{"line":452,"column":2},"end":{"line":452,"column":null}},"loc":{"start":{"line":455,"column":4},"end":{"line":459,"column":null}},"line":455},"59":{"name":"(anonymous_59)","decl":{"start":{"line":461,"column":2},"end":{"line":461,"column":19}},"loc":{"start":{"line":461,"column":57},"end":{"line":466,"column":6}},"line":461},"60":{"name":"(anonymous_60)","decl":{"start":{"line":467,"column":2},"end":{"line":467,"column":42}},"loc":{"start":{"line":467,"column":61},"end":{"line":470,"column":null}},"line":467},"61":{"name":"(anonymous_61)","decl":{"start":{"line":472,"column":2},"end":{"line":472,"column":44}},"loc":{"start":{"line":472,"column":63},"end":{"line":475,"column":null}},"line":472},"62":{"name":"(anonymous_62)","decl":{"start":{"line":481,"column":2},"end":{"line":481,"column":null}},"loc":{"start":{"line":485,"column":4},"end":{"line":492,"column":6}},"line":485},"63":{"name":"(anonymous_63)","decl":{"start":{"line":496,"column":2},"end":{"line":496,"column":null}},"loc":{"start":{"line":501,"column":4},"end":{"line":509,"column":6}},"line":501},"64":{"name":"(anonymous_64)","decl":{"start":{"line":516,"column":2},"end":{"line":516,"column":null}},"loc":{"start":{"line":522,"column":4},"end":{"line":531,"column":6}},"line":522},"65":{"name":"(anonymous_65)","decl":{"start":{"line":535,"column":2},"end":{"line":535,"column":15}},"loc":{"start":{"line":535,"column":48},"end":{"line":536,"column":64}},"line":535},"66":{"name":"(anonymous_66)","decl":{"start":{"line":541,"column":2},"end":{"line":541,"column":14}},"loc":{"start":{"line":541,"column":47},"end":{"line":542,"column":69}},"line":541},"67":{"name":"(anonymous_67)","decl":{"start":{"line":545,"column":2},"end":{"line":545,"column":19}},"loc":{"start":{"line":545,"column":38},"end":{"line":546,"column":71}},"line":545},"68":{"name":"(anonymous_68)","decl":{"start":{"line":550,"column":2},"end":{"line":550,"column":15}},"loc":{"start":{"line":550,"column":53},"end":{"line":551,"column":79}},"line":550},"69":{"name":"(anonymous_69)","decl":{"start":{"line":556,"column":2},"end":{"line":556,"column":16}},"loc":{"start":{"line":556,"column":35},"end":{"line":557,"column":70}},"line":556},"70":{"name":"(anonymous_70)","decl":{"start":{"line":563,"column":2},"end":{"line":563,"column":null}},"loc":{"start":{"line":567,"column":4},"end":{"line":569,"column":78}},"line":567},"71":{"name":"(anonymous_71)","decl":{"start":{"line":577,"column":18},"end":{"line":577,"column":null}},"loc":{"start":{"line":583,"column":57},"end":{"line":601,"column":null}},"line":583},"72":{"name":"(anonymous_72)","decl":{"start":{"line":595,"column":6},"end":{"line":595,"column":19}},"loc":{"start":{"line":595,"column":19},"end":{"line":599,"column":null}},"line":595},"73":{"name":"(anonymous_73)","decl":{"start":{"line":599,"column":16},"end":{"line":599,"column":34}},"loc":{"start":{"line":599,"column":34},"end":{"line":599,"column":null}},"line":599},"74":{"name":"(anonymous_74)","decl":{"start":{"line":603,"column":2},"end":{"line":603,"column":18}},"loc":{"start":{"line":603,"column":18},"end":{"line":604,"column":49}},"line":603},"75":{"name":"(anonymous_75)","decl":{"start":{"line":609,"column":2},"end":{"line":609,"column":21}},"loc":{"start":{"line":609,"column":21},"end":{"line":610,"column":70}},"line":609},"76":{"name":"(anonymous_76)","decl":{"start":{"line":611,"column":2},"end":{"line":611,"column":23}},"loc":{"start":{"line":611,"column":23},"end":{"line":612,"column":54}},"line":611},"77":{"name":"(anonymous_77)","decl":{"start":{"line":616,"column":2},"end":{"line":616,"column":null}},"loc":{"start":{"line":616,"column":2},"end":{"line":617,"column":59}},"line":616},"78":{"name":"(anonymous_78)","decl":{"start":{"line":618,"column":2},"end":{"line":618,"column":17}},"loc":{"start":{"line":618,"column":45},"end":{"line":619,"column":54}},"line":618},"79":{"name":"(anonymous_79)","decl":{"start":{"line":623,"column":2},"end":{"line":623,"column":null}},"loc":{"start":{"line":623,"column":2},"end":{"line":624,"column":57}},"line":623},"80":{"name":"(anonymous_80)","decl":{"start":{"line":625,"column":2},"end":{"line":625,"column":24}},"loc":{"start":{"line":625,"column":24},"end":{"line":626,"column":63}},"line":625},"81":{"name":"(anonymous_81)","decl":{"start":{"line":627,"column":2},"end":{"line":627,"column":27}},"loc":{"start":{"line":627,"column":27},"end":{"line":628,"column":68}},"line":627},"82":{"name":"(anonymous_82)","decl":{"start":{"line":629,"column":2},"end":{"line":629,"column":30}},"loc":{"start":{"line":629,"column":42},"end":{"line":630,"column":75}},"line":629},"83":{"name":"(anonymous_83)","decl":{"start":{"line":631,"column":2},"end":{"line":631,"column":28}},"loc":{"start":{"line":631,"column":28},"end":{"line":632,"column":66}},"line":631},"84":{"name":"(anonymous_84)","decl":{"start":{"line":633,"column":2},"end":{"line":633,"column":27}},"loc":{"start":{"line":633,"column":27},"end":{"line":634,"column":52}},"line":633},"85":{"name":"(anonymous_85)","decl":{"start":{"line":635,"column":2},"end":{"line":635,"column":null}},"loc":{"start":{"line":637,"column":4},"end":{"line":649,"column":6}},"line":637},"86":{"name":"(anonymous_86)","decl":{"start":{"line":650,"column":2},"end":{"line":650,"column":33}},"loc":{"start":{"line":650,"column":33},"end":{"line":651,"column":65}},"line":650},"87":{"name":"(anonymous_87)","decl":{"start":{"line":655,"column":2},"end":{"line":655,"column":28}},"loc":{"start":{"line":655,"column":28},"end":{"line":656,"column":60}},"line":655},"88":{"name":"(anonymous_88)","decl":{"start":{"line":657,"column":2},"end":{"line":657,"column":32}},"loc":{"start":{"line":657,"column":32},"end":{"line":658,"column":65}},"line":657},"89":{"name":"(anonymous_89)","decl":{"start":{"line":659,"column":2},"end":{"line":659,"column":25}},"loc":{"start":{"line":659,"column":25},"end":{"line":660,"column":57}},"line":659},"90":{"name":"(anonymous_90)","decl":{"start":{"line":664,"column":2},"end":{"line":664,"column":23}},"loc":{"start":{"line":664,"column":2},"end":{"line":664,"column":64}},"line":664},"91":{"name":"(anonymous_91)","decl":{"start":{"line":665,"column":2},"end":{"line":665,"column":17}},"loc":{"start":{"line":665,"column":52},"end":{"line":666,"column":63}},"line":665},"92":{"name":"(anonymous_92)","decl":{"start":{"line":671,"column":2},"end":{"line":671,"column":18}},"loc":{"start":{"line":671,"column":2},"end":{"line":671,"column":44}},"line":671},"93":{"name":"(anonymous_93)","decl":{"start":{"line":672,"column":2},"end":{"line":672,"column":13}},"loc":{"start":{"line":672,"column":13},"end":{"line":672,"column":66}},"line":672},"94":{"name":"(anonymous_94)","decl":{"start":{"line":681,"column":2},"end":{"line":681,"column":null}},"loc":{"start":{"line":686,"column":4},"end":{"line":694,"column":6}},"line":686},"95":{"name":"(anonymous_95)","decl":{"start":{"line":695,"column":2},"end":{"line":695,"column":11}},"loc":{"start":{"line":695,"column":11},"end":{"line":695,"column":57}},"line":695},"96":{"name":"(anonymous_96)","decl":{"start":{"line":696,"column":2},"end":{"line":696,"column":16}},"loc":{"start":{"line":696,"column":2},"end":{"line":696,"column":49}},"line":696},"97":{"name":"(anonymous_97)","decl":{"start":{"line":698,"column":2},"end":{"line":698,"column":19}},"loc":{"start":{"line":698,"column":31},"end":{"line":699,"column":52}},"line":698},"98":{"name":"(anonymous_98)","decl":{"start":{"line":703,"column":2},"end":{"line":703,"column":null}},"loc":{"start":{"line":707,"column":4},"end":{"line":714,"column":6}},"line":707},"99":{"name":"(anonymous_99)","decl":{"start":{"line":729,"column":21},"end":{"line":729,"column":null}},"loc":{"start":{"line":734,"column":58},"end":{"line":750,"column":null}},"line":734},"100":{"name":"(anonymous_100)","decl":{"start":{"line":736,"column":12},"end":{"line":736,"column":25}},"loc":{"start":{"line":736,"column":33},"end":{"line":738,"column":null}},"line":736},"101":{"name":"(anonymous_101)","decl":{"start":{"line":747,"column":6},"end":{"line":747,"column":19}},"loc":{"start":{"line":747,"column":19},"end":{"line":748,"column":null}},"line":747},"102":{"name":"(anonymous_102)","decl":{"start":{"line":748,"column":16},"end":{"line":748,"column":34}},"loc":{"start":{"line":748,"column":34},"end":{"line":748,"column":null}},"line":748},"103":{"name":"(anonymous_103)","decl":{"start":{"line":755,"column":20},"end":{"line":755,"column":null}},"loc":{"start":{"line":763,"column":58},"end":{"line":782,"column":null}},"line":763},"104":{"name":"(anonymous_104)","decl":{"start":{"line":765,"column":12},"end":{"line":765,"column":25}},"loc":{"start":{"line":765,"column":33},"end":{"line":767,"column":null}},"line":765},"105":{"name":"(anonymous_105)","decl":{"start":{"line":779,"column":6},"end":{"line":779,"column":19}},"loc":{"start":{"line":779,"column":19},"end":{"line":780,"column":null}},"line":779},"106":{"name":"(anonymous_106)","decl":{"start":{"line":780,"column":16},"end":{"line":780,"column":34}},"loc":{"start":{"line":780,"column":34},"end":{"line":780,"column":null}},"line":780},"107":{"name":"(anonymous_107)","decl":{"start":{"line":789,"column":23},"end":{"line":789,"column":null}},"loc":{"start":{"line":797,"column":58},"end":{"line":822,"column":null}},"line":797},"108":{"name":"(anonymous_108)","decl":{"start":{"line":799,"column":12},"end":{"line":799,"column":25}},"loc":{"start":{"line":799,"column":33},"end":{"line":801,"column":null}},"line":799},"109":{"name":"(anonymous_109)","decl":{"start":{"line":819,"column":6},"end":{"line":819,"column":19}},"loc":{"start":{"line":819,"column":19},"end":{"line":820,"column":null}},"line":819},"110":{"name":"(anonymous_110)","decl":{"start":{"line":820,"column":16},"end":{"line":820,"column":34}},"loc":{"start":{"line":820,"column":34},"end":{"line":820,"column":null}},"line":820},"111":{"name":"(anonymous_111)","decl":{"start":{"line":825,"column":2},"end":{"line":825,"column":18}},"loc":{"start":{"line":825,"column":37},"end":{"line":826,"column":54}},"line":825},"112":{"name":"(anonymous_112)","decl":{"start":{"line":827,"column":2},"end":{"line":827,"column":19}},"loc":{"start":{"line":827,"column":52},"end":{"line":828,"column":62}},"line":827},"113":{"name":"(anonymous_113)","decl":{"start":{"line":829,"column":2},"end":{"line":829,"column":18}},"loc":{"start":{"line":829,"column":18},"end":{"line":830,"column":49}},"line":829},"114":{"name":"(anonymous_114)","decl":{"start":{"line":835,"column":2},"end":{"line":835,"column":17}},"loc":{"start":{"line":835,"column":17},"end":{"line":835,"column":45}},"line":835},"115":{"name":"(anonymous_115)","decl":{"start":{"line":843,"column":2},"end":{"line":843,"column":30}},"loc":{"start":{"line":843,"column":30},"end":{"line":844,"column":70}},"line":843},"116":{"name":"(anonymous_116)","decl":{"start":{"line":848,"column":2},"end":{"line":848,"column":24}},"loc":{"start":{"line":848,"column":24},"end":{"line":849,"column":73}},"line":848},"117":{"name":"(anonymous_117)","decl":{"start":{"line":850,"column":2},"end":{"line":850,"column":24}},"loc":{"start":{"line":850,"column":43},"end":{"line":851,"column":64}},"line":850},"118":{"name":"(anonymous_118)","decl":{"start":{"line":854,"column":2},"end":{"line":854,"column":23}},"loc":{"start":{"line":854,"column":23},"end":{"line":855,"column":54}},"line":854},"119":{"name":"(anonymous_119)","decl":{"start":{"line":856,"column":2},"end":{"line":856,"column":27}},"loc":{"start":{"line":856,"column":46},"end":{"line":857,"column":69}},"line":856},"120":{"name":"(anonymous_120)","decl":{"start":{"line":858,"column":2},"end":{"line":858,"column":null}},"loc":{"start":{"line":863,"column":4},"end":{"line":871,"column":6}},"line":863},"121":{"name":"(anonymous_121)","decl":{"start":{"line":878,"column":2},"end":{"line":878,"column":23}},"loc":{"start":{"line":878,"column":2},"end":{"line":878,"column":64}},"line":878},"122":{"name":"(anonymous_122)","decl":{"start":{"line":879,"column":2},"end":{"line":879,"column":18}},"loc":{"start":{"line":879,"column":18},"end":{"line":880,"column":56}},"line":879},"123":{"name":"(anonymous_123)","decl":{"start":{"line":883,"column":2},"end":{"line":883,"column":20}},"loc":{"start":{"line":883,"column":44},"end":{"line":884,"column":73}},"line":883},"124":{"name":"(anonymous_124)","decl":{"start":{"line":885,"column":2},"end":{"line":885,"column":23}},"loc":{"start":{"line":885,"column":23},"end":{"line":886,"column":64}},"line":885},"125":{"name":"(anonymous_125)","decl":{"start":{"line":890,"column":2},"end":{"line":890,"column":17}},"loc":{"start":{"line":890,"column":17},"end":{"line":891,"column":58}},"line":890},"126":{"name":"(anonymous_126)","decl":{"start":{"line":892,"column":2},"end":{"line":892,"column":23}},"loc":{"start":{"line":892,"column":2},"end":{"line":892,"column":54}},"line":892},"127":{"name":"(anonymous_127)","decl":{"start":{"line":893,"column":2},"end":{"line":893,"column":19}},"loc":{"start":{"line":893,"column":19},"end":{"line":894,"column":59}},"line":893},"128":{"name":"(anonymous_128)","decl":{"start":{"line":895,"column":2},"end":{"line":895,"column":18}},"loc":{"start":{"line":895,"column":18},"end":{"line":896,"column":56}},"line":895},"129":{"name":"(anonymous_129)","decl":{"start":{"line":899,"column":2},"end":{"line":899,"column":17}},"loc":{"start":{"line":899,"column":17},"end":{"line":900,"column":55}},"line":899},"130":{"name":"(anonymous_130)","decl":{"start":{"line":904,"column":2},"end":{"line":904,"column":22}},"loc":{"start":{"line":904,"column":41},"end":{"line":905,"column":68}},"line":904},"131":{"name":"(anonymous_131)","decl":{"start":{"line":906,"column":2},"end":{"line":906,"column":21}},"loc":{"start":{"line":906,"column":21},"end":{"line":907,"column":62}},"line":906},"132":{"name":"(anonymous_132)","decl":{"start":{"line":908,"column":2},"end":{"line":908,"column":20}},"loc":{"start":{"line":908,"column":20},"end":{"line":909,"column":59}},"line":908},"133":{"name":"(anonymous_133)","decl":{"start":{"line":910,"column":2},"end":{"line":910,"column":22}},"loc":{"start":{"line":910,"column":41},"end":{"line":911,"column":61}},"line":910},"134":{"name":"(anonymous_134)","decl":{"start":{"line":912,"column":2},"end":{"line":912,"column":22}},"loc":{"start":{"line":912,"column":22},"end":{"line":913,"column":54}},"line":912},"135":{"name":"(anonymous_135)","decl":{"start":{"line":921,"column":12},"end":{"line":921,"column":null}},"loc":{"start":{"line":930,"column":8},"end":{"line":948,"column":null}},"line":930},"136":{"name":"(anonymous_136)","decl":{"start":{"line":945,"column":6},"end":{"line":945,"column":19}},"loc":{"start":{"line":945,"column":19},"end":{"line":946,"column":null}},"line":945},"137":{"name":"(anonymous_137)","decl":{"start":{"line":946,"column":16},"end":{"line":946,"column":34}},"loc":{"start":{"line":946,"column":34},"end":{"line":946,"column":null}},"line":946},"138":{"name":"(anonymous_138)","decl":{"start":{"line":950,"column":2},"end":{"line":950,"column":20}},"loc":{"start":{"line":950,"column":36},"end":{"line":951,"column":58}},"line":950},"139":{"name":"(anonymous_139)","decl":{"start":{"line":952,"column":2},"end":{"line":952,"column":24}},"loc":{"start":{"line":952,"column":24},"end":{"line":953,"column":53}},"line":952},"140":{"name":"(anonymous_140)","decl":{"start":{"line":954,"column":2},"end":{"line":954,"column":24}},"loc":{"start":{"line":954,"column":40},"end":{"line":955,"column":60}},"line":954},"141":{"name":"(anonymous_141)","decl":{"start":{"line":956,"column":2},"end":{"line":956,"column":17}},"loc":{"start":{"line":956,"column":33},"end":{"line":957,"column":53}},"line":956},"142":{"name":"(anonymous_142)","decl":{"start":{"line":958,"column":2},"end":{"line":958,"column":16}},"loc":{"start":{"line":958,"column":16},"end":{"line":958,"column":75}},"line":958},"143":{"name":"(anonymous_143)","decl":{"start":{"line":963,"column":2},"end":{"line":963,"column":22}},"loc":{"start":{"line":963,"column":22},"end":{"line":964,"column":51}},"line":963},"144":{"name":"(anonymous_144)","decl":{"start":{"line":965,"column":2},"end":{"line":965,"column":18}},"loc":{"start":{"line":965,"column":18},"end":{"line":966,"column":53}},"line":965},"145":{"name":"(anonymous_145)","decl":{"start":{"line":967,"column":2},"end":{"line":967,"column":14}},"loc":{"start":{"line":967,"column":14},"end":{"line":967,"column":71}},"line":967},"146":{"name":"(anonymous_146)","decl":{"start":{"line":968,"column":2},"end":{"line":968,"column":null}},"loc":{"start":{"line":971,"column":4},"end":{"line":977,"column":6}},"line":971},"147":{"name":"(anonymous_147)","decl":{"start":{"line":978,"column":2},"end":{"line":978,"column":26}},"loc":{"start":{"line":978,"column":2},"end":{"line":978,"column":72}},"line":978},"148":{"name":"(anonymous_148)","decl":{"start":{"line":979,"column":2},"end":{"line":979,"column":null}},"loc":{"start":{"line":979,"column":2},"end":{"line":980,"column":59}},"line":979},"149":{"name":"(anonymous_149)","decl":{"start":{"line":981,"column":2},"end":{"line":981,"column":33}},"loc":{"start":{"line":981,"column":2},"end":{"line":981,"column":null}},"line":981},"150":{"name":"sanitizeEventSegment","decl":{"start":{"line":988,"column":9},"end":{"line":988,"column":30}},"loc":{"start":{"line":988,"column":49},"end":{"line":994,"column":null}},"line":988},"151":{"name":"onResourceDelta","decl":{"start":{"line":997,"column":16},"end":{"line":997,"column":null}},"loc":{"start":{"line":1001,"column":23},"end":{"line":1013,"column":null}},"line":1001},"152":{"name":"(anonymous_152)","decl":{"start":{"line":1006,"column":49},"end":{"line":1006,"column":56}},"loc":{"start":{"line":1006,"column":62},"end":{"line":1013,"column":null}},"line":1006},"153":{"name":"onMetrics","decl":{"start":{"line":1016,"column":16},"end":{"line":1016,"column":null}},"loc":{"start":{"line":1019,"column":23},"end":{"line":1021,"column":null}},"line":1019},"154":{"name":"(anonymous_154)","decl":{"start":{"line":1021,"column":33},"end":{"line":1021,"column":40}},"loc":{"start":{"line":1021,"column":46},"end":{"line":1021,"column":64}},"line":1021},"155":{"name":"onClusterHealth","decl":{"start":{"line":1028,"column":16},"end":{"line":1028,"column":null}},"loc":{"start":{"line":1031,"column":23},"end":{"line":1033,"column":null}},"line":1031},"156":{"name":"(anonymous_156)","decl":{"start":{"line":1033,"column":36},"end":{"line":1033,"column":43}},"loc":{"start":{"line":1033,"column":49},"end":{"line":1033,"column":67}},"line":1033},"157":{"name":"onClusterInfoChanged","decl":{"start":{"line":1041,"column":16},"end":{"line":1041,"column":null}},"loc":{"start":{"line":1044,"column":23},"end":{"line":1046,"column":null}},"line":1044},"158":{"name":"(anonymous_158)","decl":{"start":{"line":1046,"column":29},"end":{"line":1046,"column":36}},"loc":{"start":{"line":1046,"column":42},"end":{"line":1046,"column":60}},"line":1046},"159":{"name":"onFleetProbe","decl":{"start":{"line":1049,"column":16},"end":{"line":1049,"column":null}},"loc":{"start":{"line":1051,"column":23},"end":{"line":1052,"column":null}},"line":1051},"160":{"name":"(anonymous_160)","decl":{"start":{"line":1052,"column":30},"end":{"line":1052,"column":48}},"loc":{"start":{"line":1052,"column":54},"end":{"line":1052,"column":72}},"line":1052},"161":{"name":"onPortForwardStatus","decl":{"start":{"line":1060,"column":16},"end":{"line":1060,"column":null}},"loc":{"start":{"line":1062,"column":23},"end":{"line":1065,"column":null}},"line":1062},"162":{"name":"(anonymous_162)","decl":{"start":{"line":1063,"column":36},"end":{"line":1063,"column":61}},"loc":{"start":{"line":1064,"column":4},"end":{"line":1064,"column":22}},"line":1064},"163":{"name":"onPrometheusChanged","decl":{"start":{"line":1073,"column":16},"end":{"line":1073,"column":null}},"loc":{"start":{"line":1075,"column":23},"end":{"line":1078,"column":null}},"line":1075},"164":{"name":"(anonymous_164)","decl":{"start":{"line":1076,"column":34},"end":{"line":1076,"column":59}},"loc":{"start":{"line":1077,"column":4},"end":{"line":1077,"column":22}},"line":1077},"165":{"name":"onKubeconfigChanged","decl":{"start":{"line":1085,"column":16},"end":{"line":1085,"column":null}},"loc":{"start":{"line":1087,"column":23},"end":{"line":1088,"column":null}},"line":1087},"166":{"name":"(anonymous_166)","decl":{"start":{"line":1088,"column":22},"end":{"line":1088,"column":52}},"loc":{"start":{"line":1088,"column":52},"end":{"line":1088,"column":61}},"line":1088}},"branchMap":{"0":{"loc":{"start":{"line":130,"column":4},"end":{"line":130,"column":null}},"type":"default-arg","locations":[{"start":{"line":130,"column":37},"end":{"line":130,"column":null}}],"line":130},"1":{"loc":{"start":{"line":309,"column":19},"end":{"line":309,"column":null}},"type":"binary-expr","locations":[{"start":{"line":309,"column":19},"end":{"line":309,"column":34}},{"start":{"line":309,"column":34},"end":{"line":309,"column":null}}],"line":309},"2":{"loc":{"start":{"line":310,"column":20},"end":{"line":310,"column":null}},"type":"binary-expr","locations":[{"start":{"line":310,"column":20},"end":{"line":310,"column":36}},{"start":{"line":310,"column":36},"end":{"line":310,"column":null}}],"line":310},"3":{"loc":{"start":{"line":618,"column":37},"end":{"line":618,"column":null}},"type":"default-arg","locations":[{"start":{"line":618,"column":45},"end":{"line":618,"column":null}}],"line":618},"4":{"loc":{"start":{"line":644,"column":12},"end":{"line":646,"column":14}},"type":"cond-expr","locations":[{"start":{"line":645,"column":12},"end":{"line":645,"column":51}},{"start":{"line":646,"column":12},"end":{"line":646,"column":14}}],"line":644},"5":{"loc":{"start":{"line":647,"column":12},"end":{"line":647,"column":null}},"type":"cond-expr","locations":[{"start":{"line":647,"column":42},"end":{"line":647,"column":68}},{"start":{"line":647,"column":71},"end":{"line":647,"column":null}}],"line":647},"6":{"loc":{"start":{"line":737,"column":6},"end":{"line":738,"column":null}},"type":"if","locations":[{"start":{"line":737,"column":6},"end":{"line":738,"column":null}},{"start":{"line":738,"column":11},"end":{"line":738,"column":null}}],"line":737},"7":{"loc":{"start":{"line":766,"column":6},"end":{"line":767,"column":null}},"type":"if","locations":[{"start":{"line":766,"column":6},"end":{"line":767,"column":null}},{"start":{"line":767,"column":11},"end":{"line":767,"column":null}}],"line":766},"8":{"loc":{"start":{"line":800,"column":6},"end":{"line":801,"column":null}},"type":"if","locations":[{"start":{"line":800,"column":6},"end":{"line":801,"column":null}},{"start":{"line":801,"column":11},"end":{"line":801,"column":null}}],"line":800},"9":{"loc":{"start":{"line":808,"column":15},"end":{"line":814,"column":null}},"type":"cond-expr","locations":[{"start":{"line":809,"column":10},"end":{"line":813,"column":null}},{"start":{"line":814,"column":10},"end":{"line":814,"column":null}}],"line":808},"10":{"loc":{"start":{"line":992,"column":11},"end":{"line":992,"column":null}},"type":"cond-expr","locations":[{"start":{"line":992,"column":39},"end":{"line":992,"column":43}},{"start":{"line":992,"column":43},"end":{"line":992,"column":null}}],"line":992},"11":{"loc":{"start":{"line":1008,"column":4},"end":{"line":1011,"column":null}},"type":"if","locations":[{"start":{"line":1008,"column":4},"end":{"line":1011,"column":null}},{"start":{"line":1010,"column":11},"end":{"line":1011,"column":null}}],"line":1008}},"s":{"0":7,"1":1,"2":1,"3":1,"4":1,"5":1,"6":1,"7":1,"8":1,"9":1,"10":1,"11":1,"12":2,"13":1,"14":1,"15":1,"16":1,"17":1,"18":1,"19":1,"20":1,"21":1,"22":1,"23":1,"24":1,"25":1,"26":1,"27":1,"28":1,"29":1,"30":1,"31":1,"32":1,"33":1,"34":1,"35":1,"36":1,"37":1,"38":1,"39":1,"40":2,"41":1,"42":0,"43":1,"44":1,"45":1,"46":1,"47":1,"48":1,"49":1,"50":1,"51":1,"52":1,"53":1,"54":1,"55":1,"56":1,"57":1,"58":1,"59":1,"60":1,"61":1,"62":1,"63":1,"64":3,"65":7,"66":2,"67":1,"68":1,"69":1,"70":1,"71":1,"72":0,"73":0,"74":0,"75":0,"76":0,"77":0,"78":9,"79":9,"80":1,"81":2,"82":1,"83":1,"84":0,"85":0,"86":0,"87":1,"88":2,"89":1,"90":1,"91":1,"92":1,"93":1,"94":1,"95":1,"96":1,"97":1,"98":1,"99":1,"100":1,"101":1,"102":0,"103":0,"104":0,"105":0,"106":0,"107":0,"108":0,"109":0,"110":0,"111":0,"112":0,"113":0,"114":0,"115":0,"116":0,"117":0,"118":0,"119":0,"120":0,"121":0,"122":0,"123":0,"124":0,"125":0,"126":0,"127":0,"128":0,"129":0,"130":1,"131":1,"132":1,"133":1,"134":1,"135":1,"136":1,"137":1,"138":1,"139":1,"140":1,"141":1,"142":1,"143":1,"144":2,"145":1,"146":2,"147":1,"148":1,"149":1,"150":0,"151":0,"152":0,"153":0,"154":0,"155":1,"156":1,"157":1,"158":1,"159":1,"160":1,"161":1,"162":1,"163":1,"164":1,"165":1,"166":1,"167":21,"168":21,"169":21,"170":105,"171":105,"172":21,"173":5,"174":5,"175":2,"176":2,"177":1,"178":3,"179":1,"180":9,"181":9,"182":2,"183":1,"184":1,"185":1,"186":1,"187":1,"188":1,"189":3,"190":3,"191":1,"192":1,"193":1,"194":1,"195":1,"196":1},"f":{"0":1,"1":1,"2":1,"3":1,"4":1,"5":1,"6":1,"7":1,"8":1,"9":1,"10":1,"11":2,"12":1,"13":1,"14":1,"15":1,"16":1,"17":1,"18":1,"19":1,"20":1,"21":1,"22":1,"23":1,"24":1,"25":1,"26":1,"27":1,"28":1,"29":1,"30":1,"31":1,"32":1,"33":1,"34":1,"35":1,"36":1,"37":1,"38":1,"39":2,"40":1,"41":0,"42":1,"43":1,"44":1,"45":1,"46":1,"47":1,"48":1,"49":1,"50":1,"51":1,"52":1,"53":1,"54":1,"55":1,"56":1,"57":1,"58":1,"59":1,"60":1,"61":1,"62":1,"63":3,"64":7,"65":2,"66":1,"67":1,"68":1,"69":1,"70":1,"71":0,"72":0,"73":0,"74":0,"75":9,"76":9,"77":1,"78":2,"79":1,"80":1,"81":0,"82":0,"83":0,"84":1,"85":2,"86":1,"87":1,"88":1,"89":1,"90":1,"91":1,"92":1,"93":1,"94":1,"95":1,"96":1,"97":1,"98":1,"99":0,"100":0,"101":0,"102":0,"103":0,"104":0,"105":0,"106":0,"107":0,"108":0,"109":0,"110":0,"111":0,"112":0,"113":0,"114":0,"115":1,"116":1,"117":1,"118":1,"119":1,"120":1,"121":1,"122":1,"123":1,"124":1,"125":1,"126":1,"127":1,"128":1,"129":2,"130":1,"131":2,"132":1,"133":1,"134":1,"135":0,"136":0,"137":0,"138":1,"139":1,"140":1,"141":1,"142":1,"143":1,"144":1,"145":1,"146":1,"147":1,"148":1,"149":1,"150":21,"151":5,"152":2,"153":9,"154":2,"155":1,"156":1,"157":1,"158":1,"159":3,"160":3,"161":1,"162":1,"163":1,"164":1,"165":1,"166":1},"b":{"0":[2],"1":[2,1],"2":[2,1],"3":[2],"4":[1,1],"5":[1,1],"6":[0,0],"7":[0,0],"8":[0,0],"9":[0,0],"10":[101,4],"11":[1,1]},"meta":{"lastBranch":12,"lastFunction":167,"lastStatement":197,"seen":{"s:108:19:982:Infinity":0,"f:109:2:109:14":0,"s:109:2:109:37":1,"f:110:2:110:24":1,"s:110:2:110:66":2,"f:111:2:111:26":2,"s:111:2:111:75":3,"f:112:2:112:21":3,"s:112:2:112:56":4,"f:113:2:113:24":4,"s:113:2:113:70":5,"f:114:2:114:16":5,"s:114:16:115:45":6,"f:116:2:116:22":6,"s:116:2:116:60":7,"f:117:2:117:19":7,"s:117:33:118:63":8,"f:119:2:119:18":8,"s:119:18:120:49":9,"f:122:2:122:27":9,"s:122:2:122:72":10,"f:125:2:125:28":10,"s:125:28:126:71":11,"f:127:2:127:Infinity":11,"s:130:37:136:6":12,"b:130:37:130:Infinity":0,"f:137:2:137:24":12,"s:137:43:138:63":13,"f:142:2:142:24":13,"s:142:24:143:56":14,"f:148:2:148:21":14,"s:148:21:149:52":15,"f:153:2:153:23":15,"s:153:57:154:76":16,"f:155:2:155:Infinity":16,"s:159:4:166:6":17,"f:167:2:167:17":17,"s:167:55:168:75":18,"f:169:2:169:24":18,"s:169:62:174:6":19,"f:175:2:175:24":19,"s:175:62:180:6":20,"f:181:2:181:25":20,"s:181:63:186:6":21,"f:187:2:187:23":21,"s:187:61:192:6":22,"f:193:2:193:17":22,"s:193:55:194:75":23,"f:195:2:195:21":23,"s:195:59:200:6":24,"f:201:2:201:18":24,"s:201:37:202:66":25,"f:203:2:203:23":25,"s:203:42:204:76":26,"f:205:2:205:19":26,"s:205:57:206:79":27,"f:207:2:207:21":27,"s:207:59:212:6":28,"f:213:2:213:23":28,"s:213:61:218:6":29,"f:219:2:219:Infinity":29,"s:222:4:228:6":30,"f:229:2:229:21":30,"s:229:59:234:6":31,"f:235:2:235:26":31,"s:235:45:239:6":32,"f:240:2:240:Infinity":32,"s:243:4:249:6":33,"f:250:2:250:23":33,"s:250:61:255:6":34,"f:256:2:256:20":34,"s:256:58:261:6":35,"f:264:2:264:30":35,"s:264:49:268:6":36,"f:271:2:271:27":36,"s:271:46:275:6":37,"f:278:2:278:24":37,"s:278:43:282:6":38,"f:283:2:283:Infinity":38,"s:286:4:292:6":39,"f:293:2:293:Infinity":39,"s:302:4:311:6":40,"b:309:19:309:34:309:34:309:Infinity":1,"b:310:20:310:36:310:36:310:Infinity":2,"f:312:2:312:24":40,"s:312:2:312:62":41,"f:313:2:313:Infinity":41,"s:317:4:324:6":42,"f:325:2:325:Infinity":42,"s:332:4:342:6":43,"f:343:2:343:Infinity":43,"s:346:4:352:6":44,"f:353:2:353:24":44,"s:353:62:358:6":45,"f:359:2:359:Infinity":45,"s:362:4:368:6":46,"f:369:2:369:30":46,"s:369:49:373:6":47,"f:374:2:374:26":47,"s:374:45:378:6":48,"f:379:2:379:38":48,"s:379:57:382:Infinity":49,"f:384:2:384:Infinity":49,"s:388:4:395:6":50,"f:396:2:396:Infinity":50,"s:399:4:405:6":51,"f:406:2:406:18":51,"s:406:56:407:77":52,"f:408:2:408:Infinity":52,"s:411:4:417:6":53,"f:418:2:418:25":53,"s:418:44:422:6":54,"f:423:2:423:32":54,"s:423:51:427:6":55,"f:428:2:428:Infinity":55,"s:431:4:435:Infinity":56,"f:437:2:437:Infinity":56,"s:440:4:446:6":57,"f:447:2:447:27":57,"s:447:46:451:6":58,"f:452:2:452:Infinity":58,"s:455:4:459:Infinity":59,"f:461:2:461:19":59,"s:461:57:466:6":60,"f:467:2:467:42":60,"s:467:61:470:Infinity":61,"f:472:2:472:44":61,"s:472:63:475:Infinity":62,"f:481:2:481:Infinity":62,"s:485:4:492:6":63,"f:496:2:496:Infinity":63,"s:501:4:509:6":64,"f:516:2:516:Infinity":64,"s:522:4:531:6":65,"f:535:2:535:15":65,"s:535:48:536:64":66,"f:541:2:541:14":66,"s:541:47:542:69":67,"f:545:2:545:19":67,"s:545:38:546:71":68,"f:550:2:550:15":68,"s:550:53:551:79":69,"f:556:2:556:16":69,"s:556:35:557:70":70,"f:563:2:563:Infinity":70,"s:567:4:569:78":71,"f:577:18:577:Infinity":71,"s:584:20:584:43":72,"s:585:4:585:Infinity":73,"s:586:21:592:6":74,"s:593:4:601:Infinity":75,"f:595:6:595:19":72,"s:599:8:599:Infinity":76,"f:599:16:599:34":73,"f:603:2:603:18":74,"s:603:18:604:49":77,"f:609:2:609:21":75,"s:609:21:610:70":78,"f:611:2:611:23":76,"s:611:23:612:54":79,"f:616:2:616:Infinity":77,"s:616:2:617:59":80,"f:618:2:618:17":78,"s:618:45:619:54":81,"b:618:45:618:Infinity":3,"f:623:2:623:Infinity":79,"s:623:2:624:57":82,"f:625:2:625:24":80,"s:625:24:626:63":83,"f:627:2:627:27":81,"s:627:27:628:68":84,"f:629:2:629:30":82,"s:629:42:630:75":85,"f:631:2:631:28":83,"s:631:28:632:66":86,"f:633:2:633:27":84,"s:633:27:634:52":87,"f:635:2:635:Infinity":85,"s:637:4:649:6":88,"b:645:12:645:51:646:12:646:14":4,"b:647:42:647:68:647:71:647:Infinity":5,"f:650:2:650:33":86,"s:650:33:651:65":89,"f:655:2:655:28":87,"s:655:28:656:60":90,"f:657:2:657:32":88,"s:657:32:658:65":91,"f:659:2:659:25":89,"s:659:25:660:57":92,"f:664:2:664:23":90,"s:664:2:664:64":93,"f:665:2:665:17":91,"s:665:52:666:63":94,"f:671:2:671:18":92,"s:671:2:671:44":95,"f:672:2:672:13":93,"s:672:13:672:66":96,"f:681:2:681:Infinity":94,"s:686:4:694:6":97,"f:695:2:695:11":95,"s:695:11:695:57":98,"f:696:2:696:16":96,"s:696:2:696:49":99,"f:698:2:698:19":97,"s:698:31:699:52":100,"f:703:2:703:Infinity":98,"s:707:4:714:6":101,"f:729:21:729:Infinity":99,"s:735:20:735:48":102,"s:736:4:738:Infinity":103,"f:736:12:736:25":100,"b:737:6:738:Infinity:738:11:738:Infinity":6,"s:737:6:738:Infinity":104,"s:737:31:737:Infinity":105,"s:738:11:738:Infinity":106,"s:740:22:744:6":107,"s:745:4:750:Infinity":108,"f:747:6:747:19":101,"s:748:8:748:Infinity":109,"f:748:16:748:34":102,"f:755:20:755:Infinity":103,"s:764:20:764:48":110,"s:765:4:767:Infinity":111,"f:765:12:765:25":104,"b:766:6:767:Infinity:767:11:767:Infinity":7,"s:766:6:767:Infinity":112,"s:766:31:766:Infinity":113,"s:767:11:767:Infinity":114,"s:769:22:776:6":115,"s:777:4:782:Infinity":116,"f:779:6:779:19":105,"s:780:8:780:Infinity":117,"f:780:16:780:34":106,"f:789:23:789:Infinity":107,"s:798:20:798:48":118,"s:799:4:801:Infinity":119,"f:799:12:799:25":108,"b:800:6:801:Infinity:801:11:801:Infinity":8,"s:800:6:801:Infinity":120,"s:800:31:800:Infinity":121,"s:801:11:801:Infinity":122,"s:803:22:816:6":123,"b:809:10:813:Infinity:814:10:814:Infinity":9,"s:817:4:822:Infinity":124,"f:819:6:819:19":109,"s:820:8:820:Infinity":125,"f:820:16:820:34":110,"f:825:2:825:18":111,"s:825:37:826:54":126,"f:827:2:827:19":112,"s:827:52:828:62":127,"f:829:2:829:18":113,"s:829:18:830:49":128,"f:835:2:835:17":114,"s:835:17:835:45":129,"f:843:2:843:30":115,"s:843:30:844:70":130,"f:848:2:848:24":116,"s:848:24:849:73":131,"f:850:2:850:24":117,"s:850:43:851:64":132,"f:854:2:854:23":118,"s:854:23:855:54":133,"f:856:2:856:27":119,"s:856:46:857:69":134,"f:858:2:858:Infinity":120,"s:863:4:871:6":135,"f:878:2:878:23":121,"s:878:2:878:64":136,"f:879:2:879:18":122,"s:879:18:880:56":137,"f:883:2:883:20":123,"s:883:44:884:73":138,"f:885:2:885:23":124,"s:885:23:886:64":139,"f:890:2:890:17":125,"s:890:17:891:58":140,"f:892:2:892:23":126,"s:892:2:892:54":141,"f:893:2:893:19":127,"s:893:19:894:59":142,"f:895:2:895:18":128,"s:895:18:896:56":143,"f:899:2:899:17":129,"s:899:17:900:55":144,"f:904:2:904:22":130,"s:904:41:905:68":145,"f:906:2:906:21":131,"s:906:21:907:62":146,"f:908:2:908:20":132,"s:908:20:909:59":147,"f:910:2:910:22":133,"s:910:41:911:61":148,"f:912:2:912:22":134,"s:912:22:913:54":149,"f:921:12:921:Infinity":135,"s:931:20:931:44":150,"s:932:4:932:Infinity":151,"s:933:19:936:6":152,"s:937:4:948:Infinity":153,"f:945:6:945:19":136,"s:946:8:946:Infinity":154,"f:946:16:946:34":137,"f:950:2:950:20":138,"s:950:36:951:58":155,"f:952:2:952:24":139,"s:952:24:953:53":156,"f:954:2:954:24":140,"s:954:40:955:60":157,"f:956:2:956:17":141,"s:956:33:957:53":158,"f:958:2:958:16":142,"s:958:16:958:75":159,"f:963:2:963:22":143,"s:963:22:964:51":160,"f:965:2:965:18":144,"s:965:18:966:53":161,"f:967:2:967:14":145,"s:967:14:967:71":162,"f:968:2:968:Infinity":146,"s:971:4:977:6":163,"f:978:2:978:26":147,"s:978:2:978:72":164,"f:979:2:979:Infinity":148,"s:979:2:980:59":165,"f:981:2:981:33":149,"s:981:2:981:Infinity":166,"f:988:9:988:30":150,"s:989:12:989:Infinity":167,"s:990:2:992:Infinity":168,"s:990:15:990:18":169,"s:991:14:991:25":170,"s:992:4:992:Infinity":171,"b:992:39:992:43:992:43:992:Infinity":10,"s:994:2:994:Infinity":172,"f:997:16:997:Infinity":151,"s:1002:15:1002:Infinity":173,"s:1006:2:1013:Infinity":174,"f:1006:49:1006:56":152,"s:1007:14:1007:Infinity":175,"b:1008:4:1011:Infinity:1010:11:1011:Infinity":11,"s:1008:4:1011:Infinity":176,"s:1009:6:1009:Infinity":177,"s:1009:25:1009:Infinity":178,"s:1011:6:1011:Infinity":179,"f:1016:16:1016:Infinity":153,"s:1020:15:1020:Infinity":180,"s:1021:2:1021:Infinity":181,"f:1021:33:1021:40":154,"s:1021:46:1021:64":182,"f:1028:16:1028:Infinity":155,"s:1032:15:1032:Infinity":183,"s:1033:2:1033:Infinity":184,"f:1033:36:1033:43":156,"s:1033:49:1033:67":185,"f:1041:16:1041:Infinity":157,"s:1045:15:1045:Infinity":186,"s:1046:2:1046:Infinity":187,"f:1046:29:1046:36":158,"s:1046:42:1046:60":188,"f:1049:16:1049:Infinity":159,"s:1052:2:1052:Infinity":189,"f:1052:30:1052:48":160,"s:1052:54:1052:72":190,"f:1060:16:1060:Infinity":161,"s:1063:2:1065:Infinity":191,"f:1063:36:1063:61":162,"s:1064:4:1064:22":192,"f:1073:16:1073:Infinity":163,"s:1076:2:1078:Infinity":193,"f:1076:34:1076:59":164,"s:1077:4:1077:22":194,"f:1085:16:1085:Infinity":165,"s:1088:2:1088:Infinity":195,"f:1088:22:1088:52":166,"s:1088:52:1088:61":196}}}
,"/home/zhey/sync/myrepo/ferrisscope/ui/src/store.ts": {"path":"/home/zhey/sync/myrepo/ferrisscope/ui/src/store.ts","statementMap":{"0":{"start":{"line":39,"column":8},"end":{"line":40,"column":null}},"1":{"start":{"line":40,"column":4},"end":{"line":40,"column":null}},"2":{"start":{"line":41,"column":13},"end":{"line":41,"column":64}},"3":{"start":{"line":41,"column":48},"end":{"line":41,"column":63}},"4":{"start":{"line":42,"column":13},"end":{"line":42,"column":64}},"5":{"start":{"line":42,"column":48},"end":{"line":42,"column":63}},"6":{"start":{"line":43,"column":2},"end":{"line":49,"column":null}},"7":{"start":{"line":43,"column":15},"end":{"line":43,"column":18}},"8":{"start":{"line":44,"column":15},"end":{"line":44,"column":null}},"9":{"start":{"line":45,"column":15},"end":{"line":45,"column":null}},"10":{"start":{"line":46,"column":15},"end":{"line":46,"column":null}},"11":{"start":{"line":47,"column":15},"end":{"line":47,"column":null}},"12":{"start":{"line":48,"column":4},"end":{"line":48,"column":null}},"13":{"start":{"line":48,"column":17},"end":{"line":48,"column":null}},"14":{"start":{"line":49,"column":4},"end":{"line":49,"column":null}},"15":{"start":{"line":49,"column":17},"end":{"line":49,"column":null}},"16":{"start":{"line":51,"column":2},"end":{"line":51,"column":null}},"17":{"start":{"line":61,"column":13},"end":{"line":61,"column":null}},"18":{"start":{"line":62,"column":13},"end":{"line":62,"column":null}},"19":{"start":{"line":63,"column":14},"end":{"line":63,"column":null}},"20":{"start":{"line":64,"column":2},"end":{"line":64,"column":null}},"21":{"start":{"line":64,"column":19},"end":{"line":64,"column":null}},"22":{"start":{"line":65,"column":2},"end":{"line":65,"column":null}},"23":{"start":{"line":65,"column":17},"end":{"line":65,"column":null}},"24":{"start":{"line":66,"column":2},"end":{"line":66,"column":null}},"25":{"start":{"line":135,"column":36},"end":{"line":135,"column":null}},"26":{"start":{"line":403,"column":13},"end":{"line":982,"column":3}},"27":{"start":{"line":403,"column":59},"end":{"line":982,"column":3}},"28":{"start":{"line":479,"column":4},"end":{"line":479,"column":59}},"29":{"start":{"line":481,"column":4},"end":{"line":489,"column":7}},"30":{"start":{"line":481,"column":16},"end":{"line":489,"column":7}},"31":{"start":{"line":486,"column":44},"end":{"line":486,"column":71}},"32":{"start":{"line":491,"column":4},"end":{"line":491,"column":56}},"33":{"start":{"line":493,"column":4},"end":{"line":508,"column":6}},"34":{"start":{"line":510,"column":25},"end":{"line":510,"column":74}},"35":{"start":{"line":512,"column":4},"end":{"line":520,"column":7}},"36":{"start":{"line":512,"column":16},"end":{"line":520,"column":7}},"37":{"start":{"line":517,"column":43},"end":{"line":517,"column":69}},"38":{"start":{"line":521,"column":26},"end":{"line":521,"column":72}},"39":{"start":{"line":523,"column":4},"end":{"line":536,"column":6}},"40":{"start":{"line":539,"column":4},"end":{"line":539,"column":74}},"41":{"start":{"line":539,"column":16},"end":{"line":539,"column":72}},"42":{"start":{"line":541,"column":4},"end":{"line":567,"column":null}},"43":{"start":{"line":542,"column":12},"end":{"line":542,"column":38}},"44":{"start":{"line":543,"column":12},"end":{"line":543,"column":36}},"45":{"start":{"line":550,"column":8},"end":{"line":550,"column":null}},"46":{"start":{"line":552,"column":8},"end":{"line":552,"column":null}},"47":{"start":{"line":553,"column":6},"end":{"line":566,"column":null}},"48":{"start":{"line":569,"column":4},"end":{"line":576,"column":null}},"49":{"start":{"line":570,"column":12},"end":{"line":570,"column":39}},"50":{"start":{"line":574,"column":6},"end":{"line":574,"column":null}},"51":{"start":{"line":574,"column":38},"end":{"line":574,"column":57}},"52":{"start":{"line":574,"column":59},"end":{"line":574,"column":null}},"53":{"start":{"line":575,"column":6},"end":{"line":575,"column":null}},"54":{"start":{"line":578,"column":4},"end":{"line":582,"column":null}},"55":{"start":{"line":579,"column":6},"end":{"line":579,"column":null}},"56":{"start":{"line":579,"column":26},"end":{"line":579,"column":null}},"57":{"start":{"line":580,"column":18},"end":{"line":580,"column":40}},"58":{"start":{"line":581,"column":6},"end":{"line":581,"column":null}},"59":{"start":{"line":583,"column":25},"end":{"line":583,"column":48}},"60":{"start":{"line":588,"column":4},"end":{"line":595,"column":7}},"61":{"start":{"line":588,"column":16},"end":{"line":594,"column":null}},"62":{"start":{"line":598,"column":4},"end":{"line":601,"column":6}},"63":{"start":{"line":603,"column":21},"end":{"line":603,"column":47}},"64":{"start":{"line":604,"column":22},"end":{"line":604,"column":49}},"65":{"start":{"line":605,"column":25},"end":{"line":605,"column":48}},"66":{"start":{"line":606,"column":26},"end":{"line":606,"column":50}},"67":{"start":{"line":607,"column":24},"end":{"line":607,"column":46}},"68":{"start":{"line":608,"column":26},"end":{"line":608,"column":54}},"69":{"start":{"line":609,"column":27},"end":{"line":609,"column":56}},"70":{"start":{"line":610,"column":21},"end":{"line":610,"column":47}},"71":{"start":{"line":611,"column":22},"end":{"line":611,"column":49}},"72":{"start":{"line":613,"column":4},"end":{"line":629,"column":6}},"73":{"start":{"line":630,"column":23},"end":{"line":630,"column":51}},"74":{"start":{"line":632,"column":19},"end":{"line":632,"column":null}},"75":{"start":{"line":633,"column":4},"end":{"line":633,"column":null}},"76":{"start":{"line":633,"column":16},"end":{"line":633,"column":null}},"77":{"start":{"line":634,"column":4},"end":{"line":634,"column":null}},"78":{"start":{"line":636,"column":28},"end":{"line":636,"column":54}},"79":{"start":{"line":639,"column":4},"end":{"line":649,"column":null}},"80":{"start":{"line":640,"column":24},"end":{"line":640,"column":null}},"81":{"start":{"line":641,"column":6},"end":{"line":648,"column":null}},"82":{"start":{"line":651,"column":14},"end":{"line":651,"column":19}},"83":{"start":{"line":652,"column":20},"end":{"line":652,"column":55}},"84":{"start":{"line":652,"column":43},"end":{"line":652,"column":55}},"85":{"start":{"line":653,"column":29},"end":{"line":653,"column":null}},"86":{"start":{"line":654,"column":17},"end":{"line":654,"column":54}},"87":{"start":{"line":654,"column":42},"end":{"line":654,"column":54}},"88":{"start":{"line":657,"column":34},"end":{"line":659,"column":66}},"89":{"start":{"line":659,"column":13},"end":{"line":659,"column":66}},"90":{"start":{"line":660,"column":17},"end":{"line":660,"column":null}},"91":{"start":{"line":661,"column":4},"end":{"line":669,"column":null}},"92":{"start":{"line":672,"column":4},"end":{"line":676,"column":6}},"93":{"start":{"line":678,"column":4},"end":{"line":686,"column":null}},"94":{"start":{"line":679,"column":19},"end":{"line":679,"column":84}},"95":{"start":{"line":679,"column":38},"end":{"line":679,"column":84}},"96":{"start":{"line":680,"column":26},"end":{"line":680,"column":67}},"97":{"start":{"line":680,"column":43},"end":{"line":680,"column":67}},"98":{"start":{"line":681,"column":6},"end":{"line":685,"column":null}},"99":{"start":{"line":687,"column":27},"end":{"line":687,"column":52}},"100":{"start":{"line":689,"column":4},"end":{"line":689,"column":65}},"101":{"start":{"line":689,"column":16},"end":{"line":689,"column":63}},"102":{"start":{"line":691,"column":4},"end":{"line":691,"column":68}},"103":{"start":{"line":691,"column":16},"end":{"line":691,"column":66}},"104":{"start":{"line":693,"column":4},"end":{"line":697,"column":7}},"105":{"start":{"line":693,"column":16},"end":{"line":696,"column":null}},"106":{"start":{"line":695,"column":8},"end":{"line":695,"column":null}},"107":{"start":{"line":699,"column":4},"end":{"line":701,"column":7}},"108":{"start":{"line":699,"column":16},"end":{"line":700,"column":null}},"109":{"start":{"line":700,"column":39},"end":{"line":700,"column":77}},"110":{"start":{"line":703,"column":25},"end":{"line":703,"column":48}},"111":{"start":{"line":705,"column":4},"end":{"line":710,"column":null}},"112":{"start":{"line":706,"column":19},"end":{"line":706,"column":39}},"113":{"start":{"line":707,"column":6},"end":{"line":708,"column":null}},"114":{"start":{"line":707,"column":25},"end":{"line":707,"column":null}},"115":{"start":{"line":708,"column":11},"end":{"line":708,"column":null}},"116":{"start":{"line":709,"column":6},"end":{"line":709,"column":null}},"117":{"start":{"line":712,"column":4},"end":{"line":714,"column":6}},"118":{"start":{"line":716,"column":24},"end":{"line":716,"column":46}},"119":{"start":{"line":719,"column":4},"end":{"line":722,"column":7}},"120":{"start":{"line":719,"column":16},"end":{"line":722,"column":7}},"121":{"start":{"line":724,"column":4},"end":{"line":728,"column":null}},"122":{"start":{"line":725,"column":43},"end":{"line":725,"column":null}},"123":{"start":{"line":726,"column":44},"end":{"line":726,"column":null}},"124":{"start":{"line":727,"column":6},"end":{"line":727,"column":null}},"125":{"start":{"line":731,"column":4},"end":{"line":733,"column":6}},"126":{"start":{"line":732,"column":54},"end":{"line":732,"column":68}},"127":{"start":{"line":735,"column":4},"end":{"line":735,"column":73}},"128":{"start":{"line":735,"column":16},"end":{"line":735,"column":71}},"129":{"start":{"line":740,"column":4},"end":{"line":754,"column":null}},"130":{"start":{"line":741,"column":18},"end":{"line":741,"column":null}},"131":{"start":{"line":742,"column":6},"end":{"line":744,"column":null}},"132":{"start":{"line":743,"column":8},"end":{"line":743,"column":null}},"133":{"start":{"line":743,"column":39},"end":{"line":743,"column":null}},"134":{"start":{"line":744,"column":8},"end":{"line":744,"column":null}},"135":{"start":{"line":746,"column":6},"end":{"line":749,"column":null}},"136":{"start":{"line":747,"column":21},"end":{"line":747,"column":38}},"137":{"start":{"line":748,"column":8},"end":{"line":748,"column":null}},"138":{"start":{"line":749,"column":8},"end":{"line":749,"column":null}},"139":{"start":{"line":751,"column":6},"end":{"line":753,"column":null}},"140":{"start":{"line":756,"column":4},"end":{"line":760,"column":null}},"141":{"start":{"line":757,"column":19},"end":{"line":757,"column":36}},"142":{"start":{"line":758,"column":6},"end":{"line":758,"column":null}},"143":{"start":{"line":759,"column":6},"end":{"line":759,"column":null}},"144":{"start":{"line":761,"column":27},"end":{"line":761,"column":54}},"145":{"start":{"line":762,"column":28},"end":{"line":762,"column":56}},"146":{"start":{"line":764,"column":32},"end":{"line":764,"column":58}},"147":{"start":{"line":767,"column":4},"end":{"line":842,"column":null}},"148":{"start":{"line":772,"column":24},"end":{"line":772,"column":null}},"149":{"start":{"line":780,"column":6},"end":{"line":793,"column":null}},"150":{"start":{"line":781,"column":8},"end":{"line":781,"column":null}},"151":{"start":{"line":782,"column":8},"end":{"line":782,"column":null}},"152":{"start":{"line":783,"column":8},"end":{"line":783,"column":null}},"153":{"start":{"line":784,"column":8},"end":{"line":784,"column":null}},"154":{"start":{"line":786,"column":8},"end":{"line":786,"column":null}},"155":{"start":{"line":787,"column":8},"end":{"line":787,"column":null}},"156":{"start":{"line":788,"column":8},"end":{"line":788,"column":null}},"157":{"start":{"line":789,"column":19},"end":{"line":789,"column":null}},"158":{"start":{"line":790,"column":8},"end":{"line":793,"column":null}},"159":{"start":{"line":795,"column":6},"end":{"line":841,"column":null}},"160":{"start":{"line":844,"column":4},"end":{"line":853,"column":null}},"161":{"start":{"line":845,"column":18},"end":{"line":845,"column":null}},"162":{"start":{"line":846,"column":19},"end":{"line":846,"column":38}},"163":{"start":{"line":847,"column":6},"end":{"line":850,"column":null}},"164":{"start":{"line":848,"column":8},"end":{"line":848,"column":null}},"165":{"start":{"line":850,"column":8},"end":{"line":850,"column":null}},"166":{"start":{"line":852,"column":6},"end":{"line":852,"column":null}},"167":{"start":{"line":855,"column":20},"end":{"line":855,"column":62}},"168":{"start":{"line":855,"column":32},"end":{"line":855,"column":60}},"169":{"start":{"line":857,"column":4},"end":{"line":861,"column":null}},"170":{"start":{"line":858,"column":16},"end":{"line":858,"column":49}},"171":{"start":{"line":858,"column":37},"end":{"line":858,"column":49}},"172":{"start":{"line":859,"column":6},"end":{"line":859,"column":null}},"173":{"start":{"line":859,"column":13},"end":{"line":859,"column":null}},"174":{"start":{"line":860,"column":6},"end":{"line":860,"column":null}},"175":{"start":{"line":860,"column":46},"end":{"line":860,"column":58}},"176":{"start":{"line":864,"column":4},"end":{"line":882,"column":null}},"177":{"start":{"line":865,"column":33},"end":{"line":871,"column":null}},"178":{"start":{"line":872,"column":19},"end":{"line":872,"column":45}},"179":{"start":{"line":875,"column":8},"end":{"line":877,"column":null}},"180":{"start":{"line":878,"column":6},"end":{"line":881,"column":null}},"181":{"start":{"line":884,"column":4},"end":{"line":884,"column":65}},"182":{"start":{"line":884,"column":16},"end":{"line":884,"column":63}},"183":{"start":{"line":884,"column":49},"end":{"line":884,"column":61}},"184":{"start":{"line":887,"column":4},"end":{"line":887,"column":69}},"185":{"start":{"line":888,"column":28},"end":{"line":888,"column":61}},"186":{"start":{"line":890,"column":4},"end":{"line":890,"column":63}},"187":{"start":{"line":893,"column":4},"end":{"line":913,"column":null}},"188":{"start":{"line":894,"column":20},"end":{"line":894,"column":null}},"189":{"start":{"line":896,"column":19},"end":{"line":896,"column":62}},"190":{"start":{"line":897,"column":19},"end":{"line":897,"column":null}},"191":{"start":{"line":899,"column":8},"end":{"line":902,"column":null}},"192":{"start":{"line":903,"column":26},"end":{"line":903,"column":55}},"193":{"start":{"line":904,"column":6},"end":{"line":912,"column":null}},"194":{"start":{"line":915,"column":4},"end":{"line":932,"column":null}},"195":{"start":{"line":916,"column":20},"end":{"line":916,"column":null}},"196":{"start":{"line":917,"column":19},"end":{"line":917,"column":62}},"197":{"start":{"line":918,"column":19},"end":{"line":918,"column":null}},"198":{"start":{"line":919,"column":6},"end":{"line":925,"column":null}},"199":{"start":{"line":925,"column":8},"end":{"line":925,"column":null}},"200":{"start":{"line":927,"column":26},"end":{"line":927,"column":42}},"201":{"start":{"line":928,"column":6},"end":{"line":931,"column":null}},"202":{"start":{"line":934,"column":4},"end":{"line":944,"column":null}},"203":{"start":{"line":935,"column":6},"end":{"line":935,"column":null}},"204":{"start":{"line":935,"column":30},"end":{"line":935,"column":null}},"205":{"start":{"line":936,"column":16},"end":{"line":936,"column":null}},"206":{"start":{"line":937,"column":16},"end":{"line":937,"column":null}},"207":{"start":{"line":938,"column":6},"end":{"line":943,"column":null}},"208":{"start":{"line":946,"column":4},"end":{"line":956,"column":null}},"209":{"start":{"line":947,"column":6},"end":{"line":947,"column":null}},"210":{"start":{"line":947,"column":55},"end":{"line":947,"column":null}},"211":{"start":{"line":948,"column":16},"end":{"line":948,"column":null}},"212":{"start":{"line":949,"column":16},"end":{"line":949,"column":null}},"213":{"start":{"line":950,"column":6},"end":{"line":955,"column":null}},"214":{"start":{"line":958,"column":4},"end":{"line":958,"column":68}},"215":{"start":{"line":959,"column":30},"end":{"line":959,"column":58}},"216":{"start":{"line":962,"column":4},"end":{"line":962,"column":59}},"217":{"start":{"line":962,"column":16},"end":{"line":962,"column":57}},"218":{"start":{"line":964,"column":4},"end":{"line":966,"column":7}},"219":{"start":{"line":964,"column":16},"end":{"line":965,"column":null}},"220":{"start":{"line":968,"column":4},"end":{"line":973,"column":7}},"221":{"start":{"line":968,"column":16},"end":{"line":972,"column":null}},"222":{"start":{"line":975,"column":4},"end":{"line":977,"column":7}},"223":{"start":{"line":975,"column":16},"end":{"line":976,"column":null}},"224":{"start":{"line":979,"column":24},"end":{"line":979,"column":46}},"225":{"start":{"line":981,"column":4},"end":{"line":981,"column":null}},"226":{"start":{"line":981,"column":16},"end":{"line":981,"column":63}},"227":{"start":{"line":990,"column":18},"end":{"line":990,"column":47}},"228":{"start":{"line":990,"column":37},"end":{"line":990,"column":47}},"229":{"start":{"line":991,"column":20},"end":{"line":991,"column":51}},"230":{"start":{"line":991,"column":39},"end":{"line":991,"column":51}},"231":{"start":{"line":992,"column":15},"end":{"line":992,"column":46}},"232":{"start":{"line":992,"column":34},"end":{"line":992,"column":46}},"233":{"start":{"line":993,"column":20},"end":{"line":993,"column":56}},"234":{"start":{"line":993,"column":39},"end":{"line":993,"column":56}},"235":{"start":{"line":994,"column":2},"end":{"line":997,"column":null}},"236":{"start":{"line":994,"column":9},"end":{"line":995,"column":63}}},"fnMap":{"0":{"name":"semverGt","decl":{"start":{"line":35,"column":16},"end":{"line":35,"column":25}},"loc":{"start":{"line":35,"column":56},"end":{"line":51,"column":null}},"line":35},"1":{"name":"(anonymous_1)","decl":{"start":{"line":39,"column":8},"end":{"line":39,"column":18}},"loc":{"start":{"line":40,"column":4},"end":{"line":40,"column":null}},"line":40},"2":{"name":"(anonymous_2)","decl":{"start":{"line":41,"column":37},"end":{"line":41,"column":42}},"loc":{"start":{"line":41,"column":48},"end":{"line":41,"column":63}},"line":41},"3":{"name":"(anonymous_3)","decl":{"start":{"line":42,"column":37},"end":{"line":42,"column":42}},"loc":{"start":{"line":42,"column":48},"end":{"line":42,"column":63}},"line":42},"4":{"name":"selectUpdateAvailable","decl":{"start":{"line":57,"column":16},"end":{"line":57,"column":38}},"loc":{"start":{"line":60,"column":12},"end":{"line":66,"column":null}},"line":60},"5":{"name":"(anonymous_5)","decl":{"start":{"line":403,"column":27},"end":{"line":403,"column":45}},"loc":{"start":{"line":403,"column":59},"end":{"line":982,"column":3}},"line":403},"6":{"name":"(anonymous_6)","decl":{"start":{"line":478,"column":2},"end":{"line":478,"column":null}},"loc":{"start":{"line":479,"column":4},"end":{"line":479,"column":59}},"line":479},"7":{"name":"(anonymous_7)","decl":{"start":{"line":480,"column":2},"end":{"line":480,"column":16}},"loc":{"start":{"line":481,"column":4},"end":{"line":489,"column":7}},"line":481},"8":{"name":"(anonymous_8)","decl":{"start":{"line":481,"column":4},"end":{"line":481,"column":9}},"loc":{"start":{"line":481,"column":16},"end":{"line":489,"column":7}},"line":481},"9":{"name":"(anonymous_9)","decl":{"start":{"line":486,"column":32},"end":{"line":486,"column":38}},"loc":{"start":{"line":486,"column":44},"end":{"line":486,"column":71}},"line":486},"10":{"name":"(anonymous_10)","decl":{"start":{"line":490,"column":2},"end":{"line":490,"column":21}},"loc":{"start":{"line":491,"column":4},"end":{"line":491,"column":56}},"line":491},"11":{"name":"(anonymous_11)","decl":{"start":{"line":492,"column":2},"end":{"line":492,"column":18}},"loc":{"start":{"line":493,"column":4},"end":{"line":508,"column":6}},"line":493},"12":{"name":"(anonymous_12)","decl":{"start":{"line":510,"column":2},"end":{"line":510,"column":25}},"loc":{"start":{"line":510,"column":25},"end":{"line":510,"column":74}},"line":510},"13":{"name":"(anonymous_13)","decl":{"start":{"line":511,"column":2},"end":{"line":511,"column":13}},"loc":{"start":{"line":512,"column":4},"end":{"line":520,"column":7}},"line":512},"14":{"name":"(anonymous_14)","decl":{"start":{"line":512,"column":4},"end":{"line":512,"column":9}},"loc":{"start":{"line":512,"column":16},"end":{"li
[...]
ype":"if","locations":[{"start":{"line":162,"column":2},"end":{"line":162,"column":null}},{"start":{},"end":{}}],"line":162},"21":{"loc":{"start":{"line":165,"column":2},"end":{"line":187,"column":null}},"type":"if","locations":[{"start":{"line":165,"column":2},"end":{"line":187,"column":null}},{"start":{},"end":{}}],"line":165},"22":{"loc":{"start":{"line":165,"column":6},"end":{"line":165,"column":44}},"type":"binary-expr","locations":[{"start":{"line":165,"column":6},"end":{"line":165,"column":24}},{"start":{"line":165,"column":28},"end":{"line":165,"column":44}}],"line":165},"23":{"loc":{"start":{"line":169,"column":6},"end":{"line":174,"column":null}},"type":"if","locations":[{"start":{"line":169,"column":6},"end":{"line":174,"column":null}},{"start":{},"end":{}}],"line":169},"24":{"loc":{"start":{"line":177,"column":6},"end":{"line":179,"column":null}},"type":"if","locations":[{"start":{"line":177,"column":6},"end":{"line":179,"column":null}},{"start":{},"end":{}}],"line":177},"25":{"loc":{"start":{"line":185,"column":6},"end":{"line":185,"column":null}},"type":"if","locations":[{"start":{"line":185,"column":6},"end":{"line":185,"column":null}},{"start":{},"end":{}}],"line":185},"26":{"loc":{"start":{"line":187,"column":11},"end":{"line":187,"column":null}},"type":"cond-expr","locations":[{"start":{"line":187,"column":27},"end":{"line":187,"column":39}},{"start":{"line":187,"column":39},"end":{"line":187,"column":null}}],"line":187},"27":{"loc":{"start":{"line":198,"column":2},"end":{"line":198,"column":null}},"type":"if","locations":[{"start":{"line":198,"column":2},"end":{"line":198,"column":null}},{"start":{},"end":{}}],"line":198},"28":{"loc":{"start":{"line":199,"column":2},"end":{"line":199,"column":null}},"type":"if","locations":[{"start":{"line":199,"column":2},"end":{"line":199,"column":null}},{"start":{},"end":{}}],"line":199},"29":{"loc":{"start":{"line":200,"column":2},"end":{"line":205,"column":null}},"type":"if","locations":[{"start":{"line":200,"column":2},"end":{"line":205,"column":null}},{"start":{},"end":{}}],"line":200},"30":{"loc":{"start":{"line":201,"column":4},"end":{"line":201,"column":null}},"type":"if","locations":[{"start":{"line":201,"column":4},"end":{"line":201,"column":null}},{"start":{},"end":{}}],"line":201},"31":{"loc":{"start":{"line":201,"column":8},"end":{"line":201,"column":52}},"type":"binary-expr","locations":[{"start":{"line":201,"column":8},"end":{"line":201,"column":25}},{"start":{"line":201,"column":29},"end":{"line":201,"column":52}}],"line":201},"32":{"loc":{"start":{"line":203,"column":6},"end":{"line":203,"column":null}},"type":"if","locations":[{"start":{"line":203,"column":6},"end":{"line":203,"column":null}},{"start":{},"end":{}}],"line":203},"33":{"loc":{"start":{"line":207,"column":2},"end":{"line":215,"column":null}},"type":"if","locations":[{"start":{"line":207,"column":2},"end":{"line":215,"column":null}},{"start":{},"end":{}}],"line":207},"34":{"loc":{"start":{"line":207,"column":6},"end":{"line":207,"column":32}},"type":"binary-expr","locations":[{"start":{"line":207,"column":6},"end":{"line":207,"column":17}},{"start":{"line":207,"column":21},"end":{"line":207,"column":32}}],"line":207},"35":{"loc":{"start":{"line":210,"column":4},"end":{"line":210,"column":null}},"type":"if","locations":[{"start":{"line":210,"column":4},"end":{"line":210,"column":null}},{"start":{},"end":{}}],"line":210},"36":{"loc":{"start":{"line":212,"column":6},"end":{"line":212,"column":null}},"type":"if","locations":[{"start":{"line":212,"column":6},"end":{"line":212,"column":null}},{"start":{},"end":{}}],"line":212},"37":{"loc":{"start":{"line":213,"column":6},"end":{"line":213,"column":null}},"type":"if","locations":[{"start":{"line":213,"column":6},"end":{"line":213,"column":null}},{"start":{},"end":{}}],"line":213},"38":{"loc":{"start":{"line":221,"column":9},"end":{"line":221,"column":65}},"type":"binary-expr","locations":[{"start":{"line":221,"column":9},"end":{"line":221,"column":34}},{"start":{"line":221,"column":34},"end":{"line":221,"column":48}},{"start":{"line":221,"column":48},"end":{"line":221,"column":65}}],"line":221}},"s":{"0":1,"1":1,"2":6,"3":3,"4":3,"5":3,"6":15,"7":3,"8":12,"9":3,"10":3,"11":14,"12":6,"13":8,"14":2,"15":2,"16":3,"17":2,"18":1,"19":2,"20":1,"21":2,"22":6,"23":3,"24":3,"25":9,"26":3,"27":4,"28":4,"29":2,"30":1,"31":1,"32":1,"33":18,"34":0,"35":18,"36":18,"37":46,"38":16,"39":30,"40":8,"41":8,"42":44,"43":14,"44":30,"45":8,"46":6,"47":8,"48":22,"49":18,"50":9,"51":9,"52":9,"53":9,"54":9,"55":9,"56":9,"57":9,"58":1,"59":26,"60":8,"61":18,"62":14,"63":14,"64":14,"65":19,"66":2,"67":2,"68":2,"69":2,"70":17,"71":17,"72":10,"73":10,"74":14,"75":19,"76":2,"77":14,"78":4,"79":4,"80":83,"81":33,"82":50,"83":2,"84":48,"85":5,"86":3,"87":2,"88":2,"89":2,"90":0,"91":2,"92":43,"93":36,"94":36,"95":36,"96":4,"97":32,"98":57,"99":2,"100":55,"101":16,"102":14,"103":7,"104":155},"f":{"0":6,"1":4,"2":2,"3":1,"4":18,"5":9,"6":26,"7":83,"8":155},"b":{"0":[3,3],"1":[3,12],"2":[3,9],"3":[12,3],"4":[6,8],"5":[2,6],"6":[8,2],"7":[2,1],"8":[1,1],"9":[4,2],"10":[0,18],"11":[16,30],"12":[8,22],"13":[30,8],"14":[14,30],"15":[6,2],"16":[6,3],"17":[9,6],"18":[9,3],"19":[9,3],"20":[8,18],"21":[14,4],"22":[18,15],"23":[2,17],"24":[10,7],"25":[2,17],"26":[2,12],"27":[33,50],"28":[2,48],"29":[5,43],"30":[3,2],"31":[5,5],"32":[0,2],"33":[36,7],"34":[43,36],"35":[4,32],"36":[2,55],"37":[16,39],"38":[155,143,142]},"meta":{"lastBranch":39,"lastFunction":9,"lastStatement":105,"seen":{"s:24:24:33:2":0,"s:40:30:42:2":1,"f:44:16:44:34":0,"b:45:2:45:Infinity:undefined:undefined:undefined:undefined":0,"s:45:2:45:Infinity":2,"s:45:22:45:Infinity":3,"s:46:36:46:38":4,"s:47:2:69:Infinity":5,"b:48:4:48:Infinity:undefined:undefined:undefined:undefined":1,"s:48:4:48:Infinity":6,"s:48:24:48:Infinity":7,"b:49:4:67:Infinity:undefined:undefined:undefined:undefined":2,"s:49:4:67:Infinity":8,"b:49:8:49:28:49:28:49:39":3,"s:50:41:50:43":9,"s:51:6:64:Infinity":10,"b:52:8:52:Infinity:undefined:undefined:undefined:undefined":4,"s:52:8:52:Infinity":11,"s:52:37:52:Infinity":12,"b:53:8:62:Infinity:undefined:undefined:undefined:undefined":5,"s:53:8:62:Infinity":13,"b:53:12:53:36:53:36:53:48":6,"s:54:44:54:46":14,"s:55:10:57:Infinity":15,"b:56:12:56:Infinity:undefined:undefined:undefined:undefined":7,"s:56:12:56:Infinity":16,"s:56:47:56:Infinity":17,"s:57:12:57:Infinity":18,"b:61:10:61:Infinity:undefined:undefined:undefined:undefined":8,"s:61:10:61:Infinity":19,"s:61:43:61:Infinity":20,"s:62:10:62:Infinity":21,"s:64:8:64:Infinity":22,"s:66:6:66:Infinity":23,"s:67:6:67:Infinity":24,"s:69:4:69:Infinity":25,"s:71:2:71:Infinity":26,"f:74:16:74:26":1,"s:75:12:75:29":27,"s:76:2:76:Infinity":28,"b:76:10:76:15:76:15:76:Infinity":9,"f:79:16:79:25":2,"s:80:2:85:Infinity":29,"f:88:16:88:26":3,"s:89:2:89:Infinity":30,"s:111:22:111:53":31,"s:112:27:112:57":32,"f:114:9:114:23":4,"b:115:2:115:Infinity:undefined:undefined:undefined:undefined":10,"s:115:2:115:Infinity":33,"s:115:22:115:Infinity":34,"s:116:36:116:38":35,"s:117:2:128:Infinity":36,"b:118:4:118:Infinity:undefined:undefined:undefined:undefined":11,"s:118:4:118:Infinity":37,"s:118:30:118:Infinity":38,"b:119:4:126:Infinity:undefined:undefined:undefined:undefined":12,"s:119:4:126:Infinity":39,"b:119:8:119:28:119:28:119:39":13,"s:120:41:120:43":40,"s:121:6:123:Infinity":41,"b:122:8:122:Infinity:undefined:undefined:undefined:undefined":14,"s:122:8:122:Infinity":42,"s:122:40:122:Infinity":43,"s:123:8:123:Infinity":44,"b:125:6:125:Infinity:undefined:undefined:undefined:undefined":15,"s:125:6:125:Infinity":45,"s:125:40:125:Infinity":46,"s:126:6:126:Infinity":47,"s:128:4:128:Infinity":48,"s:130:2:130:Infinity":49,"f:133:16:133:28":5,"s:134:19:134:45":50,"s:135:17:135:41":51,"s:137:16:137:Infinity":52,"s:138:18:138:51":53,"s:140:4:140:61":54,"b:140:49:140:59:140:59:140:61":16,"b:140:4:140:29:140:29:140:46":17,"s:141:16:141:Infinity":55,"b:141:16:141:39:141:39:141:Infinity":18,"s:142:24:142:Infinity":56,"b:142:24:142:47:142:47:142:Infinity":19,"s:143:2:148:Infinity":57,"s:154:33:154:52":58,"f:157:9:157:Infinity":6,"b:162:2:162:Infinity:undefined:undefined:undefined:undefined":20,"s:162:2:162:Infinity":59,"s:162:35:162:Infinity":60,"b:165:2:187:Infinity:undefined:undefined:undefined:undefined":21,"s:165:2:187:Infinity":61,"b:165:6:165:24:165:28:165:44":22,"s:166:38:166:40":62,"s:167:18:167:Infinity":63,"s:168:4:179:Infinity":64,"b:169:6:174:Infinity:undefined:undefined:undefined:undefined":23,"s:169:6:174:Infinity":65,"s:171:8:171:Infinity":66,"s:172:8:172:Infinity":67,"s:173:8:173:Infinity":68,"s:174:8:174:Infinity":69,"s:176:18:176:50":70,"b:177:6:179:Infinity:undefined:undefined:undefined:undefined":24,"s:177:6:179:Infinity":71,"s:178:8:178:Infinity":72,"s:179:8:179:Infinity":73,"s:184:4:185:Infinity":74,"b:185:6:185:Infinity:undefined:undefined:undefined:undefined":25,"s:185:6:185:Infinity":75,"s:185:26:185:Infinity":76,"s:187:4:187:Infinity":77,"b:187:27:187:39:187:39:187:Infinity":26,"s:193:2:193:Infinity":78,"s:194:2:194:Infinity":79,"f:197:9:197:19":7,"b:198:2:198:Infinity:undefined:undefined:undefined:undefined":27,"s:198:2:198:Infinity":80,"s:198:15:198:Infinity":81,"b:199:2:199:Infinity:undefined:undefined:undefined:undefined":28,"s:199:2:199:Infinity":82,"s:199:29:199:Infinity":83,"b:200:2:205:Infinity:undefined:undefined:undefined:undefined":29,"s:200:2:205:Infinity":84,"b:201:4:201:Infinity:undefined:undefined:undefined:undefined":30,"s:201:4:201:Infinity":85,"b:201:8:201:25:201:29:201:52":31,"s:201:52:201:Infinity":86,"s:202:4:203:Infinity":87,"s:202:17:202:20":88,"b:203:6:203:Infinity:undefined:undefined:undefined:undefined":32,"s:203:6:203:Infinity":89,"s:203:36:203:Infinity":90,"s:205:4:205:Infinity":91,"b:207:2:215:Infinity:undefined:undefined:undefined:undefined":33,"s:207:2:215:Infinity":92,"b:207:6:207:17:207:21:207:32":34,"s:208:15:208:29":93,"s:209:15:209:29":94,"b:210:4:210:Infinity:undefined:undefined:undefined:undefined":35,"s:210:4:210:Infinity":95,"s:210:33:210:Infinity":96,"s:211:4:213:Infinity":97,"b:212:6:212:Infinity:undefined:undefined:undefined:undefined":36,"s:212:6:212:Infinity":98,"s:212:21:212:Infinity":99,"b:213:6:213:Infinity:undefined:undefined:undefined:undefined":37,"s:213:6:213:Infinity":100,"s:213:36:213:Infinity":101,"s:215:4:215:Infinity":102,"s:217:2:217:Infinity":103,"f:220:9:220:18":8,"s:221:2:221:Infinity":104,"b:221:9:221:34:221:34:221:48:221:48:221:65":38}}}
,"/home/zhey/sync/myrepo/ferrisscope/ui/src/lib/yamlTemplates.ts": {"path":"/home/zhey/sync/myrepo/ferrisscope/ui/src/lib/yamlTemplates.ts","statementMap":{"0":{"start":{"line":22,"column":19},"end":{"line":22,"column":null}},"1":{"start":{"line":46,"column":12},"end":{"line":46,"column":null}},"2":{"start":{"line":68,"column":20},"end":{"line":68,"column":null}},"3":{"start":{"line":103,"column":18},"end":{"line":103,"column":null}},"4":{"start":{"line":126,"column":12},"end":{"line":126,"column":null}},"5":{"start":{"line":142,"column":16},"end":{"line":142,"column":null}},"6":{"start":{"line":162,"column":16},"end":{"line":162,"column":null}},"7":{"start":{"line":178,"column":16},"end":{"line":178,"column":null}},"8":{"start":{"line":198,"column":23},"end":{"line":198,"column":null}},"9":{"start":{"line":209,"column":19},"end":{"line":209,"column":null}},"10":{"start":{"line":221,"column":15},"end":{"line":221,"column":null}},"11":{"start":{"line":232,"column":24},"end":{"line":232,"column":null}},"12":{"start":{"line":239,"column":12},"end":{"line":239,"column":null}},"13":{"start":{"line":251,"column":12},"end":{"line":251,"column":null}},"14":{"start":{"line":272,"column":13},"end":{"line":272,"column":null}},"15":{"start":{"line":283,"column":21},"end":{"line":283,"column":null}},"16":{"start":{"line":298,"column":21},"end":{"line":298,"column":null}},"17":{"start":{"line":308,"column":29},"end":{"line":308,"column":null}},"18":{"start":{"line":322,"column":18},"end":{"line":322,"column":null}},"19":{"start":{"line":328,"column":46},"end":{"line":348,"column":null}},"20":{"start":{"line":350,"column":40},"end":{"line":350,"column":null}},"21":{"start":{"line":353,"column":2},"end":{"line":355,"column":null}},"22":{"start":{"line":354,"column":33},"end":{"line":354,"column":47}},"23":{"start":{"line":355,"column":33},"end":{"line":355,"column":69}},"24":{"start":{"line":359,"column":64},"end":{"line":366,"column":null}}},"fnMap":{"0":{"name":"getYamlTemplate","decl":{"start":{"line":352,"column":16},"end":{"line":352,"column":32}},"loc":{"start":{"line":352,"column":58},"end":{"line":355,"column":null}},"line":352},"1":{"name":"(anonymous_1)","decl":{"start":{"line":354,"column":19},"end":{"line":354,"column":25}},"loc":{"start":{"line":354,"column":33},"end":{"line":354,"column":47}},"line":354},"2":{"name":"(anonymous_2)","decl":{"start":{"line":355,"column":19},"end":{"line":355,"column":25}},"loc":{"start":{"line":355,"column":33},"end":{"line":355,"column":69}},"line":355}},"branchMap":{"0":{"loc":{"start":{"line":354,"column":4},"end":{"line":355,"column":69}},"type":"binary-expr","locations":[{"start":{"line":354,"column":4},"end":{"line":354,"column":47}},{"start":{"line":355,"column":4},"end":{"line":355,"column":69}}],"line":354}},"s":{"0":1,"1":1,"2":1,"3":1,"4":1,"5":1,"6":1,"7":1,"8":1,"9":1,"10":1,"11":1,"12":1,"13":1,"14":1,"15":1,"16":1,"17":1,"18":1,"19":1,"20":1,"21":2,"22":20,"23":1,"24":1},"f":{"0":2,"1":20,"2":1},"b":{"0":[2,1]},"meta":{"lastBranch":1,"lastFunction":3,"lastStatement":25,"seen":{"s:22:19:22:Infinity":0,"s:46:12:46:Infinity":1,"s:68:20:68:Infinity":2,"s:103:18:103:Infinity":3,"s:126:12:126:Infinity":4,"s:142:16:142:Infinity":5,"s:162:16:162:Infinity":6,"s:178:16:178:Infinity":7,"s:198:23:198:Infinity":8,"s:209:19:209:Infinity":9,"s:221:15:221:Infinity":10,"s:232:24:232:Infinity":11,"s:239:12:239:Infinity":12,"s:251:12:251:Infinity":13,"s:272:13:272:Infinity":14,"s:283:21:283:Infinity":15,"s:298:21:298:Infinity":16,"s:308:29:308:Infinity":17,"s:322:18:322:Infinity":18,"s:328:46:348:Infinity":19,"s:350:40:350:Infinity":20,"f:352:16:352:32":0,"s:353:2:355:Infinity":21,"b:354:4:354:47:355:4:355:69":0,"f:354:19:354:25":1,"s:354:33:354:47":22,"f:355:19:355:25":2,"s:355:33:355:69":23,"s:359:64:366:Infinity":24}}}
,"/home/zhey/sync/myrepo/ferrisscope/ui/src/test/tauri-event-mock.ts": {"path":"/home/zhey/sync/myrepo/ferrisscope/ui/src/test/tauri-event-mock.ts","statementMap":{"0":{"start":{"line":11,"column":17},"end":{"line":11,"column":48}},"1":{"start":{"line":17,"column":14},"end":{"line":17,"column":46}},"2":{"start":{"line":18,"column":2},"end":{"line":18,"column":null}},"3":{"start":{"line":19,"column":2},"end":{"line":19,"column":null}},"4":{"start":{"line":20,"column":2},"end":{"line":21,"column":null}},"5":{"start":{"line":21,"column":4},"end":{"line":21,"column":null}},"6":{"start":{"line":26,"column":2},"end":{"line":26,"column":null}},"7":{"start":{"line":32,"column":14},"end":{"line":32,"column":33}},"8":{"start":{"line":33,"column":2},"end":{"line":33,"column":null}},"9":{"start":{"line":33,"column":12},"end":{"line":33,"column":null}},"10":{"start":{"line":34,"column":2},"end":{"line":34,"column":null}},"11":{"start":{"line":34,"column":23},"end":{"line":34,"column":null}},"12":{"start":{"line":38,"column":2},"end":{"line":38,"column":null}},"13":{"start":{"line":42,"column":2},"end":{"line":42,"column":null}}},"fnMap":{"0":{"name":"listen","decl":{"start":{"line":13,"column":22},"end":{"line":13,"column":null}},"loc":{"start":{"line":16,"column":23},"end":{"line":21,"column":null}},"line":16},"1":{"name":"(anonymous_1)","decl":{"start":{"line":20,"column":2},"end":{"line":20,"column":15}},"loc":{"start":{"line":20,"column":15},"end":{"line":21,"column":null}},"line":20},"2":{"name":"emit","decl":{"start":{"line":25,"column":22},"end":{"line":25,"column":27}},"loc":{"start":{"line":25,"column":76},"end":{"line":26,"column":null}},"line":25},"3":{"name":"emitMock","decl":{"start":{"line":31,"column":16},"end":{"line":31,"column":25}},"loc":{"start":{"line":31,"column":64},"end":{"line":34,"column":null}},"line":31},"4":{"name":"resetEventMock","decl":{"start":{"line":37,"column":16},"end":{"line":37,"column":39}},"loc":{"start":{"line":37,"column":39},"end":{"line":38,"column":null}},"line":37},"5":{"name":"listenerCount","decl":{"start":{"line":41,"column":16},"end":{"line":41,"column":30}},"loc":{"start":{"line":41,"column":53},"end":{"line":42,"column":null}},"line":41}},"branchMap":{"0":{"loc":{"start":{"line":17,"column":14},"end":{"line":17,"column":46}},"type":"binary-expr","locations":[{"start":{"line":17,"column":14},"end":{"line":17,"column":33}},{"start":{"line":17,"column":37},"end":{"line":17,"column":46}}],"line":17},"1":{"loc":{"start":{"line":33,"column":2},"end":{"line":33,"column":null}},"type":"if","locations":[{"start":{"line":33,"column":2},"end":{"line":33,"column":null}},{"start":{},"end":{}}],"line":33},"2":{"loc":{"start":{"line":42,"column":9},"end":{"line":42,"column":null}},"type":"binary-expr","locations":[{"start":{"line":42,"column":9},"end":{"line":42,"column":38}},{"start":{"line":42,"column":38},"end":{"line":42,"column":null}}],"line":42}},"s":{"0":7,"1":22,"2":22,"3":22,"4":22,"5":9,"6":0,"7":12,"8":12,"9":0,"10":12,"11":12,"12":21,"13":17},"f":{"0":22,"1":9,"2":0,"3":12,"4":21,"5":17},"b":{"0":[22,21],"1":[0,12],"2":[17,1]},"meta":{"lastBranch":3,"lastFunction":6,"lastStatement":14,"seen":{"s:11:17:11:48":0,"f:13:22:13:Infinity":0,"s:17:14:17:46":1,"b:17:14:17:33:17:37:17:46":0,"s:18:2:18:Infinity":2,"s:19:2:19:Infinity":3,"s:20:2:21:Infinity":4,"f:20:2:20:15":1,"s:21:4:21:Infinity":5,"f:25:22:25:27":2,"s:26:2:26:Infinity":6,"f:31:16:31:25":3,"s:32:14:32:33":7,"b:33:2:33:Infinity:undefined:undefined:undefined:undefined":1,"s:33:2:33:Infinity":8,"s:33:12:33:Infinity":9,"s:34:2:34:Infinity":10,"s:34:23:34:Infinity":11,"f:37:16:37:39":4,"s:38:2:38:Infinity":12,"f:41:16:41:30":5,"s:42:2:42:Infinity":13,"b:42:9:42:38:42:38:42:Infinity":2}}}
,"/home/zhey/sync/myrepo/ferrisscope/ui/src/test/tauri-mock.ts": {"path":"/home/zhey/sync/myrepo/ferrisscope/ui/src/test/tauri-mock.ts","statementMap":{"0":{"start":{"line":7,"column":4},"end":{"line":10,"column":null}},"1":{"start":{"line":10,"column":2},"end":{"line":10,"column":null}},"2":{"start":{"line":14,"column":2},"end":{"line":14,"column":null}},"3":{"start":{"line":18,"column":2},"end":{"line":19,"column":null}},"4":{"start":{"line":19,"column":4},"end":{"line":19,"column":null}},"5":{"start":{"line":27,"column":16},"end":{"line":27,"column":36}},"6":{"start":{"line":28,"column":2},"end":{"line":28,"column":null}}},"fnMap":{"0":{"name":"(anonymous_0)","decl":{"start":{"line":7,"column":4},"end":{"line":7,"column":33}},"loc":{"start":{"line":7,"column":33},"end":{"line":10,"column":null}},"line":7},"1":{"name":"setMockInvoke","decl":{"start":{"line":13,"column":16},"end":{"line":13,"column":30}},"loc":{"start":{"line":13,"column":51},"end":{"line":14,"column":null}},"line":13},"2":{"name":"resetMockInvoke","decl":{"start":{"line":17,"column":16},"end":{"line":17,"column":40}},"loc":{"start":{"line":17,"column":40},"end":{"line":19,"column":null}},"line":17},"3":{"name":"(anonymous_3)","decl":{"start":{"line":18,"column":2},"end":{"line":18,"column":20}},"loc":{"start":{"line":18,"column":20},"end":{"line":19,"column":null}},"line":18},"4":{"name":"invoke","decl":{"start":{"line":23,"column":22},"end":{"line":23,"column":null}},"loc":{"start":{"line":26,"column":14},"end":{"line":28,"column":null}},"line":26}},"branchMap":{},"s":{"0":7,"1":0,"2":101,"3":123,"4":0,"5":154,"6":154},"f":{"0":0,"1":101,"2":123,"3":0,"4":154},"b":{},"meta":{"lastBranch":0,"lastFunction":5,"lastStatement":7,"seen":{"s:7:4:10:Infinity":0,"f:7:4:7:33":0,"s:10:2:10:Infinity":1,"f:13:16:13:30":1,"s:14:2:14:Infinity":2,"f:17:16:17:40":2,"s:18:2:19:Infinity":3,"f:18:2:18:20":3,"s:19:4:19:Infinity":4,"f:23:22:23:Infinity":4,"s:27:16:27:36":5,"s:28:2:28:Infinity":6}}}
}
